SF:/CoreDocker/src/CoreDocker.Sdk/ConnectionFactory.cs
FN:14,CoreDocker.Sdk.RestApi.ICoreDockerClient CoreDocker.Sdk.ConnectionFactory::GetConnection()
FNDA:11,CoreDocker.Sdk.RestApi.ICoreDockerClient CoreDocker.Sdk.ConnectionFactory::GetConnection()
DA:15,11
DA:16,11
DA:17,11
FN:8,System.Void CoreDocker.Sdk.ConnectionFactory::.ctor(System.String)
FNDA:1,System.Void CoreDocker.Sdk.ConnectionFactory::.ctor(System.String)
DA:9,1
DA:10,1
DA:11,1
DA:12,1
LF:7
LH:7
BRF:0
BRH:0
FNF:2
FNH:2
end_of_record
SF:/CoreDocker/src/CoreDocker.Sdk/RestApi/CoreDockerClient.cs
FN:41,RestSharp.RestClient CoreDocker.Sdk.RestApi.CoreDockerClient::get_Client()
FNDA:6,RestSharp.RestClient CoreDocker.Sdk.RestApi.CoreDockerClient::get_Client()
DA:42,6
FN:43,System.String CoreDocker.Sdk.RestApi.CoreDockerClient::get_UrlBase()
FNDA:32,System.String CoreDocker.Sdk.RestApi.CoreDockerClient::get_UrlBase()
DA:44,32
FN:77,System.IObservable`1<GraphQL.GraphQLResponse`1<CoreDocker.Sdk.RestApi.CoreDockerClient/RealTimeEventResponse>> CoreDocker.Sdk.RestApi.CoreDockerClient::SendSubscribeGeneralEvents()
FNDA:1,System.IObservable`1<GraphQL.GraphQLResponse`1<CoreDocker.Sdk.RestApi.CoreDockerClient/RealTimeEventResponse>> CoreDocker.Sdk.RestApi.CoreDockerClient::SendSubscribeGeneralEvents()
DA:78,1
DA:79,1
DA:80,1
DA:81,1
FN:93,System.Void CoreDocker.Sdk.RestApi.CoreDockerClient::SetToken(CoreDocker.Shared.Models.Auth.TokenResponseModel)
FNDA:5,System.Void CoreDocker.Sdk.RestApi.CoreDockerClient::SetToken(CoreDocker.Shared.Models.Auth.TokenResponseModel)
DA:94,5
DA:95,5
DA:96,5
DA:97,5
DA:98,5
FN:100,GraphQL.Client.Http.GraphQLHttpClient CoreDocker.Sdk.RestApi.CoreDockerClient::GraphQlClient(System.String)
FNDA:16,GraphQL.Client.Http.GraphQLHttpClient CoreDocker.Sdk.RestApi.CoreDockerClient::GraphQlClient(System.String)
DA:101,16
DA:102,32
DA:103,32
DA:104,32
DA:105,32
DA:106,32
DA:107,16
DA:108,16
DA:109,16
DA:110,16
DA:111,16
DA:112,16
DA:113,16
DA:114,16
FN:134,CoreDocker.Sdk.RestApi.Clients.AuthenticateApiClient CoreDocker.Sdk.RestApi.CoreDockerClient::get_Authenticate()
FNDA:16,CoreDocker.Sdk.RestApi.Clients.AuthenticateApiClient CoreDocker.Sdk.RestApi.CoreDockerClient::get_Authenticate()
DA:135,16
FN:135,CoreDocker.Sdk.RestApi.Clients.PingApiClient CoreDocker.Sdk.RestApi.CoreDockerClient::get_Ping()
FNDA:12,CoreDocker.Sdk.RestApi.Clients.PingApiClient CoreDocker.Sdk.RestApi.CoreDockerClient::get_Ping()
DA:136,12
FN:138,CoreDocker.Sdk.RestApi.Clients.ProjectApiClient CoreDocker.Sdk.RestApi.CoreDockerClient::get_Projects()
FNDA:16,CoreDocker.Sdk.RestApi.Clients.ProjectApiClient CoreDocker.Sdk.RestApi.CoreDockerClient::get_Projects()
DA:139,16
FN:139,CoreDocker.Sdk.RestApi.Clients.UserApiClient CoreDocker.Sdk.RestApi.CoreDockerClient::get_Users()
FNDA:28,CoreDocker.Sdk.RestApi.Clients.UserApiClient CoreDocker.Sdk.RestApi.CoreDockerClient::get_Users()
DA:140,28
FN:30,System.Void CoreDocker.Sdk.RestApi.CoreDockerClient::.ctor(System.String)
FNDA:11,System.Void CoreDocker.Sdk.RestApi.CoreDockerClient::.ctor(System.String)
DA:31,11
DA:32,11
DA:33,11
DA:34,11
DA:35,11
DA:36,11
DA:37,11
DA:38,11
DA:39,11
DA:40,11
FN:26,System.Void CoreDocker.Sdk.RestApi.CoreDockerClient::.cctor()
FNDA:0,System.Void CoreDocker.Sdk.RestApi.CoreDockerClient::.cctor()
DA:27,0
BRDA:27,6,0,0
BRDA:27,6,1,0
FN:82,CoreDocker.Sdk.RestApi.CoreDockerClient/RealTimeEvent CoreDocker.Sdk.RestApi.CoreDockerClient/RealTimeEventResponse::get_OnDefaultEvent()
FNDA:6,CoreDocker.Sdk.RestApi.CoreDockerClient/RealTimeEvent CoreDocker.Sdk.RestApi.CoreDockerClient/RealTimeEventResponse::get_OnDefaultEvent()
DA:83,6
FN:86,System.String CoreDocker.Sdk.RestApi.CoreDockerClient/RealTimeEvent::get_Id()
FNDA:12,System.String CoreDocker.Sdk.RestApi.CoreDockerClient/RealTimeEvent::get_Id()
DA:87,12
FN:119,System.Void CoreDocker.Sdk.RestApi.CoreDockerClient/WithAuthHeader::.ctor(System.String)
FNDA:16,System.Void CoreDocker.Sdk.RestApi.CoreDockerClient/WithAuthHeader::.ctor(System.String)
DA:120,16
DA:121,16
DA:122,16
DA:123,16
FN:126,System.Void CoreDocker.Sdk.RestApi.CoreDockerClient/WithAuthHeader/<SendAsync>d__2::MoveNext()
FNDA:31,System.Void CoreDocker.Sdk.RestApi.CoreDockerClient/WithAuthHeader/<SendAsync>d__2::MoveNext()
DA:127,31
DA:128,59
DA:130,31
DA:131,31
BRDA:128,34,0,28
BRDA:128,34,1,31
FN:46,System.Void CoreDocker.Sdk.RestApi.CoreDockerClient/<GraphQlPost>d__9::MoveNext()
FNDA:0,System.Void CoreDocker.Sdk.RestApi.CoreDockerClient/<GraphQlPost>d__9::MoveNext()
DA:47,0
DA:48,0
DA:49,0
DA:50,0
DA:51,0
DA:52,0
BRDA:49,172,0,0
BRDA:49,172,1,0
BRDA:49,197,0,0
BRDA:49,197,1,0
FN:55,System.Void CoreDocker.Sdk.RestApi.CoreDockerClient/<Post>d__10`1::MoveNext()
FNDA:31,System.Void CoreDocker.Sdk.RestApi.CoreDockerClient/<Post>d__10`1::MoveNext()
DA:56,31
DA:58,31
DA:59,31
DA:60,26
DA:61,0
DA:62,26
DA:64,5
DA:65,5
DA:66,5
DA:67,5
DA:68,5
DA:69,5
DA:70,5
DA:71,0
DA:73,0
DA:75,26
BRDA:60,181,0,0
BRDA:60,181,1,26
BRDA:60,206,0,0
BRDA:60,206,1,26
BRDA:66,254,0,5
BRDA:66,254,1,0
BRDA:66,284,0,5
BRDA:69,320,0,5
BRDA:69,320,1,0
BRDA:69,345,0,5
BRDA:69,345,1,0
BRDA:66,284,1,0
LF:72
LH:62
BRF:20
BRH:8
FNF:17
FNH:15
end_of_record
SF:/CoreDocker/src/CoreDocker.Sdk/RestApi/GraphQlFragments.cs
FN:4,System.Void CoreDocker.Sdk.RestApi.GraphQlFragments::.cctor()
FNDA:1,System.Void CoreDocker.Sdk.RestApi.GraphQlFragments::.cctor()
DA:5,1
DA:6,1
DA:7,1
DA:8,1
DA:9,1
DA:10,1
DA:11,1
DA:12,1
DA:13,1
DA:14,1
LF:10
LH:10
BRF:0
BRH:0
FNF:1
FNH:1
end_of_record
SF:/CoreDocker/src/CoreDocker.Sdk/RestApi/GraphQlResponseException.cs
FN:15,GraphQL.GraphQLResponse`1<T> CoreDocker.Sdk.RestApi.GraphQlResponseException`1::get_GraphQlResponse()
FNDA:0,GraphQL.GraphQLResponse`1<T> CoreDocker.Sdk.RestApi.GraphQlResponseException`1::get_GraphQlResponse()
DA:16,0
FN:10,System.Void CoreDocker.Sdk.RestApi.GraphQlResponseException`1::.ctor(GraphQL.GraphQLResponse`1<T>)
FNDA:10,System.Void CoreDocker.Sdk.RestApi.GraphQlResponseException`1::.ctor(GraphQL.GraphQLResponse`1<T>)
DA:11,10
DA:12,5
DA:13,5
DA:14,5
BRDA:11,8,0,0
BRDA:11,8,1,5
BRDA:11,20,0,2
BRDA:11,20,1,5
LF:5
LH:4
BRF:4
BRH:3
FNF:2
FNH:1
end_of_record
SF:/CoreDocker/src/CoreDocker.Sdk/RestApi/Clients/AuthenticateApiClient.cs
FN:54,System.Void CoreDocker.Sdk.RestApi.Clients.AuthenticateApiClient::ValidateTokenResponse(RestSharp.RestResponse`1<T>)
FNDA:4,System.Void CoreDocker.Sdk.RestApi.Clients.AuthenticateApiClient::ValidateTokenResponse(RestSharp.RestResponse`1<T>)
DA:55,4
DA:56,4
DA:57,0
DA:58,0
DA:59,0
DA:60,0
DA:61,0
DA:62,0
DA:64,4
BRDA:56,19,0,0
BRDA:58,35,0,0
BRDA:58,35,1,0
BRDA:56,19,1,4
FN:18,System.Void CoreDocker.Sdk.RestApi.Clients.AuthenticateApiClient::.ctor(CoreDocker.Sdk.RestApi.CoreDockerClient)
FNDA:11,System.Void CoreDocker.Sdk.RestApi.Clients.AuthenticateApiClient::.ctor(CoreDocker.Sdk.RestApi.CoreDockerClient)
DA:19,11
DA:20,11
DA:21,11
DA:22,11
FN:70,System.Collections.Generic.List`1<System.Collections.Generic.Dictionary`2<System.String,System.Object>> CoreDocker.Sdk.RestApi.Clients.AuthenticateApiClient/Jwks::get_Keys()
FNDA:4,System.Collections.Generic.List`1<System.Collections.Generic.Dictionary`2<System.String,System.Object>> CoreDocker.Sdk.RestApi.Clients.AuthenticateApiClient/Jwks::get_Keys()
DA:71,4
FN:81,System.String CoreDocker.Sdk.RestApi.Clients.AuthenticateApiClient/TokenErrorMessage::get_Error()
FNDA:0,System.String CoreDocker.Sdk.RestApi.Clients.AuthenticateApiClient/TokenErrorMessage::get_Error()
DA:82,0
FN:83,System.String CoreDocker.Sdk.RestApi.Clients.AuthenticateApiClient/TokenErrorMessage::get_ErrorDescription()
FNDA:0,System.String CoreDocker.Sdk.RestApi.Clients.AuthenticateApiClient/TokenErrorMessage::get_ErrorDescription()
DA:84,0
FN:24,System.Void CoreDocker.Sdk.RestApi.Clients.AuthenticateApiClient/<GetConfigAsync>d__2::MoveNext()
FNDA:1,System.Void CoreDocker.Sdk.RestApi.Clients.AuthenticateApiClient/<GetConfigAsync>d__2::MoveNext()
DA:25,1
DA:26,1
DA:27,1
DA:28,1
DA:29,1
BRDA:28,194,0,0
BRDA:28,194,1,1
FN:39,System.Void CoreDocker.Sdk.RestApi.Clients.AuthenticateApiClient/<GetToken>d__4::MoveNext()
FNDA:4,System.Void CoreDocker.Sdk.RestApi.Clients.AuthenticateApiClient/<GetToken>d__4::MoveNext()
DA:40,4
DA:41,4
DA:42,4
DA:43,4
DA:44,4
DA:45,4
DA:46,4
DA:47,4
DA:49,4
DA:50,4
DA:51,4
DA:52,4
FN:31,System.Void CoreDocker.Sdk.RestApi.Clients.AuthenticateApiClient/<Login>d__3::MoveNext()
FNDA:4,System.Void CoreDocker.Sdk.RestApi.Clients.AuthenticateApiClient/<Login>d__3::MoveNext()
DA:32,4
DA:33,4
DA:34,4
DA:35,4
DA:36,4
DA:37,4
LF:39
LH:31
BRF:6
BRH:2
FNF:8
FNH:6
end_of_record
SF:/CoreDocker/src/CoreDocker.Sdk/RestApi/Clients/PingApiClient.cs
FN:11,System.Void CoreDocker.Sdk.RestApi.Clients.PingApiClient::.ctor(CoreDocker.Sdk.RestApi.CoreDockerClient)
FNDA:11,System.Void CoreDocker.Sdk.RestApi.Clients.PingApiClient::.ctor(CoreDocker.Sdk.RestApi.CoreDockerClient)
DA:12,11
DA:13,11
DA:14,11
FN:16,System.Void CoreDocker.Sdk.RestApi.Clients.PingApiClient/<Get>d__1::MoveNext()
FNDA:1,System.Void CoreDocker.Sdk.RestApi.Clients.PingApiClient/<Get>d__1::MoveNext()
DA:17,1
DA:18,1
DA:19,1
DA:20,1
DA:21,1
LF:8
LH:8
BRF:0
BRH:0
FNF:2
FNH:2
end_of_record
SF:/CoreDocker/src/CoreDocker.Sdk/RestApi/Clients/ProjectApiClient.cs
FN:14,System.Void CoreDocker.Sdk.RestApi.Clients.ProjectApiClient::.ctor(CoreDocker.Sdk.RestApi.CoreDockerClient)
FNDA:11,System.Void CoreDocker.Sdk.RestApi.Clients.ProjectApiClient::.ctor(CoreDocker.Sdk.RestApi.CoreDockerClient)
DA:15,11
DA:16,11
DA:17,11
FN:130,CoreDocker.Sdk.RestApi.Clients.ProjectApiClient/Response/ResponseData CoreDocker.Sdk.RestApi.Clients.ProjectApiClient/Response::get_Projects()
FNDA:27,CoreDocker.Sdk.RestApi.Clients.ProjectApiClient/Response/ResponseData CoreDocker.Sdk.RestApi.Clients.ProjectApiClient/Response::get_Projects()
DA:131,27
FN:133,CoreDocker.Shared.Models.PagedResult`1<CoreDocker.Shared.Models.Projects.ProjectModel> CoreDocker.Sdk.RestApi.Clients.ProjectApiClient/Response/ResponseData::get_Paged()
FNDA:12,CoreDocker.Shared.Models.PagedResult`1<CoreDocker.Shared.Models.Projects.ProjectModel> CoreDocker.Sdk.RestApi.Clients.ProjectApiClient/Response/ResponseData::get_Paged()
DA:134,12
FN:134,CoreDocker.Shared.Models.Projects.ProjectModel CoreDocker.Sdk.RestApi.Clients.ProjectApiClient/Response/ResponseData::get_ById()
FNDA:6,CoreDocker.Shared.Models.Projects.ProjectModel CoreDocker.Sdk.RestApi.Clients.ProjectApiClient/Response/ResponseData::get_ById()
DA:135,6
FN:135,CoreDocker.Shared.Models.Users.CommandResultModel CoreDocker.Sdk.RestApi.Clients.ProjectApiClient/Response/ResponseData::get_Create()
FNDA:3,CoreDocker.Shared.Models.Users.CommandResultModel CoreDocker.Sdk.RestApi.Clients.ProjectApiClient/Response/ResponseData::get_Create()
DA:136,3
FN:136,CoreDocker.Shared.Models.Users.CommandResultModel CoreDocker.Sdk.RestApi.Clients.ProjectApiClient/Response/ResponseData::get_Update()
FNDA:3,CoreDocker.Shared.Models.Users.CommandResultModel CoreDocker.Sdk.RestApi.Clients.ProjectApiClient/Response/ResponseData::get_Update()
DA:137,3
FN:137,CoreDocker.Shared.Models.Users.CommandResultModel CoreDocker.Sdk.RestApi.Clients.ProjectApiClient/Response/ResponseData::get_Remove()
FNDA:3,CoreDocker.Shared.Models.Users.CommandResultModel CoreDocker.Sdk.RestApi.Clients.ProjectApiClient/Response/ResponseData::get_Remove()
DA:138,3
FN:19,System.Void CoreDocker.Sdk.RestApi.Clients.ProjectApiClient/<All>d__1::MoveNext()
FNDA:3,System.Void CoreDocker.Sdk.RestApi.Clients.ProjectApiClient/<All>d__1::MoveNext()
DA:20,3
DA:21,3
DA:22,3
DA:23,3
DA:24,3
DA:25,3
DA:26,3
DA:27,3
DA:28,3
DA:29,3
DA:30,3
DA:31,3
DA:32,3
DA:33,3
DA:35,3
DA:36,3
FN:56,System.Void CoreDocker.Sdk.RestApi.Clients.ProjectApiClient/<ById>d__3::MoveNext()
FNDA:2,System.Void CoreDocker.Sdk.RestApi.Clients.ProjectApiClient/<ById>d__3::MoveNext()
DA:57,2
DA:58,2
DA:59,2
DA:60,2
DA:61,2
DA:62,2
DA:63,2
DA:64,2
DA:65,2
DA:66,2
DA:67,2
DA:68,2
DA:69,2
DA:70,2
DA:71,2
FN:73,System.Void CoreDocker.Sdk.RestApi.Clients.ProjectApiClient/<Create>d__4::MoveNext()
FNDA:3,System.Void CoreDocker.Sdk.RestApi.Clients.ProjectApiClient/<Create>d__4::MoveNext()
DA:74,3
DA:75,3
DA:76,3
DA:77,3
DA:78,3
DA:79,3
DA:80,3
DA:81,3
DA:82,3
DA:83,3
DA:84,3
DA:85,3
DA:86,3
DA:87,3
DA:88,1
DA:89,1
FN:38,System.Void CoreDocker.Sdk.RestApi.Clients.ProjectApiClient/<Paged>d__2::MoveNext()
FNDA:1,System.Void CoreDocker.Sdk.RestApi.Clients.ProjectApiClient/<Paged>d__2::MoveNext()
DA:39,1
DA:40,1
DA:41,1
DA:42,1
DA:43,1
DA:44,1
DA:45,1
DA:46,1
DA:47,1
DA:48,1
DA:49,1
DA:50,1
DA:51,1
DA:52,1
DA:53,1
DA:54,1
FN:110,System.Void CoreDocker.Sdk.RestApi.Clients.ProjectApiClient/<Remove>d__6::MoveNext()
FNDA:1,System.Void CoreDocker.Sdk.RestApi.Clients.ProjectApiClient/<Remove>d__6::MoveNext()
DA:111,1
DA:112,1
DA:113,1
DA:114,1
DA:115,1
DA:116,1
DA:117,1
DA:118,1
DA:119,1
DA:120,1
DA:121,1
DA:122,1
DA:123,1
DA:125,1
DA:126,1
FN:91,System.Void CoreDocker.Sdk.RestApi.Clients.ProjectApiClient/<Update>d__5::MoveNext()
FNDA:1,System.Void CoreDocker.Sdk.RestApi.Clients.ProjectApiClient/<Update>d__5::MoveNext()
DA:92,1
DA:93,1
DA:94,1
DA:95,1
DA:96,1
DA:97,1
DA:98,1
DA:99,1
DA:100,1
DA:101,1
DA:102,1
DA:103,1
DA:104,1
DA:105,1
DA:107,1
DA:108,1
LF:103
LH:103
BRF:0
BRH:0
FNF:13
FNH:13
end_of_record
SF:/CoreDocker/src/CoreDocker.Sdk/RestApi/Clients/UserApiClient.cs
FN:15,System.Void CoreDocker.Sdk.RestApi.Clients.UserApiClient::.ctor(CoreDocker.Sdk.RestApi.CoreDockerClient)
FNDA:11,System.Void CoreDocker.Sdk.RestApi.Clients.UserApiClient::.ctor(CoreDocker.Sdk.RestApi.CoreDockerClient)
DA:16,11
DA:17,11
DA:18,11
FN:177,CoreDocker.Sdk.RestApi.Clients.UserApiClient/Response/ResponseData CoreDocker.Sdk.RestApi.Clients.UserApiClient/Response::get_Users()
FNDA:68,CoreDocker.Sdk.RestApi.Clients.UserApiClient/Response/ResponseData CoreDocker.Sdk.RestApi.Clients.UserApiClient/Response::get_Users()
DA:178,68
FN:181,CoreDocker.Shared.Models.Users.CommandResultModel CoreDocker.Sdk.RestApi.Clients.UserApiClient/Response/ResponseData::get_Register()
FNDA:20,CoreDocker.Shared.Models.Users.CommandResultModel CoreDocker.Sdk.RestApi.Clients.UserApiClient/Response/ResponseData::get_Register()
DA:182,20
FN:182,CoreDocker.Shared.Models.Users.UserModel CoreDocker.Sdk.RestApi.Clients.UserApiClient/Response/ResponseData::get_Me()
FNDA:26,CoreDocker.Shared.Models.Users.UserModel CoreDocker.Sdk.RestApi.Clients.UserApiClient/Response/ResponseData::get_Me()
DA:183,26
FN:183,System.Collections.Generic.List`1<CoreDocker.Shared.Models.Users.RoleModel> CoreDocker.Sdk.RestApi.Clients.UserApiClient/Response/ResponseData::get_Roles()
FNDA:20,System.Collections.Generic.List`1<CoreDocker.Shared.Models.Users.RoleModel> CoreDocker.Sdk.RestApi.Clients.UserApiClient/Response/ResponseData::get_Roles()
DA:184,20
FN:184,CoreDocker.Shared.Models.PagedResult`1<CoreDocker.Shared.Models.Users.UserModel> CoreDocker.Sdk.RestApi.Clients.UserApiClient/Response/ResponseData::get_Paged()
FNDA:23,CoreDocker.Shared.Models.PagedResult`1<CoreDocker.Shared.Models.Users.UserModel> CoreDocker.Sdk.RestApi.Clients.UserApiClient/Response/ResponseData::get_Paged()
DA:185,23
FN:185,CoreDocker.Shared.Models.Users.UserModel CoreDocker.Sdk.RestApi.Clients.UserApiClient/Response/ResponseData::get_ById()
FNDA:29,CoreDocker.Shared.Models.Users.UserModel CoreDocker.Sdk.RestApi.Clients.UserApiClient/Response/ResponseData::get_ById()
DA:186,29
FN:186,CoreDocker.Shared.Models.Users.CommandResultModel CoreDocker.Sdk.RestApi.Clients.UserApiClient/Response/ResponseData::get_Create()
FNDA:23,CoreDocker.Shared.Models.Users.CommandResultModel CoreDocker.Sdk.RestApi.Clients.UserApiClient/Response/ResponseData::get_Create()
DA:187,23
FN:187,CoreDocker.Shared.Models.Users.CommandResultModel CoreDocker.Sdk.RestApi.Clients.UserApiClient/Response/ResponseData::get_Update()
FNDA:20,CoreDocker.Shared.Models.Users.CommandResultModel CoreDocker.Sdk.RestApi.Clients.UserApiClient/Response/ResponseData::get_Update()
DA:188,20
FN:188,CoreDocker.Shared.Models.Users.CommandResultModel CoreDocker.Sdk.RestApi.Clients.UserApiClient/Response/ResponseData::get_Remove()
FNDA:26,CoreDocker.Shared.Models.Users.CommandResultModel CoreDocker.Sdk.RestApi.Clients.UserApiClient/Response/ResponseData::get_Remove()
DA:189,26
FN:36,System.Void CoreDocker.Sdk.RestApi.Clients.UserApiClient/<ById>d__2::MoveNext()
FNDA:4,System.Void CoreDocker.Sdk.RestApi.Clients.UserApiClient/<ById>d__2::MoveNext()
DA:37,4
DA:38,4
DA:39,4
DA:40,4
DA:41,4
DA:42,4
DA:43,4
DA:44,4
DA:45,4
DA:46,4
DA:47,4
DA:48,4
DA:49,4
DA:50,4
DA:51,4
FN:69,System.Void CoreDocker.Sdk.RestApi.Clients.UserApiClient/<Create>d__4::MoveNext()
FNDA:4,System.Void CoreDocker.Sdk.RestApi.Clients.UserApiClient/<Create>d__4::MoveNext()
DA:70,4
DA:71,4
DA:72,4
DA:73,4
DA:74,4
DA:75,4
DA:76,4
DA:77,4
DA:78,4
DA:79,4
DA:80,4
DA:81,4
DA:82,4
DA:83,2
DA:84,2
FN:20,System.Void CoreDocker.Sdk.RestApi.Clients.UserApiClient/<List>d__1::MoveNext()
FNDA:1,System.Void CoreDocker.Sdk.RestApi.Clients.UserApiClient/<List>d__1::MoveNext()
DA:21,1
DA:22,1
DA:23,1
DA:24,1
DA:25,1
DA:26,1
DA:27,1
DA:28,1
DA:29,1
DA:30,1
DA:31,1
DA:32,1
DA:33,1
DA:34,1
FN:53,System.Void CoreDocker.Sdk.RestApi.Clients.UserApiClient/<Me>d__3::MoveNext()
FNDA:4,System.Void CoreDocker.Sdk.RestApi.Clients.UserApiClient/<Me>d__3::MoveNext()
DA:54,4
DA:55,4
DA:56,4
DA:57,4
DA:58,4
DA:59,4
DA:60,4
DA:61,4
DA:62,4
DA:63,4
DA:64,4
DA:65,4
DA:66,3
DA:67,3
FN:157,System.Void CoreDocker.Sdk.RestApi.Clients.UserApiClient/<Paged>d__9::MoveNext()
FNDA:1,System.Void CoreDocker.Sdk.RestApi.Clients.UserApiClient/<Paged>d__9::MoveNext()
DA:158,1
DA:159,1
DA:160,1
DA:161,1
DA:162,1
DA:163,1
DA:164,1
DA:165,1
DA:166,1
DA:167,1
DA:168,1
DA:169,1
DA:170,1
DA:171,1
DA:172,1
DA:173,1
FN:86,System.Void CoreDocker.Sdk.RestApi.Clients.UserApiClient/<Register>d__5::MoveNext()
FNDA:1,System.Void CoreDocker.Sdk.RestApi.Clients.UserApiClient/<Register>d__5::MoveNext()
DA:87,1
DA:88,1
DA:89,1
DA:90,1
DA:91,1
DA:92,1
DA:93,1
DA:94,1
DA:95,1
DA:96,1
DA:97,1
DA:98,1
DA:99,1
DA:100,1
DA:101,1
FN:121,System.Void CoreDocker.Sdk.RestApi.Clients.UserApiClient/<Remove>d__7::MoveNext()
FNDA:3,System.Void CoreDocker.Sdk.RestApi.Clients.UserApiClient/<Remove>d__7::MoveNext()
DA:122,3
DA:123,3
DA:124,3
DA:125,3
DA:126,3
DA:127,3
DA:128,3
DA:129,3
DA:130,3
DA:131,3
DA:132,3
DA:133,3
DA:134,3
DA:136,3
DA:137,3
FN:140,System.Void CoreDocker.Sdk.RestApi.Clients.UserApiClient/<Roles>d__8::MoveNext()
FNDA:1,System.Void CoreDocker.Sdk.RestApi.Clients.UserApiClient/<Roles>d__8::MoveNext()
DA:141,1
DA:142,1
DA:143,1
DA:144,1
DA:145,1
DA:146,1
DA:147,1
DA:148,1
DA:149,1
DA:150,1
DA:151,1
DA:152,1
DA:153,1
DA:154,1
FN:103,System.Void CoreDocker.Sdk.RestApi.Clients.UserApiClient/<Update>d__6::MoveNext()
FNDA:1,System.Void CoreDocker.Sdk.RestApi.Clients.UserApiClient/<Update>d__6::MoveNext()
DA:104,1
DA:105,1
DA:106,1
DA:107,1
DA:108,1
DA:109,1
DA:110,1
DA:111,1
DA:112,1
DA:113,1
DA:114,1
DA:115,1
DA:116,1
DA:118,1
DA:119,1
LF:145
LH:145
BRF:0
BRH:0
FNF:19
FNH:19
end_of_record
SF:/CoreDocker/src/CoreDocker.Sdk/RestApi/Base/BaseApiClient.cs
FN:23,System.String CoreDocker.Sdk.RestApi.Base.BaseApiClient::DefaultUrl(System.String)
FNDA:1,System.String CoreDocker.Sdk.RestApi.Base.BaseApiClient::DefaultUrl(System.String)
DA:24,1
DA:25,1
DA:26,1
BRDA:25,25,0,1
BRDA:25,25,1,1
FN:28,System.String CoreDocker.Sdk.RestApi.Base.BaseApiClient::DefaultTokenUrl(System.String)
FNDA:4,System.String CoreDocker.Sdk.RestApi.Base.BaseApiClient::DefaultTokenUrl(System.String)
DA:29,4
DA:30,4
DA:31,4
BRDA:30,25,0,0
BRDA:30,25,1,4
FN:33,T CoreDocker.Sdk.RestApi.Base.BaseApiClient::ValidateResponse(RestSharp.RestResponse`1<T>)
FNDA:5,T CoreDocker.Sdk.RestApi.Base.BaseApiClient::ValidateResponse(RestSharp.RestResponse`1<T>)
DA:34,5
DA:35,5
DA:36,0
DA:37,0
DA:38,0
DA:39,0
DA:40,0
DA:43,0
DA:44,0
DA:47,5
DA:48,0
DA:49,0
DA:50,0
DA:53,5
DA:54,5
BRDA:35,19,0,0
BRDA:37,35,0,0
BRDA:37,35,1,0
BRDA:35,19,1,5
BRDA:47,130,0,0
BRDA:47,130,1,5
FN:16,System.Void CoreDocker.Sdk.RestApi.Base.BaseApiClient::.ctor(CoreDocker.Sdk.RestApi.CoreDockerClient,System.String)
FNDA:44,System.Void CoreDocker.Sdk.RestApi.Base.BaseApiClient::.ctor(CoreDocker.Sdk.RestApi.CoreDockerClient,System.String)
DA:17,44
DA:18,44
DA:19,44
DA:20,44
DA:21,44
FN:56,System.Void CoreDocker.Sdk.RestApi.Base.BaseApiClient/<ExecuteAndValidate>d__6`1::MoveNext()
FNDA:0,System.Void CoreDocker.Sdk.RestApi.Base.BaseApiClient/<ExecuteAndValidate>d__6`1::MoveNext()
DA:57,0
DA:58,0
DA:59,0
DA:60,0
FN:62,System.Void CoreDocker.Sdk.RestApi.Base.BaseApiClient/<ExecuteAndValidateBool>d__7::MoveNext()
FNDA:0,System.Void CoreDocker.Sdk.RestApi.Base.BaseApiClient/<ExecuteAndValidateBool>d__7::MoveNext()
DA:63,0
DA:64,0
DA:65,0
DA:66,0
DA:67,0
LF:35
LH:16
BRF:10
BRH:5
FNF:6
FNH:4
end_of_record
SF:/CoreDocker/src/CoreDocker.Sdk/RestApi/Base/BaseCrudApiClient.cs
FN:15,System.Void CoreDocker.Sdk.RestApi.Base.BaseCrudApiClient`3::.ctor(CoreDocker.Sdk.RestApi.CoreDockerClient,System.String)
FNDA:0,System.Void CoreDocker.Sdk.RestApi.Base.BaseCrudApiClient`3::.ctor(CoreDocker.Sdk.RestApi.CoreDockerClient,System.String)
DA:16,0
DA:17,0
DA:18,0
FN:45,System.Void CoreDocker.Sdk.RestApi.Base.BaseCrudApiClient`3/<Delete>d__4::MoveNext()
FNDA:0,System.Void CoreDocker.Sdk.RestApi.Base.BaseCrudApiClient`3/<Delete>d__4::MoveNext()
DA:46,0
DA:47,0
DA:48,0
DA:49,0
DA:50,0
FN:22,System.Void CoreDocker.Sdk.RestApi.Base.BaseCrudApiClient`3/<GetById>d__1::MoveNext()
FNDA:0,System.Void CoreDocker.Sdk.RestApi.Base.BaseCrudApiClient`3/<GetById>d__1::MoveNext()
DA:23,0
DA:24,0
DA:25,0
DA:26,0
DA:27,0
FN:29,System.Void CoreDocker.Sdk.RestApi.Base.BaseCrudApiClient`3/<Insert>d__2::MoveNext()
FNDA:0,System.Void CoreDocker.Sdk.RestApi.Base.BaseCrudApiClient`3/<Insert>d__2::MoveNext()
DA:30,0
DA:31,0
DA:32,0
DA:33,0
DA:34,0
DA:35,0
FN:37,System.Void CoreDocker.Sdk.RestApi.Base.BaseCrudApiClient`3/<Update>d__3::MoveNext()
FNDA:0,System.Void CoreDocker.Sdk.RestApi.Base.BaseCrudApiClient`3/<Update>d__3::MoveNext()
DA:38,0
DA:39,0
DA:40,0
DA:41,0
DA:42,0
DA:43,0
LF:25
LH:0
BRF:0
BRH:0
FNF:5
FNH:0
end_of_record
SF:/CoreDocker/src/CoreDocker.Sdk/RestApi/Base/BaseGetApiClient.cs
FN:60,System.String CoreDocker.Sdk.RestApi.Base.BaseGetApiClient`2::EnsureHasInlinecount(System.String)
FNDA:0,System.String CoreDocker.Sdk.RestApi.Base.BaseGetApiClient`2::EnsureHasInlinecount(System.String)
DA:61,0
DA:62,0
DA:63,0
DA:64,0
DA:65,0
BRDA:62,2,0,0
BRDA:62,2,1,0
BRDA:62,23,0,0
BRDA:62,23,1,0
FN:71,System.Threading.Tasks.Task`1<System.Collections.Generic.IEnumerable`1<TReferenceModel>> CoreDocker.Sdk.RestApi.Base.BaseGetApiClient`2::Get()
FNDA:0,System.Threading.Tasks.Task`1<System.Collections.Generic.IEnumerable`1<TReferenceModel>> CoreDocker.Sdk.RestApi.Base.BaseGetApiClient`2::Get()
DA:72,0
DA:73,0
DA:74,0
FN:76,System.Threading.Tasks.Task`1<System.Collections.Generic.IEnumerable`1<TModel>> CoreDocker.Sdk.RestApi.Base.BaseGetApiClient`2::GetDetail()
FNDA:0,System.Threading.Tasks.Task`1<System.Collections.Generic.IEnumerable`1<TModel>> CoreDocker.Sdk.RestApi.Base.BaseGetApiClient`2::GetDetail()
DA:77,0
DA:78,0
DA:79,0
FN:16,System.Void CoreDocker.Sdk.RestApi.Base.BaseGetApiClient`2::.ctor(CoreDocker.Sdk.RestApi.CoreDockerClient,System.String)
FNDA:0,System.Void CoreDocker.Sdk.RestApi.Base.BaseGetApiClient`2::.ctor(CoreDocker.Sdk.RestApi.CoreDockerClient,System.String)
DA:17,0
DA:18,0
DA:19,0
FN:40,System.Void CoreDocker.Sdk.RestApi.Base.BaseGetApiClient`2/<Get>d__3::MoveNext()
FNDA:0,System.Void CoreDocker.Sdk.RestApi.Base.BaseGetApiClient`2/<Get>d__3::MoveNext()
DA:41,0
DA:42,0
DA:43,0
DA:44,0
DA:45,0
DA:46,0
FN:48,System.Void CoreDocker.Sdk.RestApi.Base.BaseGetApiClient`2/<GetDetail>d__4::MoveNext()
FNDA:0,System.Void CoreDocker.Sdk.RestApi.Base.BaseGetApiClient`2/<GetDetail>d__4::MoveNext()
DA:49,0
DA:50,0
DA:51,0
DA:52,0
DA:53,0
DA:54,0
FN:31,System.Void CoreDocker.Sdk.RestApi.Base.BaseGetApiClient`2/<GetDetailPaged>d__2::MoveNext()
FNDA:0,System.Void CoreDocker.Sdk.RestApi.Base.BaseGetApiClient`2/<GetDetailPaged>d__2::MoveNext()
DA:32,0
DA:33,0
DA:34,0
DA:35,0
DA:36,0
DA:37,0
DA:38,0
FN:23,System.Void CoreDocker.Sdk.RestApi.Base.BaseGetApiClient`2/<GetPaged>d__1::MoveNext()
FNDA:0,System.Void CoreDocker.Sdk.RestApi.Base.BaseGetApiClient`2/<GetPaged>d__1::MoveNext()
DA:24,0
DA:25,0
DA:26,0
DA:27,0
DA:28,0
DA:29,0
LF:39
LH:0
BRF:4
BRH:0
FNF:8
FNH:0
end_of_record
SF:/CoreDocker/src/CoreDocker.Sdk/Helpers/RestSharpHelper.cs
FN:10,System.Int32 CoreDocker.Sdk.Helpers.RestSharpHelper::get_MaxLogLength()
FNDA:11,System.Int32 CoreDocker.Sdk.Helpers.RestSharpHelper::get_MaxLogLength()
DA:11,11
FN:11,System.Action`1<System.String> CoreDocker.Sdk.Helpers.RestSharpHelper::get_Log()
FNDA:13,System.Action`1<System.String> CoreDocker.Sdk.Helpers.RestSharpHelper::get_Log()
DA:12,13
FN:34,System.String CoreDocker.Sdk.Helpers.RestSharpHelper::Truncate(System.String,System.Int32)
FNDA:10,System.String CoreDocker.Sdk.Helpers.RestSharpHelper::Truncate(System.String,System.Int32)
DA:35,10
DA:36,15
DA:37,5
DA:38,10
BRDA:36,7,0,5
BRDA:36,7,1,5
BRDA:37,20,0,0
BRDA:37,20,1,5
FN:20,System.Boolean CoreDocker.Sdk.Helpers.RestSharpHelper/<>c__8`1::<ExecuteAsyncWithLogging>b__8_0(RestSharp.Parameter)
FNDA:29,System.Boolean CoreDocker.Sdk.Helpers.RestSharpHelper/<>c__8`1::<ExecuteAsyncWithLogging>b__8_0(RestSharp.Parameter)
DA:21,29
FN:15,System.Void CoreDocker.Sdk.Helpers.RestSharpHelper/<ExecuteAsyncWithLogging>d__8`1::MoveNext()
FNDA:5,System.Void CoreDocker.Sdk.Helpers.RestSharpHelper/<ExecuteAsyncWithLogging>d__8`1::MoveNext()
DA:16,5
DA:17,5
DA:18,5
DA:19,5
DA:20,5
DA:22,5
DA:24,5
DA:26,5
DA:27,5
DA:28,5
DA:30,5
DA:31,5
BRDA:21,135,0,2
BRDA:21,135,1,5
LF:19
LH:19
BRF:8
BRH:7
FNF:5
FNH:5
end_of_record
SF:/CoreDocker/src/CoreDocker.Shared/UrlHelper.cs
FN:5,System.String CoreDocker.Shared.UrlHelper::SetParam(System.String,System.String,System.String)
FNDA:0,System.String CoreDocker.Shared.UrlHelper::SetParam(System.String,System.String,System.String)
DA:6,0
DA:7,0
DA:8,0
FN:10,System.String CoreDocker.Shared.UrlHelper::AppendUrl(System.String,System.String)
FNDA:10,System.String CoreDocker.Shared.UrlHelper::AppendUrl(System.String,System.String)
DA:11,10
DA:12,19
DA:13,1
DA:14,10
BRDA:12,12,0,9
BRDA:12,12,1,1
LF:7
LH:4
BRF:2
BRH:2
FNF:2
FNH:1
end_of_record
SF:/CoreDocker/src/CoreDocker.Shared/Models/PagedResult.cs
FN:4,System.Int64 CoreDocker.Shared.Models.PagedResult`1::get_Count()
FNDA:28,System.Int64 CoreDocker.Shared.Models.PagedResult`1::get_Count()
DA:5,28
LF:1
LH:1
BRF:0
BRH:0
FNF:1
FNH:1
end_of_record
SF:/CoreDocker/src/CoreDocker.Shared/Models/Users/CommandResultModel.cs
FN:4,System.String CoreDocker.Shared.Models.Users.CommandResultModel::get_CorrelationId()
FNDA:48,System.String CoreDocker.Shared.Models.Users.CommandResultModel::get_CorrelationId()
DA:5,48
FN:5,System.Void CoreDocker.Shared.Models.Users.CommandResultModel::.ctor(System.String,System.String,System.DateTime)
FNDA:10,System.Void CoreDocker.Shared.Models.Users.CommandResultModel::.ctor(System.String,System.String,System.DateTime)
DA:6,10
DA:7,10
LF:3
LH:3
BRF:0
BRH:0
FNF:2
FNH:2
end_of_record
SF:/CoreDocker/src/CoreDocker.Shared/Models/Users/RegisterModel.cs
FN:2,System.String CoreDocker.Shared.Models.Users.RegisterModel::get_Name()
FNDA:109,System.String CoreDocker.Shared.Models.Users.RegisterModel::get_Name()
DA:3,109
LF:1
LH:1
BRF:0
BRH:0
FNF:1
FNH:1
end_of_record
SF:/CoreDocker/src/CoreDocker.Shared/Models/Users/RoleModel.cs
FN:4,System.String CoreDocker.Shared.Models.Users.RoleModel::get_Name()
FNDA:16,System.String CoreDocker.Shared.Models.Users.RoleModel::get_Name()
DA:5,16
LF:1
LH:1
BRF:0
BRH:0
FNF:1
FNH:1
end_of_record
SF:/CoreDocker/src/CoreDocker.Shared/Models/Users/UserCreateUpdateModel.cs
FN:4,System.Collections.Generic.List`1<System.String> CoreDocker.Shared.Models.Users.UserCreateUpdateModel::get_Roles()
FNDA:25,System.Collections.Generic.List`1<System.String> CoreDocker.Shared.Models.Users.UserCreateUpdateModel::get_Roles()
DA:5,25
FN:5,System.Void CoreDocker.Shared.Models.Users.UserCreateUpdateModel::.ctor(System.String,System.String,System.String,System.Collections.Generic.List`1<System.String>)
FNDA:14,System.Void CoreDocker.Shared.Models.Users.UserCreateUpdateModel::.ctor(System.String,System.String,System.String,System.Collections.Generic.List`1<System.String>)
DA:6,14
LF:2
LH:2
BRF:0
BRH:0
FNF:2
FNH:2
end_of_record
SF:/CoreDocker/src/CoreDocker.Shared/Models/Users/UserModel.cs
FN:6,System.String CoreDocker.Shared.Models.Users.UserModel::get_Name()
FNDA:111,System.String CoreDocker.Shared.Models.Users.UserModel::get_Name()
DA:7,111
FN:9,System.String CoreDocker.Shared.Models.Users.UserModel::ToString()
FNDA:0,System.String CoreDocker.Shared.Models.Users.UserModel::ToString()
DA:10,0
DA:11,0
DA:12,0
FN:7,System.Void CoreDocker.Shared.Models.Users.UserModel::.ctor(System.String,System.String,System.String,System.Nullable`1<System.DateTime>,System.Collections.Generic.List`1<System.String>,System.Collections.Generic.List`1<System.String>)
FNDA:12,System.Void CoreDocker.Shared.Models.Users.UserModel::.ctor(System.String,System.String,System.String,System.Nullable`1<System.DateTime>,System.Collections.Generic.List`1<System.String>,System.Collections.Generic.List`1<System.String>)
DA:8,12
DA:9,12
DA:13,12
LF:7
LH:4
BRF:0
BRH:0
FNF:3
FNH:2
end_of_record
SF:/CoreDocker/src/CoreDocker.Shared/Models/Shared/BaseModel.cs
FN:6,System.String CoreDocker.Shared.Models.Shared.BaseModel::get_Id()
FNDA:101,System.String CoreDocker.Shared.Models.Shared.BaseModel::get_Id()
DA:7,101
FN:7,System.DateTime CoreDocker.Shared.Models.Shared.BaseModel::get_UpdateDate()
FNDA:12,System.DateTime CoreDocker.Shared.Models.Shared.BaseModel::get_UpdateDate()
DA:8,12
FN:8,System.DateTime CoreDocker.Shared.Models.Shared.BaseModel::get_CreateDate()
FNDA:14,System.DateTime CoreDocker.Shared.Models.Shared.BaseModel::get_CreateDate()
DA:9,14
LF:3
LH:3
BRF:0
BRH:0
FNF:3
FNH:3
end_of_record
SF:/CoreDocker/src/CoreDocker.Shared/Models/Shared/BaseReferenceModel.cs
FN:4,System.String CoreDocker.Shared.Models.Shared.BaseReferenceModel::get_Id()
FNDA:0,System.String CoreDocker.Shared.Models.Shared.BaseReferenceModel::get_Id()
DA:5,0
FN:9,System.Boolean CoreDocker.Shared.Models.Shared.BaseReferenceModel::Equals(CoreDocker.Shared.Models.Shared.BaseReferenceModel)
FNDA:0,System.Boolean CoreDocker.Shared.Models.Shared.BaseReferenceModel::Equals(CoreDocker.Shared.Models.Shared.BaseReferenceModel)
DA:10,0
DA:11,0
DA:12,0
LF:4
LH:0
BRF:0
BRH:0
FNF:2
FNH:0
end_of_record
SF:/CoreDocker/src/CoreDocker.Shared/Models/Shared/BaseReferenceModelWithName.cs
FN:4,System.String CoreDocker.Shared.Models.Shared.BaseReferenceModelWithName::get_Name()
FNDA:0,System.String CoreDocker.Shared.Models.Shared.BaseReferenceModelWithName::get_Name()
DA:5,0
LF:1
LH:0
BRF:0
BRH:0
FNF:1
FNH:0
end_of_record
SF:/CoreDocker/src/CoreDocker.Shared/Models/Shared/ErrorMessage.cs
FN:2,System.String CoreDocker.Shared.Models.Shared.ErrorMessage::get_Message()
FNDA:0,System.String CoreDocker.Shared.Models.Shared.ErrorMessage::get_Message()
DA:3,0
FN:4,System.String CoreDocker.Shared.Models.Shared.ErrorMessage::get_AdditionalDetail()
FNDA:0,System.String CoreDocker.Shared.Models.Shared.ErrorMessage::get_AdditionalDetail()
DA:5,0
FN:3,System.Void CoreDocker.Shared.Models.Shared.ErrorMessage::.ctor(System.String)
FNDA:0,System.Void CoreDocker.Shared.Models.Shared.ErrorMessage::.ctor(System.String)
DA:4,0
DA:6,0
LF:4
LH:0
BRF:0
BRH:0
FNF:3
FNH:0
end_of_record
SF:/CoreDocker/src/CoreDocker.Shared/Models/Shared/ValueUpdateModel.cs
FN:10,T CoreDocker.Shared.Models.Shared.ValueUpdateModel`1::get_Value()
FNDA:0,T CoreDocker.Shared.Models.Shared.ValueUpdateModel`1::get_Value()
DA:11,0
FN:12,CoreDocker.Shared.Models.Shared.UpdateTypeCodes CoreDocker.Shared.Models.Shared.ValueUpdateModel`1::get_UpdateType()
FNDA:0,CoreDocker.Shared.Models.Shared.UpdateTypeCodes CoreDocker.Shared.Models.Shared.ValueUpdateModel`1::get_UpdateType()
DA:13,0
FN:4,System.Void CoreDocker.Shared.Models.Shared.ValueUpdateModel`1::.ctor(T,CoreDocker.Shared.Models.Shared.UpdateTypeCodes)
FNDA:0,System.Void CoreDocker.Shared.Models.Shared.ValueUpdateModel`1::.ctor(T,CoreDocker.Shared.Models.Shared.UpdateTypeCodes)
DA:5,0
DA:6,0
DA:7,0
DA:8,0
DA:9,0
LF:7
LH:0
BRF:0
BRH:0
FNF:3
FNH:0
end_of_record
SF:/CoreDocker/src/CoreDocker.Shared/Models/Projects/ProjectCreateUpdateModel.cs
FN:2,System.String CoreDocker.Shared.Models.Projects.ProjectCreateUpdateModel::get_Name()
FNDA:28,System.String CoreDocker.Shared.Models.Projects.ProjectCreateUpdateModel::get_Name()
DA:3,28
LF:1
LH:1
BRF:0
BRH:0
FNF:1
FNH:1
end_of_record
SF:/CoreDocker/src/CoreDocker.Shared/Models/Projects/ProjectModel.cs
FN:6,System.String CoreDocker.Shared.Models.Projects.ProjectModel::get_Name()
FNDA:92,System.String CoreDocker.Shared.Models.Projects.ProjectModel::get_Name()
DA:7,92
LF:1
LH:1
BRF:0
BRH:0
FNF:1
FNH:1
end_of_record
SF:/CoreDocker/src/CoreDocker.Shared/Models/Ping/PingModel.cs
FN:2,System.String CoreDocker.Shared.Models.Ping.PingModel::get_Environment()
FNDA:15,System.String CoreDocker.Shared.Models.Ping.PingModel::get_Environment()
DA:3,15
LF:1
LH:1
BRF:0
BRH:0
FNF:1
FNH:1
end_of_record
SF:/CoreDocker/src/CoreDocker.Shared/Models/Auth/TokenRequestModel.cs
FN:2,System.String CoreDocker.Shared.Models.Auth.TokenRequestModel::get_UserName()
FNDA:44,System.String CoreDocker.Shared.Models.Auth.TokenRequestModel::get_UserName()
DA:3,44
LF:1
LH:1
BRF:0
BRH:0
FNF:1
FNH:1
end_of_record
SF:/CoreDocker/src/CoreDocker.Shared/Models/Auth/TokenResponseModel.cs
FN:8,System.String CoreDocker.Shared.Models.Auth.TokenResponseModel::get_AccessToken()
FNDA:19,System.String CoreDocker.Shared.Models.Auth.TokenResponseModel::get_AccessToken()
DA:9,19
FN:11,System.String CoreDocker.Shared.Models.Auth.TokenResponseModel::get_TokenType()
FNDA:9,System.String CoreDocker.Shared.Models.Auth.TokenResponseModel::get_TokenType()
DA:12,9
FN:14,System.Int32 CoreDocker.Shared.Models.Auth.TokenResponseModel::get_ExpiresIn()
FNDA:9,System.Int32 CoreDocker.Shared.Models.Auth.TokenResponseModel::get_ExpiresIn()
DA:15,9
LF:3
LH:3
BRF:0
BRH:0
FNF:3
FNH:3
end_of_record
SF:/CoreDocker/src/CoreDocker.Api/ApiSettings.cs
FN:11,System.String CoreDocker.Api.ApiSettings::get_Origins()
FNDA:0,System.String CoreDocker.Api.ApiSettings::get_Origins()
DA:12,0
FN:7,System.Void CoreDocker.Api.ApiSettings::.ctor(Microsoft.Extensions.Configuration.IConfiguration)
FNDA:0,System.Void CoreDocker.Api.ApiSettings::.ctor(Microsoft.Extensions.Configuration.IConfiguration)
DA:8,0
DA:9,0
DA:10,0
LF:4
LH:0
BRF:0
BRH:0
FNF:2
FNH:0
end_of_record
SF:/CoreDocker/src/CoreDocker.Api/Program.cs
FN:20,System.Void CoreDocker.Api.Program::Main(System.String[])
FNDA:0,System.Void CoreDocker.Api.Program::Main(System.String[])
DA:21,0
DA:22,0
DA:24,0
DA:25,0
DA:26,0
DA:27,0
DA:28,0
DA:29,0
DA:32,0
DA:33,0
DA:34,0
DA:36,0
DA:37,0
DA:38,0
DA:39,0
FN:41,Microsoft.AspNetCore.Hosting.IWebHost CoreDocker.Api.Program::BuildWebHost(System.String[])
FNDA:0,Microsoft.AspNetCore.Hosting.IWebHost CoreDocker.Api.Program::BuildWebHost(System.String[])
DA:42,0
DA:43,0
DA:44,0
DA:45,0
DA:46,0
DA:47,0
DA:48,0
DA:49,0
DA:50,0
DA:51,0
BRDA:43,63,0,0
BRDA:43,63,1,0
FN:53,System.Void CoreDocker.Api.Program::SettingsFileReaderHelper(Microsoft.AspNetCore.Hosting.WebHostBuilderContext,Microsoft.Extensions.Configuration.IConfigurationBuilder)
FNDA:1,System.Void CoreDocker.Api.Program::SettingsFileReaderHelper(Microsoft.AspNetCore.Hosting.WebHostBuilderContext,Microsoft.Extensions.Configuration.IConfigurationBuilder)
DA:54,1
DA:55,1
DA:56,1
DA:57,1
LF:29
LH:4
BRF:2
BRH:0
FNF:3
FNH:1
end_of_record
SF:/CoreDocker/src/CoreDocker.Api/Startup.cs
FN:27,Microsoft.Extensions.Configuration.IConfiguration CoreDocker.Api.Startup::get_Configuration()
FNDA:3,Microsoft.Extensions.Configuration.IConfiguration CoreDocker.Api.Startup::get_Configuration()
DA:28,3
FN:30,System.IServiceProvider CoreDocker.Api.Startup::ConfigureServices(Microsoft.Extensions.DependencyInjection.IServiceCollection)
FNDA:1,System.IServiceProvider CoreDocker.Api.Startup::ConfigureServices(Microsoft.Extensions.DependencyInjection.IServiceCollection)
DA:31,1
DA:32,1
DA:33,1
DA:34,1
DA:35,1
DA:36,1
DA:37,4
DA:38,1
DA:39,1
DA:41,1
DA:42,1
FN:44,System.Void CoreDocker.Api.Startup::Configure(Microsoft.AspNetCore.Builder.IApplicationBuilder,Microsoft.AspNetCore.Hosting.IWebHostEnvironment)
FNDA:1,System.Void CoreDocker.Api.Startup::Configure(Microsoft.AspNetCore.Builder.IApplicationBuilder,Microsoft.AspNetCore.Hosting.IWebHostEnvironment)
DA:45,1
DA:46,1
DA:47,1
DA:48,1
DA:49,1
DA:51,1
DA:52,1
DA:53,1
DA:54,1
DA:55,1
DA:56,1
DA:57,1
DA:58,2
DA:60,1
DA:62,1
DA:63,1
DA:64,1
DA:65,1
DA:66,1
DA:67,2
DA:68,1
DA:69,1
DA:70,1
BRDA:60,71,0,0
BRDA:60,71,1,1
FN:72,System.Void CoreDocker.Api.Startup::PrintVersionNumber()
FNDA:1,System.Void CoreDocker.Api.Startup::PrintVersionNumber()
DA:73,1
DA:74,1
DA:75,1
DA:76,1
BRDA:74,7,0,0
BRDA:74,7,1,1
FN:78,System.String CoreDocker.Api.Startup::InformationalVersion()
FNDA:3,System.String CoreDocker.Api.Startup::InformationalVersion()
DA:79,3
DA:80,3
DA:81,3
DA:82,3
DA:83,3
BRDA:82,26,0,0
BRDA:82,26,1,3
FN:21,System.Void CoreDocker.Api.Startup::.ctor(Microsoft.Extensions.Configuration.IConfiguration)
FNDA:1,System.Void CoreDocker.Api.Startup::.ctor(Microsoft.Extensions.Configuration.IConfiguration)
DA:22,1
DA:23,1
DA:24,1
DA:25,1
DA:26,1
LF:49
LH:49
BRF:6
BRH:3
FNF:6
FNH:6
end_of_record
SF:/CoreDocker/src/CoreDocker.Api/WebApi/Filters/CaptureExceptionFilter.cs
FN:23,System.Threading.Tasks.Task CoreDocker.Api.WebApi.Filters.CaptureExceptionFilter::OnExceptionAsync(Microsoft.AspNetCore.Mvc.Filters.ExceptionContext)
FNDA:0,System.Threading.Tasks.Task CoreDocker.Api.WebApi.Filters.CaptureExceptionFilter::OnExceptionAsync(Microsoft.AspNetCore.Mvc.Filters.ExceptionContext)
DA:24,0
DA:25,0
DA:27,0
DA:28,0
DA:29,0
DA:30,0
DA:31,0
DA:32,0
DA:34,0
DA:35,0
DA:36,0
BRDA:27,26,0,0
BRDA:27,26,1,0
BRDA:29,48,0,0
BRDA:29,48,1,0
BRDA:31,78,0,0
BRDA:31,78,1,0
FN:40,System.Boolean CoreDocker.Api.WebApi.Filters.CaptureExceptionFilter::IsSomeSortOfValidationError(System.Exception)
FNDA:0,System.Boolean CoreDocker.Api.WebApi.Filters.CaptureExceptionFilter::IsSomeSortOfValidationError(System.Exception)
DA:41,0
DA:42,0
DA:43,0
DA:44,0
BRDA:42,7,0,0
BRDA:42,7,1,0
FN:48,System.Void CoreDocker.Api.WebApi.Filters.CaptureExceptionFilter::RespondWithTheExceptionMessage(Microsoft.AspNetCore.Mvc.Filters.ExceptionContext,CoreDocker.Api.WebApi.Exceptions.ApiException)
FNDA:0,System.Void CoreDocker.Api.WebApi.Filters.CaptureExceptionFilter::RespondWithTheExceptionMessage(Microsoft.AspNetCore.Mvc.Filters.ExceptionContext,CoreDocker.Api.WebApi.Exceptions.ApiException)
DA:49,0
DA:50,0
DA:51,0
DA:52,0
FN:54,System.Void CoreDocker.Api.WebApi.Filters.CaptureExceptionFilter::RespondWithBadRequest(Microsoft.AspNetCore.Mvc.Filters.ExceptionContext,System.Exception)
FNDA:0,System.Void CoreDocker.Api.WebApi.Filters.CaptureExceptionFilter::RespondWithBadRequest(Microsoft.AspNetCore.Mvc.Filters.ExceptionContext,System.Exception)
DA:55,0
DA:56,0
DA:57,0
DA:58,0
FN:61,System.Void CoreDocker.Api.WebApi.Filters.CaptureExceptionFilter::RespondWithValidationRequest(Microsoft.AspNetCore.Mvc.Filters.ExceptionContext,FluentValidation.ValidationException)
FNDA:0,System.Void CoreDocker.Api.WebApi.Filters.CaptureExceptionFilter::RespondWithValidationRequest(Microsoft.AspNetCore.Mvc.Filters.ExceptionContext,FluentValidation.ValidationException)
DA:62,0
DA:63,0
DA:64,0
DA:65,0
DA:66,0
BRDA:63,49,0,0
BRDA:63,49,1,0
FN:68,System.Void CoreDocker.Api.WebApi.Filters.CaptureExceptionFilter::RespondWithInternalServerException(Microsoft.AspNetCore.Mvc.Filters.ExceptionContext,System.Exception)
FNDA:0,System.Void CoreDocker.Api.WebApi.Filters.CaptureExceptionFilter::RespondWithInternalServerException(Microsoft.AspNetCore.Mvc.Filters.ExceptionContext,System.Exception)
DA:69,0
DA:71,0
DA:72,0
DA:73,0
DA:75,0
DA:77,0
DA:78,0
FN:80,Microsoft.AspNetCore.Mvc.IActionResult CoreDocker.Api.WebApi.Filters.CaptureExceptionFilter::CreateResponse(System.Net.HttpStatusCode,System.Object)
FNDA:0,Microsoft.AspNetCore.Mvc.IActionResult CoreDocker.Api.WebApi.Filters.CaptureExceptionFilter::CreateResponse(System.Net.HttpStatusCode,System.Object)
DA:81,0
DA:82,0
DA:83,0
FN:17,System.Void CoreDocker.Api.WebApi.Filters.CaptureExceptionFilter::.cctor()
FNDA:0,System.Void CoreDocker.Api.WebApi.Filters.CaptureExceptionFilter::.cctor()
DA:18,0
BRDA:18,6,0,0
BRDA:18,6,1,0
LF:39
LH:0
BRF:12
BRH:0
FNF:8
FNH:0
end_of_record
SF:/CoreDocker/src/CoreDocker.Api/WebApi/Exceptions/ApiException.cs
FN:13,System.Net.HttpStatusCode CoreDocker.Api.WebApi.Exceptions.ApiException::get_HttpStatusCode()
FNDA:0,System.Net.HttpStatusCode CoreDocker.Api.WebApi.Exceptions.ApiException::get_HttpStatusCode()
DA:14,0
FN:7,System.Void CoreDocker.Api.WebApi.Exceptions.ApiException::.ctor(System.String,System.Net.HttpStatusCode,System.Exception)
FNDA:0,System.Void CoreDocker.Api.WebApi.Exceptions.ApiException::.ctor(System.String,System.Net.HttpStatusCode,System.Exception)
DA:8,0
DA:9,0
DA:10,0
DA:11,0
DA:12,0
LF:6
LH:0
BRF:0
BRH:0
FNF:2
FNH:0
end_of_record
SF:/CoreDocker/src/CoreDocker.Api/WebApi/Controllers/PingController.cs
FN:36,System.Threading.Tasks.Task`1<CoreDocker.Shared.Models.Ping.PingModel> CoreDocker.Api.WebApi.Controllers.PingController::Get()
FNDA:1,System.Threading.Tasks.Task`1<CoreDocker.Shared.Models.Ping.PingModel> CoreDocker.Api.WebApi.Controllers.PingController::Get()
DA:37,1
DA:38,1
DA:39,1
DA:40,1
FN:49,System.Threading.Tasks.Task`1<CoreDocker.Shared.Models.Ping.PingModel> CoreDocker.Api.WebApi.Controllers.PingController::GetHealthCheck()
FNDA:0,System.Threading.Tasks.Task`1<CoreDocker.Shared.Models.Ping.PingModel> CoreDocker.Api.WebApi.Controllers.PingController::GetHealthCheck()
DA:50,0
DA:51,0
DA:52,0
DA:53,0
FN:57,System.String CoreDocker.Api.WebApi.Controllers.PingController::IsDatabaseConnected()
FNDA:1,System.String CoreDocker.Api.WebApi.Controllers.PingController::IsDatabaseConnected()
DA:58,1
DA:60,1
DA:61,1
DA:62,1
DA:64,0
DA:65,0
DA:66,0
DA:68,1
FN:22,System.Void CoreDocker.Api.WebApi.Controllers.PingController::.ctor(CoreDocker.Dal.Persistence.IGeneralUnitOfWorkFactory,Microsoft.AspNetCore.Hosting.IWebHostEnvironment)
FNDA:1,System.Void CoreDocker.Api.WebApi.Controllers.PingController::.ctor(CoreDocker.Dal.Persistence.IGeneralUnitOfWorkFactory,Microsoft.AspNetCore.Hosting.IWebHostEnvironment)
DA:23,1
DA:24,1
DA:25,1
DA:26,1
DA:27,1
FN:18,System.Void CoreDocker.Api.WebApi.Controllers.PingController::.cctor()
FNDA:1,System.Void CoreDocker.Api.WebApi.Controllers.PingController::.cctor()
DA:19,1
LF:22
LH:15
BRF:0
BRH:0
FNF:5
FNH:4
end_of_record
SF:/CoreDocker/src/CoreDocker.Api/WebApi/Controllers/WebApiHelper.cs
FN:7,System.String CoreDocker.Api.WebApi.Controllers.WebApiHelper::GetQuery(Microsoft.AspNetCore.Http.HttpRequest)
FNDA:0,System.String CoreDocker.Api.WebApi.Controllers.WebApiHelper::GetQuery(Microsoft.AspNetCore.Http.HttpRequest)
DA:8,0
DA:9,0
DA:10,0
FN:12,System.String CoreDocker.Api.WebApi.Controllers.WebApiHelper::GetName(Microsoft.AspNetCore.Http.IHttpContextAccessor)
FNDA:0,System.String CoreDocker.Api.WebApi.Controllers.WebApiHelper::GetName(Microsoft.AspNetCore.Http.IHttpContextAccessor)
DA:13,0
DA:14,0
DA:15,0
BRDA:14,8,0,0
BRDA:14,8,1,0
BRDA:14,25,0,0
BRDA:14,25,1,0
LF:6
LH:0
BRF:4
BRH:0
FNF:2
FNH:0
end_of_record
SF:/CoreDocker/src/CoreDocker.Api/WebApi/Attributes/AuthorizeActivityAttribute.cs
FN:19,CoreDocker.Dal.Models.Auth.Activity CoreDocker.Api.WebApi.Attributes.AuthorizeActivityAttribute::get_Activities()
FNDA:0,CoreDocker.Dal.Models.Auth.Activity CoreDocker.Api.WebApi.Attributes.AuthorizeActivityAttribute::get_Activities()
DA:20,0
FN:10,System.Void CoreDocker.Api.WebApi.Attributes.AuthorizeActivityAttribute::.ctor()
FNDA:0,System.Void CoreDocker.Api.WebApi.Attributes.AuthorizeActivityAttribute::.ctor()
DA:11,0
DA:12,0
DA:13,0
FN:14,System.Void CoreDocker.Api.WebApi.Attributes.AuthorizeActivityAttribute::.ctor(CoreDocker.Dal.Models.Auth.Activity)
FNDA:0,System.Void CoreDocker.Api.WebApi.Attributes.AuthorizeActivityAttribute::.ctor(CoreDocker.Dal.Models.Auth.Activity)
DA:15,0
DA:16,0
DA:17,0
DA:18,0
LF:8
LH:0
BRF:0
BRH:0
FNF:3
FNH:0
end_of_record
SF:/CoreDocker/src/CoreDocker.Api/Swagger/SwaggerSetup.cs
FN:20,System.String CoreDocker.Api.Swagger.SwaggerSetup::GetVersion()
FNDA:2,System.String CoreDocker.Api.Swagger.SwaggerSetup::GetVersion()
DA:21,2
DA:22,2
DA:23,2
DA:24,2
DA:25,2
FN:27,System.Void CoreDocker.Api.Swagger.SwaggerSetup::SetupAction(Swashbuckle.AspNetCore.SwaggerGen.SwaggerGenOptions,System.String)
FNDA:0,System.Void CoreDocker.Api.Swagger.SwaggerSetup::SetupAction(Swashbuckle.AspNetCore.SwaggerGen.SwaggerGenOptions,System.String)
DA:28,0
DA:29,0
DA:30,0
DA:31,0
DA:32,0
DA:33,0
DA:34,0
DA:37,0
DA:38,0
DA:39,0
DA:40,0
DA:41,0
DA:42,0
DA:43,0
DA:44,0
DA:45,0
DA:46,0
DA:47,0
DA:48,0
DA:49,0
DA:50,0
DA:51,0
DA:52,0
DA:53,0
DA:54,0
DA:55,0
DA:56,0
DA:57,0
DA:58,0
FN:64,System.Void CoreDocker.Api.Swagger.SwaggerSetup::AddSwagger(Microsoft.Extensions.DependencyInjection.IServiceCollection)
FNDA:1,System.Void CoreDocker.Api.Swagger.SwaggerSetup::AddSwagger(Microsoft.Extensions.DependencyInjection.IServiceCollection)
DA:65,1
DA:66,1
DA:68,1
FN:70,System.Void CoreDocker.Api.Swagger.SwaggerSetup::UseSwagger(Microsoft.AspNetCore.Builder.IApplicationBuilder)
FNDA:1,System.Void CoreDocker.Api.Swagger.SwaggerSetup::UseSwagger(Microsoft.AspNetCore.Builder.IApplicationBuilder)
DA:71,1
DA:72,1
DA:73,1
DA:74,1
DA:75,1
DA:76,1
DA:77,1
DA:78,1
DA:79,1
DA:80,1
DA:81,1
DA:82,1
DA:83,1
DA:84,1
DA:85,2
DA:86,1
FN:15,System.Void CoreDocker.Api.Swagger.SwaggerSetup::.cctor()
FNDA:1,System.Void CoreDocker.Api.Swagger.SwaggerSetup::.cctor()
DA:16,1
LF:54
LH:25
BRF:0
BRH:0
FNF:5
FNH:4
end_of_record
SF:/CoreDocker/src/CoreDocker.Api/Security/OpenIdConfig.cs
FN:14,System.Collections.Generic.IEnumerable`1<IdentityServer4.Models.IdentityResource> CoreDocker.Api.Security.OpenIdConfig::GetIdentityResources()
FNDA:1,System.Collections.Generic.IEnumerable`1<IdentityServer4.Models.IdentityResource> CoreDocker.Api.Security.OpenIdConfig::GetIdentityResources()
DA:15,1
DA:16,1
DA:17,1
DA:18,1
DA:19,1
DA:20,1
DA:21,1
DA:22,1
FN:24,System.Collections.Generic.IEnumerable`1<IdentityServer4.Models.ApiResource> CoreDocker.Api.Security.OpenIdConfig::GetApiResources(CoreDocker.Api.Security.OpenIdSettings)
FNDA:1,System.Collections.Generic.IEnumerable`1<IdentityServer4.Models.ApiResource> CoreDocker.Api.Security.OpenIdConfig::GetApiResources(CoreDocker.Api.Security.OpenIdSettings)
DA:25,1
DA:26,1
DA:27,1
DA:28,1
DA:29,1
DA:30,1
DA:31,1
DA:32,1
DA:33,1
DA:34,1
DA:35,1
DA:36,1
DA:37,1
DA:38,1
DA:39,1
DA:40,1
DA:41,1
DA:42,1
DA:43,1
DA:44,1
DA:45,1
FN:47,System.Collections.Generic.IEnumerable`1<IdentityServer4.Models.ApiScope> CoreDocker.Api.Security.OpenIdConfig::GetApiScopes(CoreDocker.Api.Security.OpenIdSettings)
FNDA:2,System.Collections.Generic.IEnumerable`1<IdentityServer4.Models.ApiScope> CoreDocker.Api.Security.OpenIdConfig::GetApiScopes(CoreDocker.Api.Security.OpenIdSettings)
DA:48,2
DA:49,2
DA:50,2
DA:51,2
FN:53,System.Collections.Generic.IEnumerable`1<IdentityServer4.Models.Client> CoreDocker.Api.Security.OpenIdConfig::GetClients(CoreDocker.Api.Security.OpenIdSettings)
FNDA:1,System.Collections.Generic.IEnumerable`1<IdentityServer4.Models.Client> CoreDocker.Api.Security.OpenIdConfig::GetClients(CoreDocker.Api.Security.OpenIdSettings)
DA:54,1
DA:55,1
DA:56,1
DA:57,1
DA:58,1
DA:59,1
DA:60,1
DA:61,1
DA:62,1
DA:63,1
DA:64,1
DA:65,1
DA:66,1
DA:67,1
DA:68,1
DA:69,1
DA:70,1
DA:71,1
DA:72,1
DA:73,1
DA:74,1
DA:75,1
DA:76,1
DA:77,1
DA:78,1
DA:79,1
DA:80,1
DA:81,1
DA:82,1
DA:83,1
DA:84,1
DA:85,1
BRDA:55,54,0,0
BRDA:55,54,1,1
LF:65
LH:65
BRF:2
BRH:1
FNF:4
FNH:4
end_of_record
SF:/CoreDocker/src/CoreDocker.Api/Security/OpenIdSettings.cs
FN:14,System.String CoreDocker.Api.Security.OpenIdSettings::get_HostUrl()
FNDA:48,System.String CoreDocker.Api.Security.OpenIdSettings::get_HostUrl()
DA:15,48
FN:16,System.String CoreDocker.Api.Security.OpenIdSettings::get_ApiResourceName()
FNDA:3,System.String CoreDocker.Api.Security.OpenIdSettings::get_ApiResourceName()
DA:17,3
FN:18,System.String CoreDocker.Api.Security.OpenIdSettings::get_ApiResourceSecret()
FNDA:2,System.String CoreDocker.Api.Security.OpenIdSettings::get_ApiResourceSecret()
DA:19,2
FN:20,System.String CoreDocker.Api.Security.OpenIdSettings::get_ClientName()
FNDA:2,System.String CoreDocker.Api.Security.OpenIdSettings::get_ClientName()
DA:21,2
FN:22,System.String CoreDocker.Api.Security.OpenIdSettings::get_ClientSecret()
FNDA:2,System.String CoreDocker.Api.Security.OpenIdSettings::get_ClientSecret()
DA:23,2
FN:24,System.String CoreDocker.Api.Security.OpenIdSettings::get_IdentPath()
FNDA:0,System.String CoreDocker.Api.Security.OpenIdSettings::get_IdentPath()
DA:25,0
FN:26,System.String CoreDocker.Api.Security.OpenIdSettings::get_ScopeApi()
FNDA:7,System.String CoreDocker.Api.Security.OpenIdSettings::get_ScopeApi()
DA:27,7
FN:28,System.String CoreDocker.Api.Security.OpenIdSettings::get_Origins()
FNDA:2,System.String CoreDocker.Api.Security.OpenIdSettings::get_Origins()
DA:29,2
FN:30,System.String CoreDocker.Api.Security.OpenIdSettings::get_CertPfx()
FNDA:1,System.String CoreDocker.Api.Security.OpenIdSettings::get_CertPfx()
DA:31,1
FN:32,System.String CoreDocker.Api.Security.OpenIdSettings::get_CertPassword()
FNDA:1,System.String CoreDocker.Api.Security.OpenIdSettings::get_CertPassword()
DA:33,1
FN:34,System.String CoreDocker.Api.Security.OpenIdSettings::get_CertStoreThumbprint()
FNDA:1,System.String CoreDocker.Api.Security.OpenIdSettings::get_CertStoreThumbprint()
DA:35,1
FN:37,System.Boolean CoreDocker.Api.Security.OpenIdSettings::get_UseReferenceTokens()
FNDA:1,System.Boolean CoreDocker.Api.Security.OpenIdSettings::get_UseReferenceTokens()
DA:38,1
FN:39,System.Boolean CoreDocker.Api.Security.OpenIdSettings::get_IsDebugEnabled()
FNDA:1,System.Boolean CoreDocker.Api.Security.OpenIdSettings::get_IsDebugEnabled()
DA:40,1
FN:42,System.String[] CoreDocker.Api.Security.OpenIdSettings::GetOriginList()
FNDA:2,System.String[] CoreDocker.Api.Security.OpenIdSettings::GetOriginList()
DA:43,2
DA:44,2
DA:45,2
FN:10,System.Void CoreDocker.Api.Security.OpenIdSettings::.ctor(Microsoft.Extensions.Configuration.IConfiguration)
FNDA:8,System.Void CoreDocker.Api.Security.OpenIdSettings::.ctor(Microsoft.Extensions.Configuration.IConfiguration)
DA:11,8
DA:12,8
DA:13,8
LF:19
LH:18
BRF:0
BRH:0
FNF:15
FNH:14
end_of_record
SF:/CoreDocker/src/CoreDocker.Api/Security/PersistedGrantStore.cs
FN:25,System.Void CoreDocker.Api.Security.PersistedGrantStore::.ctor(CoreDocker.Core.Components.Users.IUserGrantLookup,CoreDocker.Core.Components.Users.IUserLookup)
FNDA:32,System.Void CoreDocker.Api.Security.PersistedGrantStore::.ctor(CoreDocker.Core.Components.Users.IUserGrantLookup,CoreDocker.Core.Components.Users.IUserLookup)
DA:26,32
DA:27,32
DA:28,32
DA:29,32
DA:30,32
FN:18,System.Void CoreDocker.Api.Security.PersistedGrantStore::.cctor()
FNDA:1,System.Void CoreDocker.Api.Security.PersistedGrantStore::.cctor()
DA:19,1
BRDA:19,6,0,0
BRDA:19,6,1,1
FN:49,IdentityServer4.Models.PersistedGrant CoreDocker.Api.Security.PersistedGrantStore/<>c::<GetAllAsync>b__6_0(CoreDocker.Dal.Models.Users.UserGrant)
FNDA:0,IdentityServer4.Models.PersistedGrant CoreDocker.Api.Security.PersistedGrantStore/<>c::<GetAllAsync>b__6_0(CoreDocker.Dal.Models.Users.UserGrant)
DA:50,0
FN:69,System.Boolean CoreDocker.Api.Security.PersistedGrantStore/<>c__DisplayClass9_0::<FromDbByFilter>b__0(CoreDocker.Dal.Models.Users.UserGrant)
FNDA:0,System.Boolean CoreDocker.Api.Security.PersistedGrantStore/<>c__DisplayClass9_0::<FromDbByFilter>b__0(CoreDocker.Dal.Models.Users.UserGrant)
DA:70,0
FN:67,System.Void CoreDocker.Api.Security.PersistedGrantStore/<FromDbByFilter>d__9::MoveNext()
FNDA:0,System.Void CoreDocker.Api.Security.PersistedGrantStore/<FromDbByFilter>d__9::MoveNext()
DA:68,0
DA:69,0
DA:71,0
FN:47,System.Void CoreDocker.Api.Security.PersistedGrantStore/<GetAllAsync>d__6::MoveNext()
FNDA:0,System.Void CoreDocker.Api.Security.PersistedGrantStore/<GetAllAsync>d__6::MoveNext()
DA:48,0
DA:49,0
DA:51,0
FN:41,System.Void CoreDocker.Api.Security.PersistedGrantStore/<GetAsync>d__5::MoveNext()
FNDA:3,System.Void CoreDocker.Api.Security.PersistedGrantStore/<GetAsync>d__5::MoveNext()
DA:42,3
DA:43,3
DA:44,3
DA:45,3
FN:59,System.Void CoreDocker.Api.Security.PersistedGrantStore/<RemoveAllAsync>d__8::MoveNext()
FNDA:0,System.Void CoreDocker.Api.Security.PersistedGrantStore/<RemoveAllAsync>d__8::MoveNext()
DA:60,0
DA:61,0
DA:62,0
DA:63,0
DA:64,0
DA:65,0
BRDA:63,451,1,0
BRDA:63,451,0,0
FN:53,System.Void CoreDocker.Api.Security.PersistedGrantStore/<RemoveAsync>d__7::MoveNext()
FNDA:0,System.Void CoreDocker.Api.Security.PersistedGrantStore/<RemoveAsync>d__7::MoveNext()
DA:54,0
DA:55,0
DA:56,0
DA:57,0
BRDA:56,173,0,0
BRDA:56,173,1,0
FN:32,System.Void CoreDocker.Api.Security.PersistedGrantStore/<StoreAsync>d__4::MoveNext()
FNDA:4,System.Void CoreDocker.Api.Security.PersistedGrantStore/<StoreAsync>d__4::MoveNext()
DA:33,4
DA:34,4
DA:35,4
DA:36,4
DA:37,8
DA:38,4
DA:39,4
BRDA:37,226,0,4
BRDA:37,226,1,4
LF:35
LH:17
BRF:8
BRH:3
FNF:10
FNH:4
end_of_record
SF:/CoreDocker/src/CoreDocker.Api/Security/SecuritySetupClient.cs
FN:15,System.Void CoreDocker.Api.Security.SecuritySetupClient::AddBearerAuthentication(Microsoft.Extensions.DependencyInjection.IServiceCollection)
FNDA:1,System.Void CoreDocker.Api.Security.SecuritySetupClient::AddBearerAuthentication(Microsoft.Extensions.DependencyInjection.IServiceCollection)
DA:16,1
DA:17,1
DA:18,1
DA:19,1
DA:20,1
DA:21,1
DA:22,1
DA:23,1
DA:24,1
DA:25,1
DA:26,1
DA:27,1
DA:28,1
DA:29,2
DA:30,1
FN:32,System.Void CoreDocker.Api.Security.SecuritySetupClient::UseBearerAuthentication(Microsoft.AspNetCore.Builder.IApplicationBuilder)
FNDA:1,System.Void CoreDocker.Api.Security.SecuritySetupClient::UseBearerAuthentication(Microsoft.AspNetCore.Builder.IApplicationBuilder)
DA:33,1
DA:34,1
DA:35,1
FN:39,System.Void CoreDocker.Api.Security.SecuritySetupClient::AddFromActivities(Microsoft.AspNetCore.Authorization.AuthorizationOptions)
FNDA:1,System.Void CoreDocker.Api.Security.SecuritySetupClient::AddFromActivities(Microsoft.AspNetCore.Authorization.AuthorizationOptions)
DA:40,1
DA:41,1
DA:42,1
DA:43,7
DA:44,7
DA:45,7
DA:46,7
DA:47,7
DA:48,14
DA:49,8
DA:50,1
LF:29
LH:29
BRF:0
BRH:0
FNF:3
FNH:3
end_of_record
SF:/CoreDocker/src/CoreDocker.Api/Security/SecuritySetupServer.cs
FN:21,System.Void CoreDocker.Api.Security.SecuritySetupServer::UseIdentityService(Microsoft.Extensions.DependencyInjection.IServiceCollection,Microsoft.Extensions.Configuration.IConfiguration)
FNDA:1,System.Void CoreDocker.Api.Security.SecuritySetupServer::UseIdentityService(Microsoft.Extensions.DependencyInjection.IServiceCollection,Microsoft.Extensions.Configuration.IConfiguration)
DA:22,1
DA:24,1
DA:25,1
DA:26,1
DA:27,1
DA:28,1
DA:29,1
DA:30,1
DA:31,1
DA:32,1
DA:33,1
DA:34,1
DA:36,1
DA:37,1
DA:38,1
DA:39,1
DA:40,1
BRDA:36,141,0,1
BRDA:36,141,1,1
FN:42,System.Void CoreDocker.Api.Security.SecuritySetupServer::UseIdentityService(Microsoft.AspNetCore.Builder.IApplicationBuilder,CoreDocker.Api.Security.OpenIdSettings)
FNDA:1,System.Void CoreDocker.Api.Security.SecuritySetupServer::UseIdentityService(Microsoft.AspNetCore.Builder.IApplicationBuilder,CoreDocker.Api.Security.OpenIdSettings)
DA:43,1
DA:46,1
DA:47,43
DA:48,43
DA:49,0
DA:50,0
DA:51,0
DA:52,0
DA:53,43
DA:54,43
DA:55,1
DA:56,1
FN:60,System.Security.Cryptography.X509Certificates.X509Certificate2 CoreDocker.Api.Security.SecuritySetupServer::Certificate(System.String,System.String,System.String)
FNDA:1,System.Security.Cryptography.X509Certificates.X509Certificate2 CoreDocker.Api.Security.SecuritySetupServer::Certificate(System.String,System.String,System.String)
DA:61,1
DA:63,1
DA:64,1
DA:65,1
DA:66,1
DA:68,0
DA:69,0
DA:70,0
DA:71,0
DA:73,1
BRDA:65,15,0,0
BRDA:65,15,1,1
BRDA:66,26,0,1
BRDA:66,26,1,1
FN:75,System.Security.Cryptography.X509Certificates.X509Certificate2 CoreDocker.Api.Security.SecuritySetupServer::LoadCertFromStore(System.String)
FNDA:0,System.Security.Cryptography.X509Certificates.X509Certificate2 CoreDocker.Api.Security.SecuritySetupServer::LoadCertFromStore(System.String)
DA:76,0
DA:77,0
DA:78,0
DA:79,0
DA:80,0
DA:81,0
DA:82,0
DA:84,0
DA:85,0
DA:86,0
DA:87,0
BRDA:84,46,0,0
BRDA:84,46,1,0
FN:89,System.Security.Cryptography.X509Certificates.X509Certificate2 CoreDocker.Api.Security.SecuritySetupServer::LoadCertFromFile(System.String,System.String)
FNDA:1,System.Security.Cryptography.X509Certificates.X509Certificate2 CoreDocker.Api.Security.SecuritySetupServer::LoadCertFromFile(System.String,System.String)
DA:90,1
DA:91,1
DA:92,1
DA:93,0
DA:94,0
DA:95,0
DA:96,0
DA:98,1
DA:99,1
DA:100,1
DA:101,1
DA:104,0
DA:105,1
BRDA:92,24,0,0
BRDA:92,24,1,1
FN:17,System.Void CoreDocker.Api.Security.SecuritySetupServer::.cctor()
FNDA:1,System.Void CoreDocker.Api.Security.SecuritySetupServer::.cctor()
DA:18,1
BRDA:18,6,0,0
BRDA:18,6,1,1
LF:64
LH:40
BRF:16
BRH:8
FNF:6
FNH:5
end_of_record
SF:/CoreDocker/src/CoreDocker.Api/Security/UserClaimProvider.cs
FN:77,System.String CoreDocker.Api.Security.UserClaimProvider::ToPolicyName(CoreDocker.Dal.Models.Auth.Activity)
FNDA:37,System.String CoreDocker.Api.Security.UserClaimProvider::ToPolicyName(CoreDocker.Dal.Models.Auth.Activity)
DA:78,37
DA:79,37
DA:80,37
FN:84,System.Collections.Generic.List`1<System.Security.Claims.Claim> CoreDocker.Api.Security.UserClaimProvider::BuildClaimListForUser(CoreDocker.Dal.Models.Users.User)
FNDA:4,System.Collections.Generic.List`1<System.Security.Claims.Claim> CoreDocker.Api.Security.UserClaimProvider::BuildClaimListForUser(CoreDocker.Dal.Models.Users.User)
DA:85,4
DA:86,4
DA:87,4
DA:88,4
DA:89,4
DA:90,4
DA:91,4
DA:92,4
DA:93,4
DA:94,4
DA:95,4
DA:96,4
DA:97,12
DA:98,4
DA:99,27
DA:101,4
DA:102,4
BRDA:86,19,0,0
BRDA:86,19,1,4
BRDA:86,80,0,0
BRDA:86,80,1,4
BRDA:86,182,0,1
BRDA:86,182,1,3
FN:26,System.Void CoreDocker.Api.Security.UserClaimProvider::.ctor(CoreDocker.Core.Components.Users.IUserLookup,CoreDocker.Core.Components.Users.IRoleManager)
FNDA:7,System.Void CoreDocker.Api.Security.UserClaimProvider::.ctor(CoreDocker.Core.Components.Users.IUserLookup,CoreDocker.Core.Components.Users.IRoleManager)
DA:27,7
DA:28,7
DA:29,7
DA:30,7
DA:31,7
FN:35,System.Void CoreDocker.Api.Security.UserClaimProvider/<GetProfileDataAsync>d__3::MoveNext()
FNDA:0,System.Void CoreDocker.Api.Security.UserClaimProvider/<GetProfileDataAsync>d__3::MoveNext()
DA:36,0
DA:37,0
DA:39,0
DA:41,0
DA:43,0
DA:44,0
FN:46,System.Void CoreDocker.Api.Security.UserClaimProvider/<IsActiveAsync>d__4::MoveNext()
FNDA:0,System.Void CoreDocker.Api.Security.UserClaimProvider/<IsActiveAsync>d__4::MoveNext()
DA:47,0
DA:48,0
DA:49,0
DA:50,0
DA:51,0
FN:59,System.Void CoreDocker.Api.Security.UserClaimProvider/<ValidateAsync>d__5::MoveNext()
FNDA:4,System.Void CoreDocker.Api.Security.UserClaimProvider/<ValidateAsync>d__5::MoveNext()
DA:60,4
DA:61,4
DA:62,4
DA:63,4
DA:64,4
DA:65,4
DA:66,4
DA:67,4
DA:68,4
DA:69,4
DA:70,4
DA:71,4
BRDA:62,178,0,4
BRDA:62,178,1,4
LF:48
LH:37
BRF:8
BRH:6
FNF:6
FNH:4
end_of_record
SF:/CoreDocker/src/CoreDocker.Api/Mappers/MapApi.cs
FN:17,AutoMapper.IMapper CoreDocker.Api.Mappers.MapApi::GetInstance()
FNDA:10,AutoMapper.IMapper CoreDocker.Api.Mappers.MapApi::GetInstance()
DA:18,10
DA:19,10
DA:20,10
FN:23,CoreDocker.Shared.Models.Shared.ValueUpdateModel`1<TModel> CoreDocker.Api.Mappers.MapApi::ToValueUpdateModel(CoreDocker.Core.Framework.MessageUtil.Models.DalUpdateMessage`1<T>)
FNDA:0,CoreDocker.Shared.Models.Shared.ValueUpdateModel`1<TModel> CoreDocker.Api.Mappers.MapApi::ToValueUpdateModel(CoreDocker.Core.Framework.MessageUtil.Models.DalUpdateMessage`1<T>)
DA:24,0
DA:25,0
DA:26,0
DA:27,0
FN:29,System.Void CoreDocker.Api.Mappers.MapApi::AssertConfigurationIsValid()
FNDA:2,System.Void CoreDocker.Api.Mappers.MapApi::AssertConfigurationIsValid()
DA:30,2
DA:31,2
DA:32,2
FN:36,AutoMapper.IMapper CoreDocker.Api.Mappers.MapApi::InitializeMapping()
FNDA:1,AutoMapper.IMapper CoreDocker.Api.Mappers.MapApi::InitializeMapping()
DA:37,1
DA:38,1
DA:39,1
DA:40,1
DA:41,1
DA:42,1
DA:43,2
DA:44,1
DA:45,1
FN:12,System.Void CoreDocker.Api.Mappers.MapApi::.cctor()
FNDA:1,System.Void CoreDocker.Api.Mappers.MapApi::.cctor()
DA:13,1
DA:14,1
DA:15,1
LF:22
LH:18
BRF:0
BRH:0
FNF:5
FNH:4
end_of_record
SF:/CoreDocker/src/CoreDocker.Api/Mappers/MapApi.Project.cs
FN:10,CoreDocker.Dal.Models.Projects.Project CoreDocker.Api.Mappers.MapApi::ToDal(CoreDocker.Shared.Models.Projects.ProjectCreateUpdateModel,CoreDocker.Dal.Models.Projects.Project)
FNDA:0,CoreDocker.Dal.Models.Projects.Project CoreDocker.Api.Mappers.MapApi::ToDal(CoreDocker.Shared.Models.Projects.ProjectCreateUpdateModel,CoreDocker.Dal.Models.Projects.Project)
DA:11,0
DA:12,0
DA:13,0
FN:15,CoreDocker.Shared.Models.Projects.ProjectModel CoreDocker.Api.Mappers.MapApi::ToModel(CoreDocker.Dal.Models.Projects.Project,CoreDocker.Shared.Models.Projects.ProjectModel)
FNDA:0,CoreDocker.Shared.Models.Projects.ProjectModel CoreDocker.Api.Mappers.MapApi::ToModel(CoreDocker.Dal.Models.Projects.Project,CoreDocker.Shared.Models.Projects.ProjectModel)
DA:16,0
DA:17,0
DA:18,0
FN:20,System.Collections.Generic.IEnumerable`1<CoreDocker.Shared.Models.Projects.ProjectReferenceModel> CoreDocker.Api.Mappers.MapApi::ToReferenceModelList(System.Collections.Generic.IEnumerable`1<CoreDocker.Dal.Models.Projects.Project>)
FNDA:0,System.Collections.Generic.IEnumerable`1<CoreDocker.Shared.Models.Projects.ProjectReferenceModel> CoreDocker.Api.Mappers.MapApi::ToReferenceModelList(System.Collections.Generic.IEnumerable`1<CoreDocker.Dal.Models.Projects.Project>)
DA:21,0
DA:22,0
DA:23,0
FN:25,System.Collections.Generic.IEnumerable`1<CoreDocker.Shared.Models.Projects.ProjectModel> CoreDocker.Api.Mappers.MapApi::ToModelList(System.Collections.Generic.IEnumerable`1<CoreDocker.Dal.Models.Projects.Project>)
FNDA:0,System.Collections.Generic.IEnumerable`1<CoreDocker.Shared.Models.Projects.ProjectModel> CoreDocker.Api.Mappers.MapApi::ToModelList(System.Collections.Generic.IEnumerable`1<CoreDocker.Dal.Models.Projects.Project>)
DA:26,0
DA:27,0
DA:28,0
FN:32,System.Void CoreDocker.Api.Mappers.MapApi::MapProjectModel(AutoMapper.IMapperConfigurationExpression)
FNDA:1,System.Void CoreDocker.Api.Mappers.MapApi::MapProjectModel(AutoMapper.IMapperConfigurationExpression)
DA:33,1
DA:34,1
DA:35,1
DA:36,1
DA:37,1
DA:38,1
LF:18
LH:6
BRF:0
BRH:0
FNF:5
FNH:1
end_of_record
SF:/CoreDocker/src/CoreDocker.Api/Mappers/MapApi.User.cs
FN:10,CoreDocker.Shared.Models.Users.RoleModel CoreDocker.Api.Mappers.MapApi::ToModel(CoreDocker.Dal.Models.Users.Role,CoreDocker.Shared.Models.Users.RoleModel)
FNDA:0,CoreDocker.Shared.Models.Users.RoleModel CoreDocker.Api.Mappers.MapApi::ToModel(CoreDocker.Dal.Models.Users.Role,CoreDocker.Shared.Models.Users.RoleModel)
DA:11,0
DA:12,0
DA:13,0
FN:18,System.Void CoreDocker.Api.Mappers.MapApi::MapUserModel(AutoMapper.IMapperConfigurationExpression)
FNDA:1,System.Void CoreDocker.Api.Mappers.MapApi::MapUserModel(AutoMapper.IMapperConfigurationExpression)
DA:19,1
DA:21,1
DA:22,1
DA:23,1
DA:24,1
DA:25,1
DA:26,1
DA:27,1
DA:28,1
DA:29,1
DA:30,2
DA:32,1
DA:33,1
DA:34,1
DA:35,1
DA:36,1
DA:37,1
DA:38,1
DA:39,1
DA:40,1
DA:41,2
DA:42,1
LF:25
LH:22
BRF:0
BRH:0
FNF:2
FNH:1
end_of_record
SF:/CoreDocker/src/CoreDocker.Api/Mappers/MapApi.UserGrant.cs
FN:9,CoreDocker.Dal.Models.Users.UserGrant CoreDocker.Api.Mappers.MapApi::ToGrant(IdentityServer4.Models.PersistedGrant,CoreDocker.Dal.Models.Users.UserGrant)
FNDA:4,CoreDocker.Dal.Models.Users.UserGrant CoreDocker.Api.Mappers.MapApi::ToGrant(IdentityServer4.Models.PersistedGrant,CoreDocker.Dal.Models.Users.UserGrant)
DA:10,4
DA:11,4
DA:12,4
FN:14,IdentityServer4.Models.PersistedGrant CoreDocker.Api.Mappers.MapApi::ToPersistanceGrant(CoreDocker.Dal.Models.Users.UserGrant,IdentityServer4.Models.PersistedGrant)
FNDA:3,IdentityServer4.Models.PersistedGrant CoreDocker.Api.Mappers.MapApi::ToPersistanceGrant(CoreDocker.Dal.Models.Users.UserGrant,IdentityServer4.Models.PersistedGrant)
DA:15,3
DA:16,3
DA:17,3
FN:21,System.Void CoreDocker.Api.Mappers.MapApi::MapUserGrantModel(AutoMapper.IMapperConfigurationExpression)
FNDA:1,System.Void CoreDocker.Api.Mappers.MapApi::MapUserGrantModel(AutoMapper.IMapperConfigurationExpression)
DA:22,1
DA:23,1
DA:24,1
DA:25,1
DA:26,1
DA:27,2
DA:28,1
DA:29,1
DA:30,1
DA:31,1
DA:32,1
DA:33,2
DA:34,1
LF:19
LH:19
BRF:0
BRH:0
FNF:3
FNH:3
end_of_record
SF:/CoreDocker/src/CoreDocker.Api/Mappers/MapperHelper.cs
FN:9,AutoMapper.IMappingExpression`2<T1,T2> CoreDocker.Api.Mappers.MapperHelper::MapToDal(AutoMapper.IMappingExpression`2<T1,T2>)
FNDA:1,AutoMapper.IMappingExpression`2<T1,T2> CoreDocker.Api.Mappers.MapperHelper::MapToDal(AutoMapper.IMappingExpression`2<T1,T2>)
DA:10,1
DA:11,2
DA:12,1
DA:13,2
DA:15,1
DA:16,1
BRDA:11,65,0,1
BRDA:11,65,1,1
BRDA:11,160,0,1
BRDA:11,160,1,1
BRDA:11,255,0,1
BRDA:11,255,1,1
LF:6
LH:6
BRF:6
BRH:6
FNF:1
FNH:1
end_of_record
SF:/CoreDocker/src/CoreDocker.Api/GraphQl/DefaultMutation.cs
FN:10,System.Void CoreDocker.Api.GraphQl.DefaultMutation::Configure(HotChocolate.Types.IObjectTypeDescriptor)
FNDA:1,System.Void CoreDocker.Api.GraphQl.DefaultMutation::Configure(HotChocolate.Types.IObjectTypeDescriptor)
DA:11,1
DA:12,1
DA:13,1
DA:14,1
DA:15,6
DA:16,1
DA:17,1
DA:18,10
DA:19,1
LF:9
LH:9
BRF:0
BRH:0
FNF:1
FNH:1
end_of_record
SF:/CoreDocker/src/CoreDocker.Api/GraphQl/DefaultQuery.cs
FN:9,System.Void CoreDocker.Api.GraphQl.DefaultQuery::Configure(HotChocolate.Types.IObjectTypeDescriptor)
FNDA:1,System.Void CoreDocker.Api.GraphQl.DefaultQuery::Configure(HotChocolate.Types.IObjectTypeDescriptor)
DA:10,1
DA:11,1
DA:12,1
DA:13,1
DA:14,7
DA:15,1
DA:16,1
DA:17,12
DA:18,1
LF:9
LH:9
BRF:0
BRH:0
FNF:1
FNH:1
end_of_record
SF:/CoreDocker/src/CoreDocker.Api/GraphQl/DefaultSubscription.cs
FN:19,System.Void CoreDocker.Api.GraphQl.DefaultSubscription::.ctor(CoreDocker.Api.GraphQl.SubscriptionSubscribe)
FNDA:1,System.Void CoreDocker.Api.GraphQl.DefaultSubscription::.ctor(CoreDocker.Api.GraphQl.SubscriptionSubscribe)
DA:20,1
DA:21,1
DA:22,1
DA:23,1
FN:28,System.Void CoreDocker.Api.GraphQl.DefaultSubscription/<OnDefaultEvent>d__2::MoveNext()
FNDA:1,System.Void CoreDocker.Api.GraphQl.DefaultSubscription/<OnDefaultEvent>d__2::MoveNext()
DA:29,1
DA:30,1
DA:31,1
DA:32,1
DA:33,1
FN:50,System.Void CoreDocker.Api.GraphQl.SubscriptionSubscribe::SendValue(CoreDocker.Core.Framework.Subscriptions.RealTimeNotificationsMessage)
FNDA:7,System.Void CoreDocker.Api.GraphQl.SubscriptionSubscribe::SendValue(CoreDocker.Core.Framework.Subscriptions.RealTimeNotificationsMessage)
DA:51,7
DA:52,7
DA:53,7
FN:55,System.Void CoreDocker.Api.GraphQl.SubscriptionSubscribe::AddSubscription(System.Threading.CancellationToken)
FNDA:1,System.Void CoreDocker.Api.GraphQl.SubscriptionSubscribe::AddSubscription(System.Threading.CancellationToken)
DA:56,1
DA:57,1
DA:58,1
DA:59,1
DA:60,1
DA:61,1
DA:62,1
DA:64,1
DA:65,1
DA:66,1
DA:67,1
DA:68,2
DA:69,1
BRDA:59,51,0,1
BRDA:59,51,1,1
FN:43,System.Void CoreDocker.Api.GraphQl.SubscriptionSubscribe::.ctor(CoreDocker.Core.Framework.Subscriptions.SubscriptionNotifications,HotChocolate.Subscriptions.ITopicEventSender)
FNDA:1,System.Void CoreDocker.Api.GraphQl.SubscriptionSubscribe::.ctor(CoreDocker.Core.Framework.Subscriptions.SubscriptionNotifications,HotChocolate.Subscriptions.ITopicEventSender)
DA:44,1
DA:45,1
DA:46,1
DA:47,2
DA:48,1
FN:38,System.Void CoreDocker.Api.GraphQl.SubscriptionSubscribe::.cctor()
FNDA:1,System.Void CoreDocker.Api.GraphQl.SubscriptionSubscribe::.cctor()
DA:39,1
BRDA:39,6,0,0
BRDA:39,6,1,1
FN:76,System.Void CoreDocker.Api.GraphQl.RealTimeNotificationsMessageType::Configure(HotChocolate.Types.IObjectTypeDescriptor`1<CoreDocker.Core.Framework.Subscriptions.RealTimeNotificationsMessage>)
FNDA:0,System.Void CoreDocker.Api.GraphQl.RealTimeNotificationsMessageType::Configure(HotChocolate.Types.IObjectTypeDescriptor`1<CoreDocker.Core.Framework.Subscriptions.RealTimeNotificationsMessage>)
DA:77,0
DA:78,0
DA:79,0
DA:80,0
DA:81,0
DA:82,0
LF:37
LH:31
BRF:4
BRH:3
FNF:7
FNH:6
end_of_record
SF:/CoreDocker/src/CoreDocker.Api/GraphQl/ErrorFilter.cs
FN:19,HotChocolate.IError CoreDocker.Api.GraphQl.ErrorFilter::OnError(HotChocolate.IError)
FNDA:5,HotChocolate.IError CoreDocker.Api.GraphQl.ErrorFilter::OnError(HotChocolate.IError)
DA:20,5
DA:21,5
DA:22,0
DA:23,0
DA:24,0
DA:25,0
DA:26,0
DA:27,0
DA:28,0
DA:29,0
DA:31,5
DA:33,7
DA:35,3
DA:37,3
DA:39,3
DA:40,3
DA:41,5
BRDA:21,19,0,0
BRDA:24,49,0,0
BRDA:24,49,1,0
BRDA:27,100,0,0
BRDA:27,100,1,0
BRDA:21,19,1,5
BRDA:31,136,0,0
BRDA:31,136,1,5
BRDA:33,173,0,2
BRDA:33,173,1,3
BRDA:35,208,0,0
BRDA:35,208,1,3
BRDA:37,240,0,0
BRDA:37,240,1,3
BRDA:40,285,0,3
BRDA:40,285,1,0
BRDA:40,317,0,3
BRDA:40,317,1,3
FN:43,System.String CoreDocker.Api.GraphQl.ErrorFilter::BuildMessage(HotChocolate.IError)
FNDA:5,System.String CoreDocker.Api.GraphQl.ErrorFilter::BuildMessage(HotChocolate.IError)
DA:44,5
DA:45,5
DA:46,5
BRDA:45,46,0,0
BRDA:45,46,1,5
BRDA:45,85,0,3
BRDA:45,85,1,2
BRDA:45,97,0,3
BRDA:45,97,1,5
FN:48,HotChocolate.IError CoreDocker.Api.GraphQl.ErrorFilter::LogAndThrowValidation(HotChocolate.IError,FluentValidation.ValidationException)
FNDA:2,HotChocolate.IError CoreDocker.Api.GraphQl.ErrorFilter::LogAndThrowValidation(HotChocolate.IError,FluentValidation.ValidationException)
DA:49,2
DA:50,2
DA:51,2
DA:52,2
DA:53,2
BRDA:51,26,0,0
BRDA:51,26,1,2
BRDA:51,48,0,0
BRDA:51,58,0,0
BRDA:51,58,1,0
BRDA:51,70,0,0
BRDA:51,48,1,2
BRDA:51,70,1,2
FN:14,System.Void CoreDocker.Api.GraphQl.ErrorFilter::.cctor()
FNDA:1,System.Void CoreDocker.Api.GraphQl.ErrorFilter::.cctor()
DA:15,1
BRDA:15,6,0,0
BRDA:15,6,1,1
LF:26
LH:18
BRF:34
BRH:18
FNF:4
FNH:4
end_of_record
SF:/CoreDocker/src/CoreDocker.Api/GraphQl/GraphQlExtensions.cs
FN:9,System.Void CoreDocker.Api.GraphQl.GraphQlExtensions::RequirePermission(HotChocolate.Types.IObjectFieldDescriptor,CoreDocker.Dal.Models.Auth.Activity)
FNDA:14,System.Void CoreDocker.Api.GraphQl.GraphQlExtensions::RequirePermission(HotChocolate.Types.IObjectFieldDescriptor,CoreDocker.Dal.Models.Auth.Activity)
DA:10,14
DA:11,14
DA:12,14
FN:14,System.Void CoreDocker.Api.GraphQl.GraphQlExtensions::RequireAuthorization(HotChocolate.Types.IObjectFieldDescriptor)
FNDA:1,System.Void CoreDocker.Api.GraphQl.GraphQlExtensions::RequireAuthorization(HotChocolate.Types.IObjectFieldDescriptor)
DA:15,1
DA:16,1
DA:17,1
LF:6
LH:6
BRF:0
BRH:0
FNF:2
FNH:2
end_of_record
SF:/CoreDocker/src/CoreDocker.Api/GraphQl/GraphQlSetup.cs
FN:14,System.Void CoreDocker.Api.GraphQl.GraphQlSetup::AddGraphQl(Microsoft.Extensions.DependencyInjection.IServiceCollection)
FNDA:1,System.Void CoreDocker.Api.GraphQl.GraphQlSetup::AddGraphQl(Microsoft.Extensions.DependencyInjection.IServiceCollection)
DA:15,1
DA:16,1
DA:17,1
DA:18,1
DA:19,1
DA:20,1
DA:21,1
DA:22,1
FN:24,System.Void CoreDocker.Api.GraphQl.GraphQlSetup::AddGraphQl(Microsoft.AspNetCore.Builder.IApplicationBuilder)
FNDA:1,System.Void CoreDocker.Api.GraphQl.GraphQlSetup::AddGraphQl(Microsoft.AspNetCore.Builder.IApplicationBuilder)
DA:25,1
DA:26,1
DA:27,2
DA:28,1
DA:29,1
LF:13
LH:13
BRF:0
BRH:0
FNF:2
FNH:2
end_of_record
SF:/CoreDocker/src/CoreDocker.Api/GraphQl/GraphQlUserContext.cs
FN:13,System.Threading.Tasks.Task`1<CoreDocker.Dal.Models.Users.User> CoreDocker.Api.GraphQl.GraphQlUserContextHelper::GetUser(HotChocolate.Resolvers.IResolverContext,CoreDocker.Core.Components.Users.IUserLookup)
FNDA:3,System.Threading.Tasks.Task`1<CoreDocker.Dal.Models.Users.User> CoreDocker.Api.GraphQl.GraphQlUserContextHelper::GetUser(HotChocolate.Resolvers.IResolverContext,CoreDocker.Core.Components.Users.IUserLookup)
DA:14,3
DA:15,6
DA:16,3
DA:17,3
FN:19,System.Threading.Tasks.Task`1<CoreDocker.Dal.Models.Users.User> CoreDocker.Api.GraphQl.GraphQlUserContextHelper::ReadFromClaimsPrinciple(HotChocolate.Resolvers.IResolverContext,CoreDocker.Core.Components.Users.IUserLookup)
FNDA:3,System.Threading.Tasks.Task`1<CoreDocker.Dal.Models.Users.User> CoreDocker.Api.GraphQl.GraphQlUserContextHelper::ReadFromClaimsPrinciple(HotChocolate.Resolvers.IResolverContext,CoreDocker.Core.Components.Users.IUserLookup)
DA:20,3
DA:21,3
DA:22,3
DA:23,3
DA:24,36
DA:25,3
DA:26,3
DA:27,3
DA:29,0
DA:31,0
DA:32,3
BRDA:21,21,0,3
BRDA:24,74,0,0
BRDA:24,74,1,3
BRDA:25,99,0,3
BRDA:25,99,1,0
BRDA:21,21,1,0
LF:15
LH:13
BRF:6
BRH:3
FNF:2
FNH:2
end_of_record
SF:/CoreDocker/src/CoreDocker.Api/GraphQl/DynamicQuery/GraphQlQueryOptions.cs
FN:32,System.Threading.Tasks.Task`1<CoreDocker.Core.Framework.CommandQuery.PagedList`1<TDal>> CoreDocker.Api.GraphQl.DynamicQuery.GraphQlQueryOptions`2::Paged(HotChocolate.Resolvers.IResolverContext,TOptions)
FNDA:6,System.Threading.Tasks.Task`1<CoreDocker.Core.Framework.CommandQuery.PagedList`1<TDal>> CoreDocker.Api.GraphQl.DynamicQuery.GraphQlQueryOptions`2::Paged(HotChocolate.Resolvers.IResolverContext,TOptions)
DA:33,6
DA:34,6
DA:36,66
DA:38,6
DA:39,6
BRDA:34,8,0,6
BRDA:34,8,1,6
BRDA:36,57,1,16
BRDA:36,57,0,6
FN:41,System.Collections.Generic.IEnumerable`1<TDal> CoreDocker.Api.GraphQl.DynamicQuery.GraphQlQueryOptions`2::Query(HotChocolate.Resolvers.IResolverContext)
FNDA:0,System.Collections.Generic.IEnumerable`1<TDal> CoreDocker.Api.GraphQl.DynamicQuery.GraphQlQueryOptions`2::Query(HotChocolate.Resolvers.IResolverContext)
DA:42,0
DA:43,0
DA:44,0
DA:45,0
FN:47,HotChocolate.Types.IObjectFieldDescriptor CoreDocker.Api.GraphQl.DynamicQuery.GraphQlQueryOptions`2::AddArguments(HotChocolate.Types.IObjectFieldDescriptor)
FNDA:2,HotChocolate.Types.IObjectFieldDescriptor CoreDocker.Api.GraphQl.DynamicQuery.GraphQlQueryOptions`2::AddArguments(HotChocolate.Types.IObjectFieldDescriptor)
DA:48,2
DA:49,24
DA:51,2
DA:52,2
BRDA:49,39,1,6
BRDA:49,39,0,2
FN:55,CoreDocker.Api.GraphQl.DynamicQuery.GraphQlQueryOptions`2<TDal,TOptions> CoreDocker.Api.GraphQl.DynamicQuery.GraphQlQueryOptions`2::AddArguments(System.String,System.String,System.Action`2<TOptions,HotChocolate.Resolvers.IResolverContext>)
FNDA:2,CoreDocker.Api.GraphQl.DynamicQuery.GraphQlQueryOptions`2<TDal,TOptions> CoreDocker.Api.GraphQl.DynamicQuery.GraphQlQueryOptions`2::AddArguments(System.String,System.String,System.Action`2<TOptions,HotChocolate.Resolvers.IResolverContext>)
DA:56,2
DA:57,2
DA:58,2
DA:59,2
FN:18,System.Void CoreDocker.Api.GraphQl.DynamicQuery.GraphQlQueryOptions`2::.ctor(System.Func`2<TOptions,System.Threading.Tasks.Task`1<CoreDocker.Core.Framework.CommandQuery.PagedList`1<TDal>>>)
FNDA:2,System.Void CoreDocker.Api.GraphQl.DynamicQuery.GraphQlQueryOptions`2::.ctor(System.Func`2<TOptions,System.Threading.Tasks.Task`1<CoreDocker.Core.Framework.CommandQuery.PagedList`1<TDal>>>)
DA:19,2
DA:20,2
DA:21,2
DA:22,2
DA:23,2
DA:24,2
DA:25,6
DA:26,2
DA:27,6
DA:28,2
DA:29,2
BRDA:22,38,0,2
BRDA:22,38,1,2
BRDA:22,91,0,2
BRDA:22,91,1,2
BRDA:25,30,0,4
BRDA:25,30,1,2
FN:70,System.Void CoreDocker.Api.GraphQl.DynamicQuery.GraphQlQueryOptions`2/Arg`1::Apply(HotChocolate.Types.IObjectFieldDescriptor)
FNDA:6,System.Void CoreDocker.Api.GraphQl.DynamicQuery.GraphQlQueryOptions`2/Arg`1::Apply(HotChocolate.Types.IObjectFieldDescriptor)
DA:71,6
DA:72,12
DA:73,6
FN:65,System.Void CoreDocker.Api.GraphQl.DynamicQuery.GraphQlQueryOptions`2/Arg`1::.ctor(System.String,System.String,System.Action`2<TOptions,HotChocolate.Resolvers.IResolverContext>)
FNDA:6,System.Void CoreDocker.Api.GraphQl.DynamicQuery.GraphQlQueryOptions`2/Arg`1::.ctor(System.String,System.String,System.Action`2<TOptions,HotChocolate.Resolvers.IResolverContext>)
DA:66,6
DA:67,6
DA:68,6
FN:88,System.String CoreDocker.Api.GraphQl.DynamicQuery.GraphQlQueryOptions`2/ArgBase::get_Name()
FNDA:6,System.String CoreDocker.Api.GraphQl.DynamicQuery.GraphQlQueryOptions`2/ArgBase::get_Name()
DA:89,6
FN:89,System.String CoreDocker.Api.GraphQl.DynamicQuery.GraphQlQueryOptions`2/ArgBase::get_Description()
FNDA:6,System.String CoreDocker.Api.GraphQl.DynamicQuery.GraphQlQueryOptions`2/ArgBase::get_Description()
DA:90,6
FN:90,System.Action`2<TOptions,HotChocolate.Resolvers.IResolverContext> CoreDocker.Api.GraphQl.DynamicQuery.GraphQlQueryOptions`2/ArgBase::get_ApplyArgument()
FNDA:16,System.Action`2<TOptions,HotChocolate.Resolvers.IResolverContext> CoreDocker.Api.GraphQl.DynamicQuery.GraphQlQueryOptions`2/ArgBase::get_ApplyArgument()
DA:91,16
FN:94,System.Void CoreDocker.Api.GraphQl.DynamicQuery.GraphQlQueryOptions`2/ArgBase::Apply(TOptions,HotChocolate.Resolvers.IResolverContext)
FNDA:16,System.Void CoreDocker.Api.GraphQl.DynamicQuery.GraphQlQueryOptions`2/ArgBase::Apply(TOptions,HotChocolate.Resolvers.IResolverContext)
DA:95,16
DA:96,16
DA:97,16
FN:81,System.Void CoreDocker.Api.GraphQl.DynamicQuery.GraphQlQueryOptions`2/ArgBase::.ctor(System.String,System.String,System.Action`2<TOptions,HotChocolate.Resolvers.IResolverContext>)
FNDA:6,System.Void CoreDocker.Api.GraphQl.DynamicQuery.GraphQlQueryOptions`2/ArgBase::.ctor(System.String,System.String,System.Action`2<TOptions,HotChocolate.Resolvers.IResolverContext>)
DA:82,6
DA:83,6
DA:84,6
DA:85,6
DA:86,6
DA:87,6
LF:46
LH:42
BRF:12
BRH:12
FNF:12
FNH:11
end_of_record
SF:/CoreDocker/src/CoreDocker.Api/GraphQl/DynamicQuery/GraphQlQueryOptionsHelper.cs
FN:11,HotChocolate.Types.IObjectFieldDescriptor CoreDocker.Api.GraphQl.DynamicQuery.GraphQlQueryOptionsHelper::AddOptions(HotChocolate.Types.IObjectFieldDescriptor,CoreDocker.Api.GraphQl.DynamicQuery.GraphQlQueryOptions`2<TDal,TOptions>)
FNDA:2,HotChocolate.Types.IObjectFieldDescriptor CoreDocker.Api.GraphQl.DynamicQuery.GraphQlQueryOptionsHelper::AddOptions(HotChocolate.Types.IObjectFieldDescriptor,CoreDocker.Api.GraphQl.DynamicQuery.GraphQlQueryOptions`2<TDal,TOptions>)
DA:12,2
DA:13,2
DA:14,2
LF:3
LH:3
BRF:0
BRH:0
FNF:1
FNH:1
end_of_record
SF:/CoreDocker/src/CoreDocker.Api/GraphQl/DynamicQuery/PagedListGraphType.cs
FN:9,System.Void CoreDocker.Api.GraphQl.DynamicQuery.PagedListGraphType`2::Configure(HotChocolate.Types.IObjectTypeDescriptor`1<CoreDocker.Core.Framework.CommandQuery.PagedList`1<TDal>>)
FNDA:2,System.Void CoreDocker.Api.GraphQl.DynamicQuery.PagedListGraphType`2::Configure(HotChocolate.Types.IObjectTypeDescriptor`1<CoreDocker.Core.Framework.CommandQuery.PagedList`1<TDal>>)
DA:10,2
DA:11,2
DA:12,2
DA:13,2
DA:14,2
DA:15,6
DA:16,2
DA:18,2
DA:19,2
DA:20,2
DA:21,2
DA:22,2
DA:23,2
BRDA:12,75,0,2
BRDA:12,75,1,2
BRDA:18,153,0,2
BRDA:18,153,1,2
LF:13
LH:13
BRF:4
BRH:4
FNF:1
FNH:1
end_of_record
SF:/CoreDocker/src/CoreDocker.Api/Components/CommandResultType.cs
FN:8,System.Void CoreDocker.Api.Components.CommandResultType::Configure(HotChocolate.Types.IObjectTypeDescriptor`1<CoreDocker.Core.Framework.CommandQuery.CommandResult>)
FNDA:0,System.Void CoreDocker.Api.Components.CommandResultType::Configure(HotChocolate.Types.IObjectTypeDescriptor`1<CoreDocker.Core.Framework.CommandQuery.CommandResult>)
DA:9,0
DA:10,0
DA:11,0
DA:12,0
DA:13,0
DA:14,0
DA:15,0
LF:7
LH:0
BRF:0
BRH:0
FNF:1
FNH:0
end_of_record
SF:/CoreDocker/src/CoreDocker.Api/Components/Users/RegisterType.cs
FN:8,System.Void CoreDocker.Api.Components.Users.RegisterType::Configure(HotChocolate.Types.IInputObjectTypeDescriptor`1<CoreDocker.Shared.Models.Users.RegisterModel>)
FNDA:1,System.Void CoreDocker.Api.Components.Users.RegisterType::Configure(HotChocolate.Types.IInputObjectTypeDescriptor`1<CoreDocker.Shared.Models.Users.RegisterModel>)
DA:9,1
DA:10,1
DA:11,1
DA:12,1
DA:13,1
DA:14,1
LF:6
LH:6
BRF:0
BRH:0
FNF:1
FNH:1
end_of_record
SF:/CoreDocker/src/CoreDocker.Api/Components/Users/RoleType.cs
FN:9,System.Void CoreDocker.Api.Components.Users.RoleType::Configure(HotChocolate.Types.IObjectTypeDescriptor`1<CoreDocker.Shared.Models.Users.RoleModel>)
FNDA:1,System.Void CoreDocker.Api.Components.Users.RoleType::Configure(HotChocolate.Types.IObjectTypeDescriptor`1<CoreDocker.Shared.Models.Users.RoleModel>)
DA:10,1
DA:11,1
DA:12,1
DA:13,1
DA:14,1
LF:5
LH:5
BRF:0
BRH:0
FNF:1
FNH:1
end_of_record
SF:/CoreDocker/src/CoreDocker.Api/Components/Users/UserCreateUpdateType.cs
FN:9,System.Void CoreDocker.Api.Components.Users.UserCreateUpdateType::Configure(HotChocolate.Types.IInputObjectTypeDescriptor`1<CoreDocker.Shared.Models.Users.UserCreateUpdateModel>)
[...]
DA:35,4
DA:36,4
DA:37,4
FN:39,System.Threading.Tasks.Task CoreDocker.Core.Components.Users.UserGrantLookup::Delete(System.String)
FNDA:0,System.Threading.Tasks.Task CoreDocker.Core.Components.Users.UserGrantLookup::Delete(System.String)
DA:40,0
DA:41,0
DA:42,0
FN:10,System.Void CoreDocker.Core.Components.Users.UserGrantLookup::.ctor(CoreDocker.Dal.Persistence.IRepository`1<CoreDocker.Dal.Models.Users.UserGrant>)
FNDA:32,System.Void CoreDocker.Core.Components.Users.UserGrantLookup::.ctor(CoreDocker.Dal.Persistence.IRepository`1<CoreDocker.Dal.Models.Users.UserGrant>)
DA:11,32
DA:12,32
DA:13,32
DA:14,32
LF:17
LH:11
BRF:0
BRH:0
FNF:6
FNH:4
end_of_record
SF:/CoreDocker/src/CoreDocker.Core/Components/Users/UserLookup.cs
FN:25,CoreDocker.Dal.Persistence.IRepository`1<CoreDocker.Dal.Models.Users.User> CoreDocker.Core.Components.Users.UserLookup::get_Repository()
FNDA:17,CoreDocker.Dal.Persistence.IRepository`1<CoreDocker.Dal.Models.Users.User> CoreDocker.Core.Components.Users.UserLookup::get_Repository()
DA:26,17
FN:32,System.Threading.Tasks.Task`1<CoreDocker.Core.Framework.CommandQuery.PagedList`1<CoreDocker.Dal.Models.Users.User>> CoreDocker.Core.Components.Users.UserLookup::GetPagedUsers(CoreDocker.Core.Components.Users.UserPagedLookupOptions)
FNDA:2,System.Threading.Tasks.Task`1<CoreDocker.Core.Framework.CommandQuery.PagedList`1<CoreDocker.Dal.Models.Users.User>> CoreDocker.Core.Components.Users.UserLookup::GetPagedUsers(CoreDocker.Core.Components.Users.UserPagedLookupOptions)
DA:33,2
DA:34,2
DA:35,2
DA:36,2
DA:37,2
DA:38,0
DA:39,0
DA:40,0
DA:41,0
DA:42,2
DA:43,2
DA:44,2
DA:45,2
DA:46,2
DA:47,2
DA:48,2
DA:49,2
DA:50,0
DA:51,0
DA:52,2
DA:53,0
DA:54,2
DA:55,2
DA:56,2
DA:57,4
DA:58,2
BRDA:37,39,0,0
BRDA:37,39,1,2
BRDA:43,632,0,2
BRDA:44,661,0,2
BRDA:44,677,0,0
BRDA:44,677,1,2
BRDA:44,684,1,0
BRDA:44,661,1,0
BRDA:44,684,0,0
BRDA:43,632,1,2
FN:18,System.Void CoreDocker.Core.Components.Users.UserLookup::.ctor(CoreDocker.Dal.Persistence.IRepository`1<CoreDocker.Dal.Models.Users.User>)
FNDA:40,System.Void CoreDocker.Core.Components.Users.UserLookup::.ctor(CoreDocker.Dal.Persistence.IRepository`1<CoreDocker.Dal.Models.Users.User>)
DA:19,40
DA:20,40
DA:21,40
DA:22,40
FN:16,System.Void CoreDocker.Core.Components.Users.UserLookup::.cctor()
FNDA:0,System.Void CoreDocker.Core.Components.Users.UserLookup::.cctor()
DA:17,0
BRDA:17,6,0,0
BRDA:17,6,1,0
FN:86,System.Void CoreDocker.Core.Components.Users.UserLookup/<>c::<UpdateLastLoginDate>b__8_1(CoreDocker.Dal.Persistence.IUpdateCalls`1<CoreDocker.Dal.Models.Users.User>)
FNDA:0,System.Void CoreDocker.Core.Components.Users.UserLookup/<>c::<UpdateLastLoginDate>b__8_1(CoreDocker.Dal.Persistence.IUpdateCalls`1<CoreDocker.Dal.Models.Users.User>)
DA:87,0
FN:79,System.Void CoreDocker.Core.Components.Users.UserLookup/<GetUserByEmail>d__7::MoveNext()
FNDA:4,System.Void CoreDocker.Core.Components.Users.UserLookup/<GetUserByEmail>d__7::MoveNext()
DA:80,4
DA:81,4
DA:82,4
DA:83,4
BRDA:81,62,0,0
BRDA:81,62,1,4
FN:60,System.Void CoreDocker.Core.Components.Users.UserLookup/<GetUserByEmailAndPassword>d__6::MoveNext()
FNDA:4,System.Void CoreDocker.Core.Components.Users.UserLookup/<GetUserByEmailAndPassword>d__6::MoveNext()
DA:61,4
DA:62,4
DA:63,4
DA:64,4
DA:65,4
DA:66,0
DA:67,0
DA:68,0
DA:69,0
DA:70,4
DA:72,0
DA:73,0
DA:74,0
DA:76,4
DA:77,4
BRDA:63,153,0,0
BRDA:63,153,1,4
BRDA:63,171,0,4
BRDA:65,203,0,0
BRDA:65,203,1,4
BRDA:63,171,1,0
FN:85,System.Void CoreDocker.Core.Components.Users.UserLookup/<UpdateLastLoginDate>d__8::MoveNext()
FNDA:0,System.Void CoreDocker.Core.Components.Users.UserLookup/<UpdateLastLoginDate>d__8::MoveNext()
DA:86,0
DA:88,0
DA:89,0
DA:90,0
DA:92,0
BRDA:88,337,0,0
BRDA:88,337,1,0
LF:57
LH:36
BRF:22
BRH:9
FNF:8
FNH:5
end_of_record
SF:/CoreDocker/src/CoreDocker.Core/Components/Users/UserPagedLookupOptions.cs
FN:6,System.String CoreDocker.Core.Components.Users.UserPagedLookupOptions::get_Search()
FNDA:4,System.String CoreDocker.Core.Components.Users.UserPagedLookupOptions::get_Search()
DA:7,4
FN:7,System.Nullable`1<CoreDocker.Core.Components.Users.UserPagedLookupOptions/SortOptions> CoreDocker.Core.Components.Users.UserPagedLookupOptions::get_Sort()
FNDA:6,System.Nullable`1<CoreDocker.Core.Components.Users.UserPagedLookupOptions/SortOptions> CoreDocker.Core.Components.Users.UserPagedLookupOptions::get_Sort()
DA:8,6
LF:2
LH:2
BRF:0
BRH:0
FNF:2
FNH:2
end_of_record
SF:/CoreDocker/src/CoreDocker.Core/Components/Users/UserRealtimeEventHandler.cs
FN:21,System.Threading.Tasks.Task CoreDocker.Core.Components.Users.UserRealTimeEventHandler::Handle(CoreDocker.Core.Components.Users.UserCreate/Notification,System.Threading.CancellationToken)
FNDA:3,System.Threading.Tasks.Task CoreDocker.Core.Components.Users.UserRealTimeEventHandler::Handle(CoreDocker.Core.Components.Users.UserCreate/Notification,System.Threading.CancellationToken)
DA:22,3
DA:23,3
DA:24,3
FN:30,System.Threading.Tasks.Task CoreDocker.Core.Components.Users.UserRealTimeEventHandler::Handle(CoreDocker.Core.Components.Users.UserUpdate/Notification,System.Threading.CancellationToken)
FNDA:1,System.Threading.Tasks.Task CoreDocker.Core.Components.Users.UserRealTimeEventHandler::Handle(CoreDocker.Core.Components.Users.UserUpdate/Notification,System.Threading.CancellationToken)
DA:31,1
DA:32,1
DA:33,1
FN:39,System.Threading.Tasks.Task CoreDocker.Core.Components.Users.UserRealTimeEventHandler::Handle(CoreDocker.Core.Components.Users.UserRemove/Notification,System.Threading.CancellationToken)
FNDA:3,System.Threading.Tasks.Task CoreDocker.Core.Components.Users.UserRealTimeEventHandler::Handle(CoreDocker.Core.Components.Users.UserRemove/Notification,System.Threading.CancellationToken)
DA:40,3
DA:41,3
DA:42,3
FN:13,System.Void CoreDocker.Core.Components.Users.UserRealTimeEventHandler::.ctor(CoreDocker.Core.Framework.Subscriptions.SubscriptionNotifications)
FNDA:7,System.Void CoreDocker.Core.Components.Users.UserRealTimeEventHandler::.ctor(CoreDocker.Core.Framework.Subscriptions.SubscriptionNotifications)
DA:14,7
DA:15,7
DA:16,7
DA:17,7
LF:13
LH:13
BRF:0
BRH:0
FNF:4
FNH:4
end_of_record
SF:/CoreDocker/src/CoreDocker.Core/Components/Users/UserRemove.cs
FN:18,System.Void CoreDocker.Core.Components.Users.UserRemove/Handler::.ctor(CoreDocker.Dal.Persistence.IGeneralUnitOfWorkFactory,CoreDocker.Core.Framework.CommandQuery.ICommander)
FNDA:3,System.Void CoreDocker.Core.Components.Users.UserRemove/Handler::.ctor(CoreDocker.Dal.Persistence.IGeneralUnitOfWorkFactory,CoreDocker.Core.Framework.CommandQuery.ICommander)
DA:19,3
DA:20,3
DA:21,3
DA:22,3
DA:23,3
DA:24,3
FN:28,System.Void CoreDocker.Core.Components.Users.UserRemove/Handler/<ProcessCommand>d__3::MoveNext()
FNDA:3,System.Void CoreDocker.Core.Components.Users.UserRemove/Handler/<ProcessCommand>d__3::MoveNext()
DA:29,3
DA:30,3
DA:31,3
DA:32,3
DA:33,3
DA:34,3
DA:35,3
DA:36,3
FN:46,System.Boolean CoreDocker.Core.Components.Users.UserRemove/Notification::get_WasRemoved()
FNDA:6,System.Boolean CoreDocker.Core.Components.Users.UserRemove/Notification::get_WasRemoved()
DA:47,6
FN:50,System.String CoreDocker.Core.Components.Users.UserRemove/Notification::get_EventName()
FNDA:9,System.String CoreDocker.Core.Components.Users.UserRemove/Notification::get_EventName()
DA:51,9
FN:59,System.Void CoreDocker.Core.Components.Users.UserRemove/Request::.ctor(System.String)
FNDA:3,System.Void CoreDocker.Core.Components.Users.UserRemove/Request::.ctor(System.String)
DA:60,3
LF:17
LH:17
BRF:0
BRH:0
FNF:5
FNH:5
end_of_record
SF:/CoreDocker/src/CoreDocker.Core/Components/Users/UserUpdate.cs
FN:21,System.Void CoreDocker.Core.Components.Users.UserUpdate/Handler::.ctor(CoreDocker.Dal.Persistence.IGeneralUnitOfWorkFactory,CoreDocker.Dal.Validation.IValidatorFactory,CoreDocker.Core.Framework.CommandQuery.ICommander)
FNDA:1,System.Void CoreDocker.Core.Components.Users.UserUpdate/Handler::.ctor(CoreDocker.Dal.Persistence.IGeneralUnitOfWorkFactory,CoreDocker.Dal.Validation.IValidatorFactory,CoreDocker.Core.Framework.CommandQuery.ICommander)
DA:22,1
DA:23,1
DA:24,1
DA:25,1
DA:26,1
DA:27,1
DA:28,1
FN:40,System.Void CoreDocker.Core.Components.Users.UserUpdate/Handler/<>c__DisplayClass4_0::<ProcessCommand>b__1(CoreDocker.Dal.Persistence.IUpdateCalls`1<CoreDocker.Dal.Models.Users.User>)
FNDA:2,System.Void CoreDocker.Core.Components.Users.UserUpdate/Handler/<>c__DisplayClass4_0::<ProcessCommand>b__1(CoreDocker.Dal.Persistence.IUpdateCalls`1<CoreDocker.Dal.Models.Users.User>)
DA:41,2
DA:42,2
DA:43,2
DA:44,2
DA:45,2
FN:32,System.Void CoreDocker.Core.Components.Users.UserUpdate/Handler/<ProcessCommand>d__4::MoveNext()
FNDA:1,System.Void CoreDocker.Core.Components.Users.UserUpdate/Handler/<ProcessCommand>d__4::MoveNext()
DA:33,1
DA:34,1
DA:35,1
DA:36,1
DA:37,1
DA:40,1
DA:46,1
DA:47,1
DA:49,1
DA:50,1
FN:60,System.String CoreDocker.Core.Components.Users.UserUpdate/Notification::get_Name()
FNDA:3,System.String CoreDocker.Core.Components.Users.UserUpdate/Notification::get_Name()
DA:61,3
FN:61,System.String CoreDocker.Core.Components.Users.UserUpdate/Notification::get_Email()
FNDA:3,System.String CoreDocker.Core.Components.Users.UserUpdate/Notification::get_Email()
DA:62,3
FN:62,System.Boolean CoreDocker.Core.Components.Users.UserUpdate/Notification::get_PasswordChanged()
FNDA:3,System.Boolean CoreDocker.Core.Components.Users.UserUpdate/Notification::get_PasswordChanged()
DA:63,3
FN:63,System.Collections.Generic.List`1<System.String> CoreDocker.Core.Components.Users.UserUpdate/Notification::get_Roles()
FNDA:3,System.Collections.Generic.List`1<System.String> CoreDocker.Core.Components.Users.UserUpdate/Notification::get_Roles()
DA:64,3
FN:67,System.String CoreDocker.Core.Components.Users.UserUpdate/Notification::get_EventName()
FNDA:3,System.String CoreDocker.Core.Components.Users.UserUpdate/Notification::get_EventName()
DA:68,3
FN:76,System.String CoreDocker.Core.Components.Users.UserUpdate/Request::get_Name()
FNDA:17,System.String CoreDocker.Core.Components.Users.UserUpdate/Request::get_Name()
DA:77,17
FN:77,System.Void CoreDocker.Core.Components.Users.UserUpdate/Request::.ctor(System.String,System.String,System.String,System.Collections.Generic.List`1<System.String>,System.String)
FNDA:1,System.Void CoreDocker.Core.Components.Users.UserUpdate/Request::.ctor(System.String,System.String,System.String,System.Collections.Generic.List`1<System.String>,System.String)
DA:78,1
LF:29
LH:29
BRF:0
BRH:0
FNF:10
FNH:10
end_of_record
SF:/CoreDocker/src/CoreDocker.Core/Components/Projects/ProjectCreate.cs
FN:20,System.Void CoreDocker.Core.Components.Projects.ProjectCreate/Handler::.ctor(CoreDocker.Dal.Persistence.IGeneralUnitOfWorkFactory,CoreDocker.Dal.Validation.IValidatorFactory,CoreDocker.Core.Framework.CommandQuery.ICommander)
FNDA:2,System.Void CoreDocker.Core.Components.Projects.ProjectCreate/Handler::.ctor(CoreDocker.Dal.Persistence.IGeneralUnitOfWorkFactory,CoreDocker.Dal.Validation.IValidatorFactory,CoreDocker.Core.Framework.CommandQuery.ICommander)
DA:21,2
DA:22,2
DA:23,2
DA:24,2
DA:25,2
DA:26,2
DA:27,2
FN:31,System.Void CoreDocker.Core.Components.Projects.ProjectCreate/Handler/<ProcessCommand>d__4::MoveNext()
FNDA:2,System.Void CoreDocker.Core.Components.Projects.ProjectCreate/Handler/<ProcessCommand>d__4::MoveNext()
DA:32,2
DA:33,2
DA:34,2
DA:35,2
DA:36,2
DA:37,1
DA:38,1
DA:39,1
DA:40,1
FN:50,System.String CoreDocker.Core.Components.Projects.ProjectCreate/Notification::get_Name()
FNDA:3,System.String CoreDocker.Core.Components.Projects.ProjectCreate/Notification::get_Name()
DA:51,3
FN:54,System.String CoreDocker.Core.Components.Projects.ProjectCreate/Notification::get_EventName()
FNDA:3,System.String CoreDocker.Core.Components.Projects.ProjectCreate/Notification::get_EventName()
DA:55,3
FN:63,System.String CoreDocker.Core.Components.Projects.ProjectCreate/Request::get_Name()
FNDA:6,System.String CoreDocker.Core.Components.Projects.ProjectCreate/Request::get_Name()
DA:64,6
FN:64,System.Void CoreDocker.Core.Components.Projects.ProjectCreate/Request::.ctor(System.String,System.String)
FNDA:2,System.Void CoreDocker.Core.Components.Projects.ProjectCreate/Request::.ctor(System.String,System.String)
DA:65,2
LF:20
LH:20
BRF:0
BRH:0
FNF:6
FNH:6
end_of_record
SF:/CoreDocker/src/CoreDocker.Core/Components/Projects/ProjectLookup.cs
FN:19,CoreDocker.Dal.Persistence.IRepository`1<CoreDocker.Dal.Models.Projects.Project> CoreDocker.Core.Components.Projects.ProjectLookup::get_Repository()
FNDA:6,CoreDocker.Dal.Persistence.IRepository`1<CoreDocker.Dal.Models.Projects.Project> CoreDocker.Core.Components.Projects.ProjectLookup::get_Repository()
DA:20,6
FN:26,System.Threading.Tasks.Task`1<CoreDocker.Core.Framework.CommandQuery.PagedList`1<CoreDocker.Dal.Models.Projects.Project>> CoreDocker.Core.Components.Projects.ProjectLookup::GetPaged(CoreDocker.Core.Components.Projects.ProjectPagedLookupOptions)
FNDA:4,System.Threading.Tasks.Task`1<CoreDocker.Core.Framework.CommandQuery.PagedList`1<CoreDocker.Dal.Models.Projects.Project>> CoreDocker.Core.Components.Projects.ProjectLookup::GetPaged(CoreDocker.Core.Components.Projects.ProjectPagedLookupOptions)
DA:27,4
DA:28,4
DA:29,4
DA:30,4
DA:31,4
DA:32,0
DA:33,0
DA:34,0
DA:35,4
DA:36,4
DA:37,0
DA:38,4
DA:39,4
DA:40,0
DA:41,0
DA:42,4
DA:43,0
DA:44,0
DA:45,4
DA:46,0
DA:47,4
DA:48,4
DA:49,4
DA:50,8
DA:51,4
BRDA:31,39,0,0
BRDA:31,39,1,4
BRDA:36,416,0,0
BRDA:37,445,0,0
BRDA:37,461,0,0
BRDA:37,461,1,0
BRDA:37,468,1,0
BRDA:37,445,1,0
BRDA:37,468,0,0
BRDA:36,416,1,4
FN:12,System.Void CoreDocker.Core.Components.Projects.ProjectLookup::.ctor(CoreDocker.Dal.Persistence.IRepository`1<CoreDocker.Dal.Models.Projects.Project>)
FNDA:1,System.Void CoreDocker.Core.Components.Projects.ProjectLookup::.ctor(CoreDocker.Dal.Persistence.IRepository`1<CoreDocker.Dal.Models.Projects.Project>)
DA:13,1
DA:14,1
DA:15,1
DA:16,1
LF:30
LH:21
BRF:10
BRH:2
FNF:3
FNH:3
end_of_record
SF:/CoreDocker/src/CoreDocker.Core/Components/Projects/ProjectPagedLookupOptions.cs
FN:6,System.String CoreDocker.Core.Components.Projects.ProjectPagedLookupOptions::get_Search()
FNDA:4,System.String CoreDocker.Core.Components.Projects.ProjectPagedLookupOptions::get_Search()
DA:7,4
FN:7,System.Nullable`1<CoreDocker.Core.Components.Projects.ProjectPagedLookupOptions/SortOptions> CoreDocker.Core.Components.Projects.ProjectPagedLookupOptions::get_Sort()
FNDA:4,System.Nullable`1<CoreDocker.Core.Components.Projects.ProjectPagedLookupOptions/SortOptions> CoreDocker.Core.Components.Projects.ProjectPagedLookupOptions::get_Sort()
DA:8,4
LF:2
LH:2
BRF:0
BRH:0
FNF:2
FNH:2
end_of_record
SF:/CoreDocker/src/CoreDocker.Core/Components/Projects/ProjectRealtimeEventHandler.cs
FN:23,System.Threading.Tasks.Task CoreDocker.Core.Components.Projects.ProjectRealTimeEventHandler::Handle(CoreDocker.Core.Components.Projects.ProjectCreate/Notification,System.Threading.CancellationToken)
FNDA:1,System.Threading.Tasks.Task CoreDocker.Core.Components.Projects.ProjectRealTimeEventHandler::Handle(CoreDocker.Core.Components.Projects.ProjectCreate/Notification,System.Threading.CancellationToken)
DA:24,1
DA:25,1
DA:26,1
FN:32,System.Threading.Tasks.Task CoreDocker.Core.Components.Projects.ProjectRealTimeEventHandler::Handle(CoreDocker.Core.Components.Projects.ProjectUpdateName/Notification,System.Threading.CancellationToken)
FNDA:1,System.Threading.Tasks.Task CoreDocker.Core.Components.Projects.ProjectRealTimeEventHandler::Handle(CoreDocker.Core.Components.Projects.ProjectUpdateName/Notification,System.Threading.CancellationToken)
DA:33,1
DA:34,1
DA:35,1
FN:41,System.Threading.Tasks.Task CoreDocker.Core.Components.Projects.ProjectRealTimeEventHandler::Handle(CoreDocker.Core.Components.Projects.ProjectRemove/Notification,System.Threading.CancellationToken)
FNDA:1,System.Threading.Tasks.Task CoreDocker.Core.Components.Projects.ProjectRealTimeEventHandler::Handle(CoreDocker.Core.Components.Projects.ProjectRemove/Notification,System.Threading.CancellationToken)
DA:42,1
DA:43,1
DA:44,1
FN:15,System.Void CoreDocker.Core.Components.Projects.ProjectRealTimeEventHandler::.ctor(CoreDocker.Core.Framework.Subscriptions.SubscriptionNotifications)
FNDA:3,System.Void CoreDocker.Core.Components.Projects.ProjectRealTimeEventHandler::.ctor(CoreDocker.Core.Framework.Subscriptions.SubscriptionNotifications)
DA:16,3
DA:17,3
DA:18,3
DA:19,3
LF:13
LH:13
BRF:0
BRH:0
FNF:4
FNH:4
end_of_record
SF:/CoreDocker/src/CoreDocker.Core/Components/Projects/ProjectRemove.cs
FN:18,System.Void CoreDocker.Core.Components.Projects.ProjectRemove/Handler::.ctor(CoreDocker.Dal.Persistence.IGeneralUnitOfWorkFactory,CoreDocker.Core.Framework.CommandQuery.ICommander)
FNDA:1,System.Void CoreDocker.Core.Components.Projects.ProjectRemove/Handler::.ctor(CoreDocker.Dal.Persistence.IGeneralUnitOfWorkFactory,CoreDocker.Core.Framework.CommandQuery.ICommander)
DA:19,1
DA:20,1
DA:21,1
DA:22,1
DA:23,1
DA:24,1
FN:28,System.Void CoreDocker.Core.Components.Projects.ProjectRemove/Handler/<ProcessCommand>d__3::MoveNext()
FNDA:1,System.Void CoreDocker.Core.Components.Projects.ProjectRemove/Handler/<ProcessCommand>d__3::MoveNext()
DA:29,1
DA:30,1
DA:31,1
DA:32,1
DA:33,1
DA:34,1
FN:46,System.String CoreDocker.Core.Components.Projects.ProjectRemove/Notification::get_EventName()
FNDA:3,System.String CoreDocker.Core.Components.Projects.ProjectRemove/Notification::get_EventName()
DA:47,3
FN:50,System.Boolean CoreDocker.Core.Components.Projects.ProjectRemove/Notification::get_WasRemoved()
FNDA:1,System.Boolean CoreDocker.Core.Components.Projects.ProjectRemove/Notification::get_WasRemoved()
DA:51,1
FN:57,System.Void CoreDocker.Core.Components.Projects.ProjectRemove/Request::.ctor(System.String)
FNDA:1,System.Void CoreDocker.Core.Components.Projects.ProjectRemove/Request::.ctor(System.String)
DA:58,1
LF:15
LH:15
BRF:0
BRH:0
FNF:5
FNH:5
end_of_record
SF:/CoreDocker/src/CoreDocker.Core/Components/Projects/ProjectUpdateName.cs
FN:20,System.Void CoreDocker.Core.Components.Projects.ProjectUpdateName/Handler::.ctor(CoreDocker.Dal.Persistence.IGeneralUnitOfWorkFactory,CoreDocker.Dal.Validation.IValidatorFactory,CoreDocker.Core.Framework.CommandQuery.ICommander)
FNDA:1,System.Void CoreDocker.Core.Components.Projects.ProjectUpdateName/Handler::.ctor(CoreDocker.Dal.Persistence.IGeneralUnitOfWorkFactory,CoreDocker.Dal.Validation.IValidatorFactory,CoreDocker.Core.Framework.CommandQuery.ICommander)
DA:21,1
DA:22,1
DA:23,1
DA:24,1
DA:25,1
DA:26,1
DA:27,1
FN:37,System.Void CoreDocker.Core.Components.Projects.ProjectUpdateName/Handler/<>c__DisplayClass4_0::<ProcessCommand>b__1(CoreDocker.Dal.Persistence.IUpdateCalls`1<CoreDocker.Dal.Models.Projects.Project>)
FNDA:2,System.Void CoreDocker.Core.Components.Projects.ProjectUpdateName/Handler/<>c__DisplayClass4_0::<ProcessCommand>b__1(CoreDocker.Dal.Persistence.IUpdateCalls`1<CoreDocker.Dal.Models.Projects.Project>)
DA:38,2
DA:39,2
FN:31,System.Void CoreDocker.Core.Components.Projects.ProjectUpdateName/Handler/<ProcessCommand>d__4::MoveNext()
FNDA:1,System.Void CoreDocker.Core.Components.Projects.ProjectUpdateName/Handler/<ProcessCommand>d__4::MoveNext()
DA:32,1
DA:33,1
DA:34,1
DA:35,1
DA:36,1
DA:37,1
DA:40,1
DA:41,1
DA:43,1
DA:44,1
FN:54,System.String CoreDocker.Core.Components.Projects.ProjectUpdateName/Notification::get_Name()
FNDA:3,System.String CoreDocker.Core.Components.Projects.ProjectUpdateName/Notification::get_Name()
DA:55,3
FN:58,System.String CoreDocker.Core.Components.Projects.ProjectUpdateName/Notification::get_EventName()
FNDA:3,System.String CoreDocker.Core.Components.Projects.ProjectUpdateName/Notification::get_EventName()
DA:59,3
FN:67,System.String CoreDocker.Core.Components.Projects.ProjectUpdateName/Request::get_Name()
FNDA:4,System.String CoreDocker.Core.Components.Projects.ProjectUpdateName/Request::get_Name()
DA:68,4
FN:68,System.Void CoreDocker.Core.Components.Projects.ProjectUpdateName/Request::.ctor(System.String,System.String)
FNDA:1,System.Void CoreDocker.Core.Components.Projects.ProjectUpdateName/Request::.ctor(System.String,System.String)
DA:69,1
LF:23
LH:23
BRF:0
BRH:0
FNF:7
FNH:7
end_of_record