<?xml version="1.0" encoding="UTF-8"?>
<TestRun id="ce5b9a0b-f8e5-4e5a-9d6d-dc9cce72f30c" name="rolfw@ROLFW 2017-05-10 13:32:00" runUser="22SEVEN\rolfw" xmlns="http://microsoft.com/schemas/VisualStudio/TeamTest/2010">
  <Times creation="2017-05-10T13:32:00.2051646+02:00" queuing="2017-05-10T13:32:00.2051646+02:00" start="2017-05-10T13:31:58.1792175+02:00" finish="2017-05-10T13:32:10.5972299+02:00" />
  <TestSettings name="default" id="f85f2639-dde9-4cdf-8f64-c0fd49643dd8">
    <Deployment runDeploymentRoot="rolfw_ROLFW 2017-05-10 13_32_00" />
  </TestSettings>
  <Results>
    <UnitTestResult executionId="e244f41b-bc65-414c-bc07-f902e864a667" testId="e799431c-843b-4c9d-8411-a89558913fb2" testName="Constructor_WhenCalled_ShouldNotBeNull" computerName="ROLFW" duration="00:00:00.1800000" startTime="2017-05-10T13:31:59.0000000+02:00" endTime="2017-05-10T13:31:59.0000000+02:00" testType="13cdc9d9-ddb5-4fa4-a97d-d965ccfc6d4b" outcome="Passed" testListId="8c84fa94-04c1-424b-9868-57a2d4851a1d" relativeResultsDirectory="e244f41b-bc65-414c-bc07-f902e864a667">
      <Output>
      </Output>
    </UnitTestResult>
    <UnitTestResult executionId="cc6ca809-4a77-4874-bd98-4eadfdc48937" testId="8aa85b09-19b9-4470-9df6-69546a1e5c1c" testName="Delete_GivenProjectId_ShouldRemoveProject" computerName="ROLFW" duration="00:00:00.0620000" startTime="2017-05-10T13:31:59.0000000+02:00" endTime="2017-05-10T13:31:59.0000000+02:00" testType="13cdc9d9-ddb5-4fa4-a97d-d965ccfc6d4b" outcome="Passed" testListId="8c84fa94-04c1-424b-9868-57a2d4851a1d" relativeResultsDirectory="cc6ca809-4a77-4874-bd98-4eadfdc48937">
      <Output>
      </Output>
    </UnitTestResult>
    <UnitTestResult executionId="8c11921d-0d07-4296-9d93-01b4ab746a9b" testId="eeada217-b7f2-4752-972a-c412b47521f1" testName="Get_GivenProjectId_ShouldCallGetProject" computerName="ROLFW" duration="00:00:00.2980000" startTime="2017-05-10T13:31:59.0000000+02:00" endTime="2017-05-10T13:31:59.0000000+02:00" testType="13cdc9d9-ddb5-4fa4-a97d-d965ccfc6d4b" outcome="Passed" testListId="8c84fa94-04c1-424b-9868-57a2d4851a1d" relativeResultsDirectory="8c11921d-0d07-4296-9d93-01b4ab746a9b">
      <Output>
      </Output>
    </UnitTestResult>
    <UnitTestResult executionId="70e4d35b-385b-46c1-96f3-4a2c22e19a30" testId="975283a5-5ec2-4b44-a671-4650ce208f4c" testName="Get_GivenRequest_ShouldReturnProjectReferenceModels" computerName="ROLFW" duration="00:00:00.0230000" startTime="2017-05-10T13:31:59.0000000+02:00" endTime="2017-05-10T13:31:59.0000000+02:00" testType="13cdc9d9-ddb5-4fa4-a97d-d965ccfc6d4b" outcome="Passed" testListId="8c84fa94-04c1-424b-9868-57a2d4851a1d" relativeResultsDirectory="70e4d35b-385b-46c1-96f3-4a2c22e19a30">
      <Output>
      </Output>
    </UnitTestResult>
    <UnitTestResult executionId="dae45b1a-259c-4109-bf50-53b264e8f77b" testId="d21018ff-e34d-4536-96d3-377e49f188f3" testName="GetDetail_GivenRequest_ShouldReturnProjectModel" computerName="ROLFW" duration="00:00:00.0100000" startTime="2017-05-10T13:31:59.0000000+02:00" endTime="2017-05-10T13:31:59.0000000+02:00" testType="13cdc9d9-ddb5-4fa4-a97d-d965ccfc6d4b" outcome="Passed" testListId="8c84fa94-04c1-424b-9868-57a2d4851a1d" relativeResultsDirectory="dae45b1a-259c-4109-bf50-53b264e8f77b">
      <Output>
      </Output>
    </UnitTestResult>
    <UnitTestResult executionId="e02ff86f-8b6a-4f13-920a-0cca75e903c8" testId="94e68d16-9fab-4700-a3ae-88c7e9bd8c7a" testName="Post_GivenProjectId_ShouldAddAProject" computerName="ROLFW" duration="00:00:00.0150000" startTime="2017-05-10T13:31:59.0000000+02:00" endTime="2017-05-10T13:32:00.0000000+02:00" testType="13cdc9d9-ddb5-4fa4-a97d-d965ccfc6d4b" outcome="Passed" testListId="8c84fa94-04c1-424b-9868-57a2d4851a1d" relativeResultsDirectory="e02ff86f-8b6a-4f13-920a-0cca75e903c8">
      <Output>
      </Output>
    </UnitTestResult>
    <UnitTestResult executionId="6399adea-0b61-4872-af19-d4f8a4640e63" testId="e9b76f7b-9eab-4bee-91ac-d1753a058fc4" testName="Put_GivenProjectId_ShouldUpdateAGivenProject" computerName="ROLFW" duration="00:00:00.0140000" startTime="2017-05-10T13:32:00.0000000+02:00" endTime="2017-05-10T13:32:00.0000000+02:00" testType="13cdc9d9-ddb5-4fa4-a97d-d965ccfc6d4b" outcome="Passed" testListId="8c84fa94-04c1-424b-9868-57a2d4851a1d" relativeResultsDirectory="6399adea-0b61-4872-af19-d4f8a4640e63">
      <Output>
      </Output>
    </UnitTestResult>
    <UnitTestResult executionId="29b8ed98-06fe-427a-b3cc-d6596f90b900" testId="93f2fc69-cba1-4186-80ae-3e996dda4a2e" testName="Constructor_WhenCalled_ShouldNotBeNull" computerName="ROLFW" duration="00:00:00.0150000" startTime="2017-05-10T13:32:00.0000000+02:00" endTime="2017-05-10T13:32:00.0000000+02:00" testType="13cdc9d9-ddb5-4fa4-a97d-d965ccfc6d4b" outcome="Passed" testListId="8c84fa94-04c1-424b-9868-57a2d4851a1d" relativeResultsDirectory="29b8ed98-06fe-427a-b3cc-d6596f90b900">
      <Output>
      </Output>
    </UnitTestResult>
    <UnitTestResult executionId="48f4ca9c-bb90-4725-8256-1362cbe9492b" testId="69081bed-b660-4763-8ae8-8397b438d6ee" testName="Delete_GivenProjectId_ShouldRemoveProject" computerName="ROLFW" duration="00:00:00.0030000" startTime="2017-05-10T13:32:00.0000000+02:00" endTime="2017-05-10T13:32:00.0000000+02:00" testType="13cdc9d9-ddb5-4fa4-a97d-d965ccfc6d4b" outcome="Passed" testListId="8c84fa94-04c1-424b-9868-57a2d4851a1d" relativeResultsDirectory="48f4ca9c-bb90-4725-8256-1362cbe9492b">
      <Output>
      </Output>
    </UnitTestResult>
    <UnitTestResult executionId="e1216dfc-f2e4-4ead-b39a-09c7004b20c6" testId="af39d5d3-e1b5-477b-a1a0-5590ecfbf9d7" testName="ForgotPassword_GivenEmail_ShouldSendAnEmail" computerName="ROLFW" duration="00:00:00.0030000" startTime="2017-05-10T13:32:00.0000000+02:00" endTime="2017-05-10T13:32:00.0000000+02:00" testType="13cdc9d9-ddb5-4fa4-a97d-d965ccfc6d4b" outcome="Passed" testListId="8c84fa94-04c1-424b-9868-57a2d4851a1d" relativeResultsDirectory="e1216dfc-f2e4-4ead-b39a-09c7004b20c6">
      <Output>
      </Output>
    </UnitTestResult>
    <UnitTestResult executionId="e30acac0-c4a4-404b-8bad-0fbf6e71e495" testId="33bbf4d0-9732-4b26-bd87-1cbd50d78856" testName="Get_GivenProjectId_ShouldCallGetProject" computerName="ROLFW" duration="00:00:00.0100000" startTime="2017-05-10T13:32:00.0000000+02:00" endTime="2017-05-10T13:32:00.0000000+02:00" testType="13cdc9d9-ddb5-4fa4-a97d-d965ccfc6d4b" outcome="Passed" testListId="8c84fa94-04c1-424b-9868-57a2d4851a1d" relativeResultsDirectory="e30acac0-c4a4-404b-8bad-0fbf6e71e495">
      <Output>
      </Output>
    </UnitTestResult>
    <UnitTestResult executionId="2c2c3419-b18f-4493-90fe-6b50004c956c" testId="8903d636-842d-4d38-b123-4be9236797bb" testName="Get_GivenRequest_ShouldReturnProjectReferenceModels" computerName="ROLFW" duration="00:00:00.0080000" startTime="2017-05-10T13:32:00.0000000+02:00" endTime="2017-05-10T13:32:00.0000000+02:00" testType="13cdc9d9-ddb5-4fa4-a97d-d965ccfc6d4b" outcome="Passed" testListId="8c84fa94-04c1-424b-9868-57a2d4851a1d" relativeResultsDirectory="2c2c3419-b18f-4493-90fe-6b50004c956c">
      <Output>
      </Output>
    </UnitTestResult>
    <UnitTestResult executionId="75c26566-adbe-4e72-ae46-1c7374c17501" testId="7d5cb189-0c04-4054-8ea0-cc4e5dcd897e" testName="GetDetail_GivenRequest_ShouldReturnProjectModel" computerName="ROLFW" duration="00:00:00.0070000" startTime="2017-05-10T13:32:00.0000000+02:00" endTime="2017-05-10T13:32:00.0000000+02:00" testType="13cdc9d9-ddb5-4fa4-a97d-d965ccfc6d4b" outcome="Passed" testListId="8c84fa94-04c1-424b-9868-57a2d4851a1d" relativeResultsDirectory="75c26566-adbe-4e72-ae46-1c7374c17501">
      <Output>
      </Output>
    </UnitTestResult>
    <UnitTestResult executionId="0bdbf795-dffb-4715-bed7-14966a48421e" testId="51ec77f8-fc20-4a22-8765-e7f5ca773286" testName="Post_GivenProjectId_ShouldAddAProject" computerName="ROLFW" duration="00:00:00.0130000" startTime="2017-05-10T13:32:00.0000000+02:00" endTime="2017-05-10T13:32:00.0000000+02:00" testType="13cdc9d9-ddb5-4fa4-a97d-d965ccfc6d4b" outcome="Passed" testListId="8c84fa94-04c1-424b-9868-57a2d4851a1d" relativeResultsDirectory="0bdbf795-dffb-4715-bed7-14966a48421e">
      <Output>
      </Output>
    </UnitTestResult>
    <UnitTestResult executionId="00c93e5e-070a-48d8-a034-2908bbdad91c" testId="9e5bfde1-1283-419f-8158-a9264f9de6f4" testName="Put_GivenProjectId_ShouldUpdateAGivenProject" computerName="ROLFW" duration="00:00:00.0040000" startTime="2017-05-10T13:32:00.0000000+02:00" endTime="2017-05-10T13:32:00.0000000+02:00" testType="13cdc9d9-ddb5-4fa4-a97d-d965ccfc6d4b" outcome="Passed" testListId="8c84fa94-04c1-424b-9868-57a2d4851a1d" relativeResultsDirectory="00c93e5e-070a-48d8-a034-2908bbdad91c">
      <Output>
      </Output>
    </UnitTestResult>
    <UnitTestResult executionId="b70987b1-aa3a-4a5d-a561-c3abcc47b5c6" testId="d8137eb5-29d3-4f18-8264-c37f523086db" testName="Register_GivenRegisterModel_ShouldAddUser" computerName="ROLFW" duration="00:00:00.0160000" startTime="2017-05-10T13:32:00.0000000+02:00" endTime="2017-05-10T13:32:00.0000000+02:00" testType="13cdc9d9-ddb5-4fa4-a97d-d965ccfc6d4b" outcome="Passed" testListId="8c84fa94-04c1-424b-9868-57a2d4851a1d" relativeResultsDirectory="b70987b1-aa3a-4a5d-a561-c3abcc47b5c6">
      <Output>
      </Output>
    </UnitTestResult>
    <UnitTestResult executionId="ce4d3973-9225-4b41-8c16-f8b27cb70007" testId="88f585b6-8597-4348-be91-48c4f6c6f2fd" testName="AssertConfigurationIsValid_OnMapApi_ShouldNotFail" computerName="ROLFW" duration="00:00:00.0150000" startTime="2017-05-10T13:32:00.0000000+02:00" endTime="2017-05-10T13:32:00.0000000+02:00" testType="13cdc9d9-ddb5-4fa4-a97d-d965ccfc6d4b" outcome="Passed" testListId="8c84fa94-04c1-424b-9868-57a2d4851a1d" relativeResultsDirectory="ce4d3973-9225-4b41-8c16-f8b27cb70007">
      <Output>
      </Output>
    </UnitTestResult>
    <UnitTestResult executionId="cf8624b5-dddc-4a20-91fa-89235e1b3f69" testId="f67af1c8-19ad-4e51-a9f4-8e5d5c82eaa7" testName="AssertConfigurationIsValid_OnMapCore_ShouldNotFail" computerName="ROLFW" duration="00:00:00.0050000" startTime="2017-05-10T13:32:00.0000000+02:00" endTime="2017-05-10T13:32:00.0000000+02:00" testType="13cdc9d9-ddb5-4fa4-a97d-d965ccfc6d4b" outcome="Passed" testListId="8c84fa94-04c1-424b-9868-57a2d4851a1d" relativeResultsDirectory="cf8624b5-dddc-4a20-91fa-89235e1b3f69">
      <Output>
      </Output>
    </UnitTestResult>
    <UnitTestResult executionId="c7dd4243-173e-48c4-bc36-b1464b3254da" testId="0af40d97-ebd7-4bdb-8bcf-44ff461543f8" testName="AssertConfigurationIsValid_WhenCalled_ShouldBeValid" computerName="ROLFW" duration="00:00:00.0010000" startTime="2017-05-10T13:32:00.0000000+02:00" endTime="2017-05-10T13:32:00.0000000+02:00" testType="13cdc9d9-ddb5-4fa4-a97d-d965ccfc6d4b" outcome="Passed" testListId="8c84fa94-04c1-424b-9868-57a2d4851a1d" relativeResultsDirectory="c7dd4243-173e-48c4-bc36-b1464b3254da">
      <Output>
      </Output>
    </UnitTestResult>
    <UnitTestResult executionId="2489de31-a487-4334-9714-1baceb541015" testId="622e5e2b-8712-450f-b037-26a13ca554ec" testName="FindAllIssues" computerName="ROLFW" duration="00:00:00.0020000" startTime="2017-05-10T13:32:01.0000000+02:00" endTime="2017-05-10T13:32:01.0000000+02:00" testType="13cdc9d9-ddb5-4fa4-a97d-d965ccfc6d4b" outcome="NotExecuted" testListId="8c84fa94-04c1-424b-9868-57a2d4851a1d" relativeResultsDirectory="2489de31-a487-4334-9714-1baceb541015">
      <Output>
        <ErrorInfo>
          <Message>not working right</Message>
        </ErrorInfo>
      </Output>
    </UnitTestResult>
    <UnitTestResult executionId="11b0da0c-17d6-4101-84d9-a3469fbc006e" testId="e7eafb84-fc93-482e-8096-c2a1a1cc4061" testName="GetSourcePath_ShouldReturnTheSourceFiles" computerName="ROLFW" duration="00:00:00.0160000" startTime="2017-05-10T13:32:01.0000000+02:00" endTime="2017-05-10T13:32:01.0000000+02:00" testType="13cdc9d9-ddb5-4fa4-a97d-d965ccfc6d4b" outcome="Passed" testListId="8c84fa94-04c1-424b-9868-57a2d4851a1d" relativeResultsDirectory="11b0da0c-17d6-4101-84d9-a3469fbc006e">
      <Output>
      </Output>
    </UnitTestResult>
    <UnitTestResult executionId="0ab252fb-aa75-407f-861c-2f697aca532f" testId="aac7b406-b289-4ed4-ba65-42d369701df8" testName="Constructor_WhenCalled_ShouldNotBeNull" computerName="ROLFW" duration="00:00:00.1690000" startTime="2017-05-10T13:32:01.0000000+02:00" endTime="2017-05-10T13:32:01.0000000+02:00" testType="13cdc9d9-ddb5-4fa4-a97d-d965ccfc6d4b" outcome="Passed" testListId="8c84fa94-04c1-424b-9868-57a2d4851a1d" relativeResultsDirectory="0ab252fb-aa75-407f-861c-2f697aca532f">
      <Output>
      </Output>
    </UnitTestResult>
    <UnitTestResult executionId="fb4cdeb2-0db7-485e-b073-8267ac4dfc70" testId="f3421e1f-df95-4fde-8094-4227b8fb018e" testName="FindMissingIntegrityOperators" computerName="ROLFW" duration="00:00:00.0070000" startTime="2017-05-10T13:32:01.0000000+02:00" endTime="2017-05-10T13:32:01.0000000+02:00" testType="13cdc9d9-ddb5-4fa4-a97d-d965ccfc6d4b" outcome="Passed" testListId="8c84fa94-04c1-424b-9868-57a2d4851a1d" relativeResultsDirectory="fb4cdeb2-0db7-485e-b073-8267ac4dfc70">
      <Output>
      </Output>
    </UnitTestResult>
    <UnitTestResult executionId="03e38371-bd36-4111-8e76-ef82bc72bf49" testId="0cbd735f-ef4f-4267-a992-545f217b83b1" testName="GetReferenceCount_GivenObject_ShouldFindAllReferences" computerName="ROLFW" duration="00:00:00.2140000" startTime="2017-05-10T13:32:01.0000000+02:00" endTime="2017-05-10T13:32:01.0000000+02:00" testType="13cdc9d9-ddb5-4fa4-a97d-d965ccfc6d4b" outcome="Passed" testListId="8c84fa94-04c1-424b-9868-57a2d4851a1d" relativeResultsDirectory="03e38371-bd36-4111-8e76-ef82bc72bf49">
      <Output>
      </Output>
    </UnitTestResult>
    <UnitTestResult executionId="d8c37c90-0cfd-4a5c-a870-8659ca136f1f" testId="68c8ca97-04c6-4500-81eb-912319f1fd2e" testName="GetReferenceCount_GivenObjectNotReferenced_ShouldFindNoLinks" computerName="ROLFW" duration="00:00:00.0020000" startTime="2017-05-10T13:32:01.0000000+02:00" endTime="2017-05-10T13:32:01.0000000+02:00" testType="13cdc9d9-ddb5-4fa4-a97d-d965ccfc6d4b" outcome="Passed" testListId="8c84fa94-04c1-424b-9868-57a2d4851a1d" relativeResultsDirectory="d8c37c90-0cfd-4a5c-a870-8659ca136f1f">
      <Output>
      </Output>
    </UnitTestResult>
    <UnitTestResult executionId="788fcd21-4433-48f8-b70f-4147be4369ad" testId="d28918a4-f24a-4a51-afbb-f10356d6ce0b" testName="UpdateAllReferences_GivenObject_ShouldUpdateTheReferences" computerName="ROLFW" duration="00:00:00.0130000" startTime="2017-05-10T13:32:01.0000000+02:00" endTime="2017-05-10T13:32:01.0000000+02:00" testType="13cdc9d9-ddb5-4fa4-a97d-d965ccfc6d4b" outcome="Passed" testListId="8c84fa94-04c1-424b-9868-57a2d4851a1d" relativeResultsDirectory="788fcd21-4433-48f8-b70f-4147be4369ad">
      <Output>
      </Output>
    </UnitTestResult>
    <UnitTestResult executionId="8fca9ab0-7d83-44e7-b91b-d92929e8d512" testId="e52b8d24-218f-442c-a3f9-0abaa195c343" testName="UpdateAllReferences_GivenObjectWhereReferenceHasNotChanged_ShouldNotUpdateAllReference" computerName="ROLFW" duration="00:00:00.0010000" startTime="2017-05-10T13:32:01.0000000+02:00" endTime="2017-05-10T13:32:01.0000000+02:00" testType="13cdc9d9-ddb5-4fa4-a97d-d965ccfc6d4b" outcome="Passed" testListId="8c84fa94-04c1-424b-9868-57a2d4851a1d" relativeResultsDirectory="8fca9ab0-7d83-44e7-b91b-d92929e8d512">
      <Output>
      </Output>
    </UnitTestResult>
    <UnitTestResult executionId="02740488-4ed6-4d3c-b74e-6d49874dfb69" testId="ff36561d-83ba-4e89-a382-88ac6d00930d" testName="Delete_WhenCalledWithExisting_ShouldCallMessageThatDataWasRemoved" computerName="ROLFW" duration="00:00:00.0540000" startTime="2017-05-10T13:32:01.0000000+02:00" endTime="2017-05-10T13:32:01.0000000+02:00" testType="13cdc9d9-ddb5-4fa4-a97d-d965ccfc6d4b" outcome="Passed" testListId="8c84fa94-04c1-424b-9868-57a2d4851a1d" relativeResultsDirectory="02740488-4ed6-4d3c-b74e-6d49874dfb69">
      <Output>
      </Output>
    </UnitTestResult>
    <UnitTestResult executionId="8cf53fd5-7772-467d-a285-2a1a44622fd5" testId="cd7fcff7-1cc4-40ff-9c94-423a5486a900" testName="Get_WhenCalledWithId_ShouldReturnSingleRecord" computerName="ROLFW" duration="00:00:00.0010000" startTime="2017-05-10T13:32:01.0000000+02:00" endTime="2017-05-10T13:32:01.0000000+02:00" testType="13cdc9d9-ddb5-4fa4-a97d-d965ccfc6d4b" outcome="Passed" testListId="8c84fa94-04c1-424b-9868-57a2d4851a1d" relativeResultsDirectory="8cf53fd5-7772-467d-a285-2a1a44622fd5">
      <Output>
      </Output>
    </UnitTestResult>
    <UnitTestResult executionId="8fc2acae-6000-47f7-9dbf-379c311f6934" testId="b15358f8-f475-4295-99e6-97b42cb56e9e" testName="GetRecords_WhenCalled_ShouldReturnRecords" computerName="ROLFW" duration="00:00:00.0040000" startTime="2017-05-10T13:32:01.0000000+02:00" endTime="2017-05-10T13:32:01.0000000+02:00" testType="13cdc9d9-ddb5-4fa4-a97d-d965ccfc6d4b" outcome="Passed" testListId="8c84fa94-04c1-424b-9868-57a2d4851a1d" relativeResultsDirectory="8fc2acae-6000-47f7-9dbf-379c311f6934">
      <Output>
      </Output>
    </UnitTestResult>
    <UnitTestResult executionId="2a64476e-b93f-4c3c-b327-cd3de7f1f3a6" testId="d9e88d28-4d26-4c32-a5f1-91fac5367515" testName="Save_WhenCalledWith_ShouldCallMessageThatDataWasInserted" computerName="ROLFW" duration="00:00:00.0130000" startTime="2017-05-10T13:32:01.0000000+02:00" endTime="2017-05-10T13:32:01.0000000+02:00" testType="13cdc9d9-ddb5-4fa4-a97d-d965ccfc6d4b" outcome="Passed" testListId="8c84fa94-04c1-424b-9868-57a2d4851a1d" relativeResultsDirectory="2a64476e-b93f-4c3c-b327-cd3de7f1f3a6">
      <Output>
      </Output>
    </UnitTestResult>
    <UnitTestResult executionId="02409dcf-5b97-4271-b47c-f7b89247554c" testId="569cf715-44e4-48b8-9922-714370a4a1ef" testName="Save_WhenCalledWith_ShouldSaveTheRecord" computerName="ROLFW" duration="00:00:00.0020000" startTime="2017-05-10T13:32:01.0000000+02:00" endTime="2017-05-10T13:32:01.0000000+02:00" testType="13cdc9d9-ddb5-4fa4-a97d-d965ccfc6d4b" outcome="Passed" testListId="8c84fa94-04c1-424b-9868-57a2d4851a1d" relativeResultsDirectory="02409dcf-5b97-4271-b47c-f7b89247554c">
      <Output>
      </Output>
    </UnitTestResult>
    <UnitTestResult executionId="7214e003-7e30-4dab-99e4-cc711b77eb31" testId="6367ff94-d10a-41a7-887e-38baef7ef57c" testName="Save_WhenCalledWith_ShouldToLowerTheEmail" computerName="ROLFW" duration="00:00:00.0010000" startTime="2017-05-10T13:32:01.0000000+02:00" endTime="2017-05-10T13:32:01.0000000+02:00" testType="13cdc9d9-ddb5-4fa4-a97d-d965ccfc6d4b" outcome="Passed" testListId="8c84fa94-04c1-424b-9868-57a2d4851a1d" relativeResultsDirectory="7214e003-7e30-4dab-99e4-cc711b77eb31">
      <Output>
      </Output>
    </UnitTestResult>
    <UnitTestResult executionId="a7bae623-5245-46ea-95a6-7ff95ce502f0" testId="c9c47b24-0a58-46b4-ab11-1f099680823d" testName="Save_WhenCalledWithExisting_ShouldCallMessageThatDataWasUpdated" computerName="ROLFW" duration="00:00:00.0110000" startTime="2017-05-10T13:32:01.0000000+02:00" endTime="2017-05-10T13:32:01.0000000+02:00" testType="13cdc9d9-ddb5-4fa4-a97d-d965ccfc6d4b" outcome="Passed" testListId="8c84fa94-04c1-424b-9868-57a2d4851a1d" relativeResultsDirectory="a7bae623-5245-46ea-95a6-7ff95ce502f0">
      <Output>
      </Output>
    </UnitTestResult>
    <UnitTestResult executionId="4decf5e1-4927-4fe7-b9ec-561c102b7014" testId="98058b70-08b1-4dd3-b98a-5f7cea6894a9" testName="Delete_WhenCalledWithExisting_ShouldCallMessageThatDataWasRemoved" computerName="ROLFW" duration="00:00:00.0100000" startTime="2017-05-10T13:32:02.0000000+02:00" endTime="2017-05-10T13:32:02.0000000+02:00" testType="13cdc9d9-ddb5-4fa4-a97d-d965ccfc6d4b" outcome="Passed" testListId="8c84fa94-04c1-424b-9868-57a2d4851a1d" relativeResultsDirectory="4decf5e1-4927-4fe7-b9ec-561c102b7014">
      <Output>
      </Output>
    </UnitTestResult>
    <UnitTestResult executionId="e30bc646-906b-411f-b09d-68a32f2f7fa7" testId="1650919b-e057-457c-948d-ec40487c0ef9" testName="Get_WhenCalledWithId_ShouldReturnSingleRecord" computerName="ROLFW" duration="00:00:00.0010000" startTime="2017-05-10T13:32:02.0000000+02:00" endTime="2017-05-10T13:32:02.0000000+02:00" testType="13cdc9d9-ddb5-4fa4-a97d-d965ccfc6d4b" outcome="Passed" testListId="8c84fa94-04c1-424b-9868-57a2d4851a1d" relativeResultsDirectory="e30bc646-906b-411f-b09d-68a32f2f7fa7">
      <Output>
      </Output>
    </UnitTestResult>
    <UnitTestResult executionId="0b8e3bef-025d-46a0-9247-021fc33322b3" testId="f4424c71-367f-4afc-b859-b5d87bb9cfc4" testName="GetRecords_WhenCalled_ShouldReturnRecords" computerName="ROLFW" duration="00:00:00.0000001" startTime="2017-05-10T13:32:02.0000000+02:00" endTime="2017-05-10T13:32:02.0000000+02:00" testType="13cdc9d9-ddb5-4fa4-a97d-d965ccfc6d4b" outcome="Passed" testListId="8c84fa94-04c1-424b-9868-57a2d4851a1d" relativeResultsDirectory="0b8e3bef-025d-46a0-9247-021fc33322b3">
      <Output>
      </Output>
    </UnitTestResult>
    <UnitTestResult executionId="fd8737ca-a535-4c6c-af13-e2fc0924319c" testId="e4cbcc21-335e-4dd6-9e61-46b42660ad2a" testName="Save_WhenCalledWith_ShouldCallMessageThatDataWasInserted" computerName="ROLFW" duration="00:00:00.0040000" startTime="2017-05-10T13:32:02.0000000+02:00" endTime="2017-05-10T13:32:02.0000000+02:00" testType="13cdc9d9-ddb5-4fa4-a97d-d965ccfc6d4b" outcome="Passed" testListId="8c84fa94-04c1-424b-9868-57a2d4851a1d" relativeResultsDirectory="fd8737ca-a535-4c6c-af13-e2fc0924319c">
      <Output>
      </Output>
    </UnitTestResult>
    <UnitTestResult executionId="00034726-3b08-4a49-893f-001c5ff076ff" testId="769ea4b5-b33f-46fa-85c6-acff4c4f95e7" testName="Save_WhenCalledWith_ShouldSaveTheRecord" computerName="ROLFW" duration="00:00:00.0010000" startTime="2017-05-10T13:32:02.0000000+02:00" endTime="2017-05-10T13:32:02.0000000+02:00" testType="13cdc9d9-ddb5-4fa4-a97d-d965ccfc6d4b" outcome="Passed" testListId="8c84fa94-04c1-424b-9868-57a2d4851a1d" relativeResultsDirectory="00034726-3b08-4a49-893f-001c5ff076ff">
      <Output>
      </Output>
    </UnitTestResult>
    <UnitTestResult executionId="7b23e59e-039c-49e8-94cb-f18e449f7355" testId="722cb273-c951-446d-8af6-a502c7066f4e" testName="Save_WhenCalledWith_ShouldToLowerTheEmail" computerName="ROLFW" duration="00:00:00.0010000" startTime="2017-05-10T13:32:02.0000000+02:00" endTime="2017-05-10T13:32:02.0000000+02:00" testType="13cdc9d9-ddb5-4fa4-a97d-d965ccfc6d4b" outcome="Passed" testListId="8c84fa94-04c1-424b-9868-57a2d4851a1d" relativeResultsDirectory="7b23e59e-039c-49e8-94cb-f18e449f7355">
      <Output>
      </Output>
    </UnitTestResult>
    <UnitTestResult executionId="7f19234c-f4f2-474e-9024-7c35c3566994" testId="6f582fbf-0ff4-41bd-8fc7-0f5ccf23a923" testName="Save_WhenCalledWithExisting_ShouldCallMessageThatDataWasUpdated" computerName="ROLFW" duration="00:00:00.0050000" startTime="2017-05-10T13:32:02.0000000+02:00" endTime="2017-05-10T13:32:02.0000000+02:00" testType="13cdc9d9-ddb5-4fa4-a97d-d965ccfc6d4b" outcome="Passed" testListId="8c84fa94-04c1-424b-9868-57a2d4851a1d" relativeResultsDirectory="7f19234c-f4f2-474e-9024-7c35c3566994">
      <Output>
      </Output>
    </UnitTestResult>
    <UnitTestResult executionId="a70dacd7-466d-4792-8ffb-6761552b58c3" testId="16b6a5fe-f25f-4353-a547-e730d5744a5d" testName="GetRoleByName_GivenAdminRole_ShouldReturn" computerName="ROLFW" duration="00:00:00.0180000" startTime="2017-05-10T13:32:02.0000000+02:00" endTime="2017-05-10T13:32:02.0000000+02:00" testType="13cdc9d9-ddb5-4fa4-a97d-d965ccfc6d4b" outcome="Passed" testListId="8c84fa94-04c1-424b-9868-57a2d4851a1d" relativeResultsDirectory="a70dacd7-466d-4792-8ffb-6761552b58c3">
      <Output>
      </Output>
    </UnitTestResult>
    <UnitTestResult executionId="7043f3de-eb5a-45e6-8757-45e991380147" testId="887ba0f4-5fe1-475b-a754-2b5eb6ad151f" testName="GetRoleByName_GivenGuestRole_ShouldReturn" computerName="ROLFW" duration="00:00:00.0030000" startTime="2017-05-10T13:32:02.0000000+02:00" endTime="2017-05-10T13:32:02.0000000+02:00" testType="13cdc9d9-ddb5-4fa4-a97d-d965ccfc6d4b" outcome="Passed" testListId="8c84fa94-04c1-424b-9868-57a2d4851a1d" relativeResultsDirectory="7043f3de-eb5a-45e6-8757-45e991380147">
      <Output>
      </Output>
    </UnitTestResult>
    <UnitTestResult executionId="c1595aab-40be-4328-994e-266f0f6327c9" testId="7e7eb903-c426-4310-8af1-ef2a53e37546" testName="GetRoleByName_GivenInvalidRole_ShouldReturnNull" computerName="ROLFW" duration="00:00:00.0000001" startTime="2017-05-10T13:32:02.0000000+02:00" endTime="2017-05-10T13:32:02.0000000+02:00" testType="13cdc9d9-ddb5-4fa4-a97d-d965ccfc6d4b" outcome="Passed" testListId="8c84fa94-04c1-424b-9868-57a2d4851a1d" relativeResultsDirectory="c1595aab-40be-4328-994e-266f0f6327c9">
      <Output>
      </Output>
    </UnitTestResult>
    <UnitTestResult executionId="86ee68e8-59cb-484f-8d33-6f660cf895ef" testId="ee283849-efb8-47ae-8d71-dcb3701c4648" testName="Delete_WhenCalledWithExisting_ShouldCallMessageThatDataWasRemoved" computerName="ROLFW" duration="00:00:00.0100000" startTime="2017-05-10T13:32:02.0000000+02:00" endTime="2017-05-10T13:32:02.0000000+02:00" testType="13cdc9d9-ddb5-4fa4-a97d-d965ccfc6d4b" outcome="Passed" testListId="8c84fa94-04c1-424b-9868-57a2d4851a1d" relativeResultsDirectory="86ee68e8-59cb-484f-8d33-6f660cf895ef">
      <Output>
      </Output>
    </UnitTestResult>
    <UnitTestResult executionId="5f452b0c-deaa-4b4e-8772-5118b45dfd2b" testId="bd8df479-4d16-4df1-8ab0-91c3f027f072" testName="Get_WhenCalledWithId_ShouldReturnSingleRecord" computerName="ROLFW" duration="00:00:00.0010000" startTime="2017-05-10T13:32:02.0000000+02:00" endTime="2017-05-10T13:32:02.0000000+02:00" testType="13cdc9d9-ddb5-4fa4-a97d-d965ccfc6d4b" outcome="Passed" testListId="8c84fa94-04c1-424b-9868-57a2d4851a1d" relativeResultsDirectory="5f452b0c-deaa-4b4e-8772-5118b45dfd2b">
      <Output>
      </Output>
    </UnitTestResult>
    <UnitTestResult executionId="c8e74444-fa30-43ab-b496-cd81535a7868" testId="875406ea-a892-4b32-9f1f-e8173f902f11" testName="GetRecords_WhenCalled_ShouldReturnRecords" computerName="ROLFW" duration="00:00:00.0010000" startTime="2017-05-10T13:32:02.0000000+02:00" endTime="2017-05-10T13:32:02.0000000+02:00" testType="13cdc9d9-ddb5-4fa4-a97d-d965ccfc6d4b" outcome="Passed" testListId="8c84fa94-04c1-424b-9868-57a2d4851a1d" relativeResultsDirectory="c8e74444-fa30-43ab-b496-cd81535a7868">
      <Output>
      </Output>
    </UnitTestResult>
    <UnitTestResult executionId="365e2207-4e6e-4ca3-88e7-f27c1fa2697e" testId="50794273-f8b1-4c55-93d9-75498c5e3c9c" testName="GetUserByEmail_WhenCalledWithExistingUserWithInvalidEmail_ShouldReturnNull" computerName="ROLFW" duration="00:00:00.0080000" startTime="2017-05-10T13:32:02.0000000+02:00" endTime="2017-05-10T13:32:02.0000000+02:00" testType="13cdc9d9-ddb5-4fa4-a97d-d965ccfc6d4b" outcome="Passed" testListId="8c84fa94-04c1-424b-9868-57a2d4851a1d" relativeResultsDirectory="365e2207-4e6e-4ca3-88e7-f27c1fa2697e">
      <Output>
      </Output>
    </UnitTestResult>
    <UnitTestResult executionId="2f67173c-40f7-467b-904c-390600d34085" testId="69082685-73b4-43bc-a581-2b25942d44bc" testName="GetUserByEmail_WhenCalledWithExistingUserWithInvalidPassword_ShouldReturnUser" computerName="ROLFW" duration="00:00:00.0020000" startTime="2017-05-10T13:32:02.0000000+02:00" endTime="2017-05-10T13:32:02.0000000+02:00" testType="13cdc9d9-ddb5-4fa4-a97d-d965ccfc6d4b" outcome="Passed" testListId="8c84fa94-04c1-424b-9868-57a2d4851a1d" relativeResultsDirectory="2f67173c-40f7-467b-904c-390600d34085">
      <Output>
      </Output>
    </UnitTestResult>
    <UnitTestResult executionId="82d01d8c-b8b1-457c-b884-6cbcca8902d6" testId="e82d00ce-7eb4-4bb5-bbb8-52293cd3e623" testName="GetUserByEmailAndPassword_WhenCalledWithExistingUsernameAndPassword_ShouldReturnTheUser" computerName="ROLFW" duration="00:00:00.0440000" startTime="2017-05-10T13:32:02.0000000+02:00" endTime="2017-05-10T13:32:02.0000000+02:00" testType="13cdc9d9-ddb5-4fa4-a97d-d965ccfc6d4b" outcome="Passed" testListId="8c84fa94-04c1-424b-9868-57a2d4851a1d" relativeResultsDirectory="82d01d8c-b8b1-457c-b884-6cbcca8902d6">
      <Output>
      </Output>
    </UnitTestResult>
    <UnitTestResult executionId="643cacb9-0b1e-4490-8c0c-d51f84df78a4" testId="77fdb641-cc0f-4433-875f-c930fdb68d73" testName="GetUserByEmailAndPassword_WhenCalledWithExistingUsernameWithInvalidPassword_ShouldReturnNull" computerName="ROLFW" duration="00:00:00.0070000" startTime="2017-05-10T13:32:02.0000000+02:00" endTime="2017-05-10T13:32:02.0000000+02:00" testType="13cdc9d9-ddb5-4fa4-a97d-d965ccfc6d4b" outcome="Passed" testListId="8c84fa94-04c1-424b-9868-57a2d4851a1d" relativeResultsDirectory="643cacb9-0b1e-4490-8c0c-d51f84df78a4">
      <Output>
      </Output>
    </UnitTestResult>
    <UnitTestResult executionId="e84d6792-76e8-4120-ad09-2d5b42ff2c62" testId="3e58f36f-6d42-4462-95a0-46aca0a14fbd" testName="GetUserByEmailAndPassword_WhenCalledWithInvalidUser_ShouldReturnNull" computerName="ROLFW" duration="00:00:00.0050000" startTime="2017-05-10T13:32:02.0000000+02:00" endTime="2017-05-10T13:32:02.0000000+02:00" testType="13cdc9d9-ddb5-4fa4-a97d-d965ccfc6d4b" outcome="Passed" testListId="8c84fa94-04c1-424b-9868-57a2d4851a1d" relativeResultsDirectory="e84d6792-76e8-4120-ad09-2d5b42ff2c62">
      <Output>
      </Output>
    </UnitTestResult>
    <UnitTestResult executionId="5ac6ac10-48c9-474c-988c-2ba989556417" testId="82e6c2a8-6160-4237-8995-8cc99ee8f87b" testName="Save_WhenCalledWith_ShouldCallMessageThatDataWasInserted" computerName="ROLFW" duration="00:00:00.0130000" startTime="2017-05-10T13:32:02.0000000+02:00" endTime="2017-05-10T13:32:02.0000000+02:00" testType="13cdc9d9-ddb5-4fa4-a97d-d965ccfc6d4b" outcome="Passed" testListId="8c84fa94-04c1-424b-9868-57a2d4851a1d" relativeResultsDirectory="5ac6ac10-48c9-474c-988c-2ba989556417">
      <Output>
      </Output>
    </UnitTestResult>
    <UnitTestResult executionId="210f7b38-2a7d-4bb4-8984-0255d08422a0" testId="8972fa07-c9c0-450a-bd3b-7e8055c079a0" testName="Save_WhenCalledWith_ShouldSaveTheRecord" computerName="ROLFW" duration="00:00:00.0030000" startTime="2017-05-10T13:32:02.0000000+02:00" endTime="2017-05-10T13:32:02.0000000+02:00" testType="13cdc9d9-ddb5-4fa4-a97d-d965ccfc6d4b" outcome="Passed" testListId="8c84fa94-04c1-424b-9868-57a2d4851a1d" relativeResultsDirectory="210f7b38-2a7d-4bb4-8984-0255d08422a0">
      <Output>
      </Output>
    </UnitTestResult>
    <UnitTestResult executionId="bdd06fc0-edb7-411a-9803-197bd2d49682" testId="5869b76e-2ccc-40ee-95bc-0a81560bcf34" testName="Save_WhenCalledWith_ShouldToLowerTheEmail" computerName="ROLFW" duration="00:00:00.0020000" startTime="2017-05-10T13:32:02.0000000+02:00" endTime="2017-05-10T13:32:02.0000000+02:00" testType="13cdc9d9-ddb5-4fa4-a97d-d965ccfc6d4b" outcome="Passed" testListId="8c84fa94-04c1-424b-9868-57a2d4851a1d" relativeResultsDirectory="bdd06fc0-edb7-411a-9803-197bd2d49682">
      <Output>
      </Output>
    </UnitTestResult>
    <UnitTestResult executionId="a44b33a6-1d99-42f1-9602-e5efd1846852" testId="8a11e365-40c3-4381-826e-a317ebebb3ca" testName="Save_WhenCalledWithExisting_ShouldCallMessageThatDataWasUpdated" computerName="ROLFW" duration="00:00:00.0050000" startTime="2017-05-10T13:32:02.0000000+02:00" endTime="2017-05-10T13:32:02.0000000+02:00" testType="13cdc9d9-ddb5-4fa4-a97d-d965ccfc6d4b" outcome="Passed" testListId="8c84fa94-04c1-424b-9868-57a2d4851a1d" relativeResultsDirectory="a44b33a6-1d99-42f1-9602-e5efd1846852">
      <Output>
      </Output>
    </UnitTestResult>
    <UnitTestResult executionId="764ae04e-8f9d-480f-80f9-f0ee8980d3a2" testId="b73d309e-6ef7-4b70-a15d-49e2d3d2feda" testName="SaveUser_WhenCalledWithUser_ShouldToLowerTheEmail" computerName="ROLFW" duration="00:00:00.0090000" startTime="2017-05-10T13:32:02.0000000+02:00" endTime="2017-05-10T13:32:02.0000000+02:00" testType="13cdc9d9-ddb5-4fa4-a97d-d965ccfc6d4b" outcome="Passed" testListId="8c84fa94-04c1-424b-9868-57a2d4851a1d" relativeResultsDirectory="764ae04e-8f9d-480f-80f9-f0ee8980d3a2">
      <Output>
      </Output>
    </UnitTestResult>
    <UnitTestResult executionId="decd920d-a0d7-4524-b198-a1db5a8cc366" testId="9dac9cf6-d9f6-4cae-941b-dfadfeaf22d0" testName="Constructor_WhenCalled_ShouldNotBeNull" computerName="ROLFW" duration="00:00:00.0010000" startTime="2017-05-10T13:32:02.0000000+02:00" endTime="2017-05-10T13:32:02.0000000+02:00" testType="13cdc9d9-ddb5-4fa4-a97d-d965ccfc6d4b" outcome="Passed" testListId="8c84fa94-04c1-424b-9868-57a2d4851a1d" relativeResultsDirectory="decd920d-a0d7-4524-b198-a1db5a8cc366">
      <Output>
      </Output>
    </UnitTestResult>
    <UnitTestResult executionId="6d39318f-6b36-4686-ba14-6250561f1132" testId="43b0d8c3-59c6-45ce-bf09-19607a28ba84" testName="Send_Given_Object_ShouldBeRecieved" computerName="ROLFW" duration="00:00:00.0030000" startTime="2017-05-10T13:32:02.0000000+02:00" endTime="2017-05-10T13:32:02.0000000+02:00" testType="13cdc9d9-ddb5-4fa4-a97d-d965ccfc6d4b" outcome="Passed" testListId="8c84fa94-04c1-424b-9868-57a2d4851a1d" relativeResultsDirectory="6d39318f-6b36-4686-ba14-6250561f1132">
      <Output>
      </Output>
    </UnitTestResult>
    <UnitTestResult executionId="a37bfa81-54b4-4508-a3e4-a8b1d3457ddc" testId="1a3c045d-a0ad-489e-a7cf-50bab22513f6" testName="Send_GivenObject_ShouldBeRecievedOnOtherListner" computerName="ROLFW" duration="00:00:00.0010000" startTime="2017-05-10T13:32:02.0000000+02:00" endTime="2017-05-10T13:32:02.0000000+02:00" testType="13cdc9d9-ddb5-4fa4-a97d-d965ccfc6d4b" outcome="Passed" testListId="8c84fa94-04c1-424b-9868-57a2d4851a1d" relativeResultsDirectory="a37bfa81-54b4-4508-a3e4-a8b1d3457ddc">
      <Output>
      </Output>
    </UnitTestResult>
    <UnitTestResult executionId="7991cec3-a04f-4cb2-985c-bb475d58eaf7" testId="80ab7208-0264-45ac-b10a-4b88b931242c" testName="Send_GivenRegisteredAndThenUnregister_ShouldNotRelieveMessage" computerName="ROLFW" duration="00:00:00.0010000" startTime="2017-05-10T13:32:02.0000000+02:00" endTime="2017-05-10T13:32:02.0000000+02:00" testType="13cdc9d9-ddb5-4fa4-a97d-d965ccfc6d4b" outcome="Passed" testListId="8c84fa94-04c1-424b-9868-57a2d4851a1d" relativeResultsDirectory="7991cec3-a04f-4cb2-985c-bb475d58eaf7">
      <Output>
      </Output>
    </UnitTestResult>
    <UnitTestResult executionId="3753e233-dbd3-49d3-bf5c-b95940b00a39" testId="89fd3d8e-4229-4a0d-a8e8-e22b41a98486" testName="Send_GivenRegisteredAndThenUnregisterAll_ShouldNotRelieveMessage" computerName="ROLFW" duration="00:00:00.0010000" startTime="2017-05-10T13:32:02.0000000+02:00" endTime="2017-05-10T13:32:02.0000000+02:00" testType="13cdc9d9-ddb5-4fa4-a97d-d965ccfc6d4b" outcome="Passed" testListId="8c84fa94-04c1-424b-9868-57a2d4851a1d" relativeResultsDirectory="3753e233-dbd3-49d3-bf5c-b95940b00a39">
      <Output>
      </Output>
    </UnitTestResult>
    <UnitTestResult executionId="fda96aed-e6c8-4a01-9af0-edf6542a837f" testId="d1644d3a-0afd-40bf-a58c-e0faeabed5c9" testName="Name_GiveLongString_ShouldFail" computerName="ROLFW" duration="00:00:00.0520000" startTime="2017-05-10T13:32:03.0000000+02:00" endTime="2017-05-10T13:32:03.0000000+02:00" testType="13cdc9d9-ddb5-4fa4-a97d-d965ccfc6d4b" outcome="Passed" testListId="8c84fa94-04c1-424b-9868-57a2d4851a1d" relativeResultsDirectory="fda96aed-e6c8-4a01-9af0-edf6542a837f">
      <Output>
      </Output>
    </UnitTestResult>
    <UnitTestResult executionId="04533500-1cb5-49f7-831f-5971fc81ab76" testId="a2eecf26-9669-44de-afff-54af2c1d615e" testName="Name_GiveNullName_ShouldFail" computerName="ROLFW" duration="00:00:00.0020000" startTime="2017-05-10T13:32:03.0000000+02:00" endTime="2017-05-10T13:32:03.0000000+02:00" testType="13cdc9d9-ddb5-4fa4-a97d-d965ccfc6d4b" outcome="Passed" testListId="8c84fa94-04c1-424b-9868-57a2d4851a1d" relativeResultsDirectory="04533500-1cb5-49f7-831f-5971fc81ab76">
      <Output>
      </Output>
    </UnitTestResult>
    <UnitTestResult executionId="cf505dde-c8fd-4c19-9337-eb652fa780ba" testId="7f0c1271-9e17-470c-8597-278a4737bcd8" testName="Validate_GiveValidProjectData_ShouldNotFail" computerName="ROLFW" duration="00:00:00.0150000" startTime="2017-05-10T13:32:03.0000000+02:00" endTime="2017-05-10T13:32:03.0000000+02:00" testType="13cdc9d9-ddb5-4fa4-a97d-d965ccfc6d4b" outcome="Passed" testListId="8c84fa94-04c1-424b-9868-57a2d4851a1d" relativeResultsDirectory="cf505dde-c8fd-4c19-9337-eb652fa780ba">
      <Output>
      </Output>
    </UnitTestResult>
    <UnitTestResult executionId="2828646d-1e65-4154-9a43-b8598864864b" testId="f92e0f8f-2a7e-44c4-94e3-0fb17f5caa44" testName="Email_GiveEmptyEmail_ShouldFail" computerName="ROLFW" duration="00:00:00.0100000" startTime="2017-05-10T13:32:03.0000000+02:00" endTime="2017-05-10T13:32:03.0000000+02:00" testType="13cdc9d9-ddb5-4fa4-a97d-d965ccfc6d4b" outcome="Passed" testListId="8c84fa94-04c1-424b-9868-57a2d4851a1d" relativeResultsDirectory="2828646d-1e65-4154-9a43-b8598864864b">
      <Output>
      </Output>
    </UnitTestResult>
    <UnitTestResult executionId="347c4328-7005-4fd5-8cd6-f80650f08949" testId="0c6814b0-a5b3-480d-9dfa-8a4c13839ff4" testName="Email_GiveInvalidEmail_ShouldFail" computerName="ROLFW" duration="00:00:00.0010000" startTime="2017-05-10T13:32:03.0000000+02:00" endTime="2017-05-10T13:32:03.0000000+02:00" testType="13cdc9d9-ddb5-4fa4-a97d-d965ccfc6d4b" outcome="Passed" testListId="8c84fa94-04c1-424b-9868-57a2d4851a1d" relativeResultsDirectory="347c4328-7005-4fd5-8cd6-f80650f08949">
      <Output>
      </Output>
    </UnitTestResult>
    <UnitTestResult executionId="90e3a2ca-17a8-4cfe-93ae-9c3fad0cf944" testId="9ac04797-a4f7-47b5-b89c-0e8e0b590504" testName="Email_GiveValidEmail_ShouldNotFail" computerName="ROLFW" duration="00:00:00.0030000" startTime="2017-05-10T13:32:03.0000000+02:00" endTime="2017-05-10T13:32:03.0000000+02:00" testType="13cdc9d9-ddb5-4fa4-a97d-d965ccfc6d4b" outcome="Passed" testListId="8c84fa94-04c1-424b-9868-57a2d4851a1d" relativeResultsDirectory="90e3a2ca-17a8-4cfe-93ae-9c3fad0cf944">
      <Output>
      </Output>
    </UnitTestResult>
    <UnitTestResult executionId="b9b72b4e-c95f-439e-b2de-4c9335fa3b2a" testId="8f670dad-f30f-403c-a07f-cfc863a833fd" testName="HashedPassword_GivenEmptyPassword_ShouldFail" computerName="ROLFW" duration="00:00:00.0010000" startTime="2017-05-10T13:32:03.0000000+02:00" endTime="2017-05-10T13:32:03.0000000+02:00" testType="13cdc9d9-ddb5-4fa4-a97d-d965ccfc6d4b" outcome="Passed" testListId="8c84fa94-04c1-424b-9868-57a2d4851a1d" relativeResultsDirectory="b9b72b4e-c95f-439e-b2de-4c9335fa3b2a">
      <Output>
      </Output>
    </UnitTestResult>
    <UnitTestResult executionId="baa3bd80-5848-4e1d-92b8-15a47ec39113" testId="92b07f89-9bbe-4fb8-8a12-3f19113732aa" testName="Name_GiveNullName_ShouldFail" computerName="ROLFW" duration="00:00:00.0010000" startTime="2017-05-10T13:32:03.0000000+02:00" endTime="2017-05-10T13:32:03.0000000+02:00" testType="13cdc9d9-ddb5-4fa4-a97d-d965ccfc6d4b" outcome="Passed" testListId="8c84fa94-04c1-424b-9868-57a2d4851a1d" relativeResultsDirectory="baa3bd80-5848-4e1d-92b8-15a47ec39113">
      <Output>
      </Output>
    </UnitTestResult>
    <UnitTestResult executionId="5bf3d67e-aa72-4823-bf51-9e38be7dc182" testId="71e67ec9-3df7-4c52-9a2c-621cc5ebbb34" testName="Validate_GiveInvalidRole_ShouldFail" computerName="ROLFW" duration="00:00:00.0040000" startTime="2017-05-10T13:32:03.0000000+02:00" endTime="2017-05-10T13:32:03.0000000+02:00" testType="13cdc9d9-ddb5-4fa4-a97d-d965ccfc6d4b" outcome="Passed" testListId="8c84fa94-04c1-424b-9868-57a2d4851a1d" relativeResultsDirectory="5bf3d67e-aa72-4823-bf51-9e38be7dc182">
      <Output>
      </Output>
    </UnitTestResult>
    <UnitTestResult executionId="52aad715-bf62-440b-8d5c-aea56ba541af" testId="389a920a-81cb-4f5e-8b07-ebab607f1bc3" testName="Validate_GiveValidUserData_ShouldNotFail" computerName="ROLFW" duration="00:00:00.0010000" startTime="2017-05-10T13:32:03.0000000+02:00" endTime="2017-05-10T13:32:03.0000000+02:00" testType="13cdc9d9-ddb5-4fa4-a97d-d965ccfc6d4b" outcome="Passed" testListId="8c84fa94-04c1-424b-9868-57a2d4851a1d" relativeResultsDirectory="52aad715-bf62-440b-8d5c-aea56ba541af">
      <Output>
      </Output>
    </UnitTestResult>
    <UnitTestResult executionId="4158a084-52de-4bfe-84ae-b8ae027618fd" testId="08bbe609-9a51-4324-ac5b-dbadeee0e379" testName="Get_WhenCalledWithOData_ShouldShouldFilter" computerName="ROLFW" duration="00:00:02.5740000" startTime="2017-05-10T13:32:04.0000000+02:00" endTime="2017-05-10T13:32:07.0000000+02:00" testType="13cdc9d9-ddb5-4fa4-a97d-d965ccfc6d4b" outcome="Passed" testListId="8c84fa94-04c1-424b-9868-57a2d4851a1d" relativeResultsDirectory="4158a084-52de-4bfe-84ae-b8ae027618fd">
      <Output>
      </Output>
    </UnitTestResult>
    <UnitTestResult executionId="fd765720-44a3-4f96-be62-51921f5209e9" testId="ad0e767f-3e57-4a1e-ab49-37d91112693c" testName="PostPutDelete_WhenWhenGivenValidModel_ShouldLookupModels" computerName="ROLFW" duration="00:00:01.0460000" startTime="2017-05-10T13:32:07.0000000+02:00" endTime="2017-05-10T13:32:08.0000000+02:00" testType="13cdc9d9-ddb5-4fa4-a97d-d965ccfc6d4b" outcome="Passed" testListId="8c84fa94-04c1-424b-9868-57a2d4851a1d" relativeResultsDirectory="fd765720-44a3-4f96-be62-51921f5209e9">
      <Output>
      </Output>
    </UnitTestResult>
    <UnitTestResult executionId="2ed76b9d-cc9f-4a8d-8715-e3c702fe87aa" testId="6703295f-d2fb-4e93-8db7-6be5d0175908" testName="Get_WhenCalledWithOData_ShouldShouldFilter" computerName="ROLFW" duration="00:00:00.0430000" startTime="2017-05-10T13:32:08.0000000+02:00" endTime="2017-05-10T13:32:08.0000000+02:00" testType="13cdc9d9-ddb5-4fa4-a97d-d965ccfc6d4b" outcome="Passed" testListId="8c84fa94-04c1-424b-9868-57a2d4851a1d" relativeResultsDirectory="2ed76b9d-cc9f-4a8d-8715-e3c702fe87aa">
      <Output>
      </Output>
    </UnitTestResult>
    <UnitTestResult executionId="38397faa-fa29-4542-a30f-b0bd3d93082c" testId="9633eba0-a8ba-42e1-97a8-b2d3f41419b4" testName="Insert_WhenCalledWithInvalidDuplicateEmail_ShouldThrowException" computerName="ROLFW" duration="00:00:00.0630000" startTime="2017-05-10T13:32:08.0000000+02:00" endTime="2017-05-10T13:32:08.0000000+02:00" testType="13cdc9d9-ddb5-4fa4-a97d-d965ccfc6d4b" outcome="Passed" testListId="8c84fa94-04c1-424b-9868-57a2d4851a1d" relativeResultsDirectory="38397faa-fa29-4542-a30f-b0bd3d93082c">
      <Output>
      </Output>
    </UnitTestResult>
    <UnitTestResult executionId="3ce666eb-a6e6-4ea3-b846-80980d169184" testId="a4937653-2fe5-4202-bfc9-b14a543330eb" testName="PostPutDelete_WhenWhenGivenValidModel_ShouldLookupModels" computerName="ROLFW" duration="00:00:00.2400000" startTime="2017-05-10T13:32:08.0000000+02:00" endTime="2017-05-10T13:32:08.0000000+02:00" testType="13cdc9d9-ddb5-4fa4-a97d-d965ccfc6d4b" outcome="Passed" testListId="8c84fa94-04c1-424b-9868-57a2d4851a1d" relativeResultsDirectory="3ce666eb-a6e6-4ea3-b846-80980d169184">
      <Output>
      </Output>
    </UnitTestResult>
    <UnitTestResult executionId="b6869361-3a99-4979-bd4a-00d769c94f1a" testId="5d2cc27b-d739-4b00-b604-9ec2b5c9fd0b" testName="Roles_WhenCalled_ShouldReturnAllRoleInformation" computerName="ROLFW" duration="00:00:00.0330000" startTime="2017-05-10T13:32:08.0000000+02:00" endTime="2017-05-10T13:32:08.0000000+02:00" testType="13cdc9d9-ddb5-4fa4-a97d-d965ccfc6d4b" outcome="Passed" testListId="8c84fa94-04c1-424b-9868-57a2d4851a1d" relativeResultsDirectory="b6869361-3a99-4979-bd4a-00d769c94f1a">
      <Output>
      </Output>
    </UnitTestResult>
    <UnitTestResult executionId="b6e1839b-77b8-4c60-b871-1126a3f31cd0" testId="4cb8ba99-6161-4236-8fab-916336020fcf" testName="WhoAmI_GivenUserData_ShouldReturn" computerName="ROLFW" duration="00:00:00.0100000" startTime="2017-05-10T13:32:08.0000000+02:00" endTime="2017-05-10T13:32:08.0000000+02:00" testType="13cdc9d9-ddb5-4fa4-a97d-d965ccfc6d4b" outcome="Passed" testListId="8c84fa94-04c1-424b-9868-57a2d4851a1d" relativeResultsDirectory="b6e1839b-77b8-4c60-b871-1126a3f31cd0">
      <Output>
      </Output>
    </UnitTestResult>
    <UnitTestResult executionId="60df0a40-ce0d-4e34-89b8-6af3e5936dcd" testId="ec464bba-694a-4edf-a8ce-fd034775afd7" testName="Get_WhenCacheDoesExist_ShouldNotGetValue" computerName="ROLFW" duration="00:00:00.0260000" startTime="2017-05-10T13:32:10.0000000+02:00" endTime="2017-05-10T13:32:10.0000000+02:00" testType="13cdc9d9-ddb5-4fa4-a97d-d965ccfc6d4b" outcome="Passed" testListId="8c84fa94-04c1-424b-9868-57a2d4851a1d" relativeResultsDirectory="60df0a40-ce0d-4e34-89b8-6af3e5936dcd">
      <Output>
      </Output>
    </UnitTestResult>
    <UnitTestResult executionId="c97f7287-00f1-4c22-96f1-eb4f5cca85a7" testId="619b20bb-6909-4762-9651-eec81f4a2d7b" testName="Get_WhenCacheDoesExistShoudOnlyDoItOnce_ShouldNotGetValue" computerName="ROLFW" duration="00:00:00.0010000" startTime="2017-05-10T13:32:10.0000000+02:00" endTime="2017-05-10T13:32:10.0000000+02:00" testType="13cdc9d9-ddb5-4fa4-a97d-d965ccfc6d4b" outcome="Passed" testListId="8c84fa94-04c1-424b-9868-57a2d4851a1d" relativeResultsDirectory="c97f7287-00f1-4c22-96f1-eb4f5cca85a7">
      <Output>
      </Output>
    </UnitTestResult>
    <UnitTestResult executionId="56467fa4-941f-4f42-a222-95b31e09bc12" testId="a1df1493-458a-4644-813d-79e567c3ef5d" testName="Get_WhenCacheDoesNotExist_ShouldReturnValue" computerName="ROLFW" duration="00:00:00.0000001" startTime="2017-05-10T13:32:10.0000000+02:00" endTime="2017-05-10T13:32:10.0000000+02:00" testType="13cdc9d9-ddb5-4fa4-a97d-d965ccfc6d4b" outcome="Passed" testListId="8c84fa94-04c1-424b-9868-57a2d4851a1d" relativeResultsDirectory="56467fa4-941f-4f42-a222-95b31e09bc12">
      <Output>
      </Output>
    </UnitTestResult>
    <UnitTestResult executionId="facbb768-0e94-43d9-9365-81663527e1f7" testId="0b3f63a7-975b-4f7a-9c3f-cfc8aebb562c" testName="Get_WhenWithNoSet_ShouldJustRetrieveTheValue" computerName="ROLFW" duration="00:00:00.0000001" startTime="2017-05-10T13:32:10.0000000+02:00" endTime="2017-05-10T13:32:10.0000000+02:00" testType="13cdc9d9-ddb5-4fa4-a97d-d965ccfc6d4b" outcome="Passed" testListId="8c84fa94-04c1-424b-9868-57a2d4851a1d" relativeResultsDirectory="facbb768-0e94-43d9-9365-81663527e1f7">
      <Output>
      </Output>
    </UnitTestResult>
    <UnitTestResult executionId="84929684-b659-4ca5-9463-8bd24a84e4b5" testId="059fc4a2-8782-4101-bf80-87dc440d4bf2" testName="ReadResource_GivenInvalidResource_ShouldThrowException" computerName="ROLFW" duration="00:00:00.0150000" startTime="2017-05-10T13:32:10.0000000+02:00" endTime="2017-05-10T13:32:10.0000000+02:00" testType="13cdc9d9-ddb5-4fa4-a97d-d965ccfc6d4b" outcome="Passed" testListId="8c84fa94-04c1-424b-9868-57a2d4851a1d" relativeResultsDirectory="84929684-b659-4ca5-9463-8bd24a84e4b5">
      <Output>
      </Output>
    </UnitTestResult>
    <UnitTestResult executionId="88807e38-d778-4cae-ae63-7b0d9b754ad5" testId="cd676ab5-4fb2-438e-9908-c2a97e078c3a" testName="ReadResource_GivenValidResource_ShouldReturnString" computerName="ROLFW" duration="00:00:00.0000001" startTime="2017-05-10T13:32:10.0000000+02:00" endTime="2017-05-10T13:32:10.0000000+02:00" testType="13cdc9d9-ddb5-4fa4-a97d-d965ccfc6d4b" outcome="Passed" testListId="8c84fa94-04c1-424b-9868-57a2d4851a1d" relativeResultsDirectory="88807e38-d778-4cae-ae63-7b0d9b754ad5">
      <Output>
      </Output>
    </UnitTestResult>
    <UnitTestResult executionId="3067312f-2412-4c74-b199-bb1c368b544b" testId="9c3bf893-3af7-4d14-82e9-2e584140c905" testName="ForEach_GivenEnum_ShouldRunForeachOverAll" computerName="ROLFW" duration="00:00:00.0030000" startTime="2017-05-10T13:32:10.0000000+02:00" endTime="2017-05-10T13:32:10.0000000+02:00" testType="13cdc9d9-ddb5-4fa4-a97d-d965ccfc6d4b" outcome="Passed" testListId="8c84fa94-04c1-424b-9868-57a2d4851a1d" relativeResultsDirectory="3067312f-2412-4c74-b199-bb1c368b544b">
      <Output>
      </Output>
    </UnitTestResult>
    <UnitTestResult executionId="1860c86b-c6b9-418b-be26-fbbf644cc2eb" testId="3495a2b3-4a5c-4cf8-babc-f733838a3856" testName="StringJoin_WhenCalledWithArrayOfStrings_ShouldJoinValues" computerName="ROLFW" duration="00:00:00.0010000" startTime="2017-05-10T13:32:10.0000000+02:00" endTime="2017-05-10T13:32:10.0000000+02:00" testType="13cdc9d9-ddb5-4fa4-a97d-d965ccfc6d4b" outcome="Passed" testListId="8c84fa94-04c1-424b-9868-57a2d4851a1d" relativeResultsDirectory="1860c86b-c6b9-418b-be26-fbbf644cc2eb">
      <Output>
      </Output>
    </UnitTestResult>
    <UnitTestResult executionId="a85ae640-4a31-4f8e-8b6f-bd03d9e3a4a0" testId="60b72a4e-df9d-41b6-9e3a-010d3e6e7567" testName="StringJoin_WhenCalledWithDifferenceSeparator_ShouldUseSeparator" computerName="ROLFW" duration="00:00:00.0000001" startTime="2017-05-10T13:32:10.0000000+02:00" endTime="2017-05-10T13:32:10.0000000+02:00" testType="13cdc9d9-ddb5-4fa4-a97d-d965ccfc6d4b" outcome="Passed" testListId="8c84fa94-04c1-424b-9868-57a2d4851a1d" relativeResultsDirectory="a85ae640-4a31-4f8e-8b6f-bd03d9e3a4a0">
      <Output>
      </Output>
    </UnitTestResult>
    <UnitTestResult executionId="840303ab-d886-44cf-9ab1-63a63412ec92" testId="87f2e7a6-5152-4949-a87c-64ff71b20f44" testName="StringJoin_WhenCalledWithOneNull_ShouldReturnNull" computerName="ROLFW" duration="00:00:00.0000001" startTime="2017-05-10T13:32:10.0000000+02:00" endTime="2017-05-10T13:32:10.0000000+02:00" testType="13cdc9d9-ddb5-4fa4-a97d-d965ccfc6d4b" outcome="Passed" testListId="8c84fa94-04c1-424b-9868-57a2d4851a1d" relativeResultsDirectory="840303ab-d886-44cf-9ab1-63a63412ec92">
      <Output>
      </Output>
    </UnitTestResult>
    <UnitTestResult executionId="e9b05cd6-4a13-480c-9bb3-0104484de0cb" testId="3fcabf60-9578-43b6-93ca-8508da4d9cc8" testName="StringJoin_WhenCalledWithOneValue_ShouldDisplayOnlyValue" computerName="ROLFW" duration="00:00:00.0000001" startTime="2017-05-10T13:32:10.0000000+02:00" endTime="2017-05-10T13:32:10.0000000+02:00" testType="13cdc9d9-ddb5-4fa4-a97d-d965ccfc6d4b" outcome="Passed" testListId="8c84fa94-04c1-424b-9868-57a2d4851a1d" relativeResultsDirectory="e9b05cd6-4a13-480c-9bb3-0104484de0cb">
      <Output>
      </Output>
    </UnitTestResult>
    <UnitTestResult executionId="06d64e57-31cf-4834-9ea5-f7f91d4b3c09" testId="c63d2a8b-2dcd-44a3-94f1-4a542f6db0d4" testName="method_GiventestingFor_Shouldresult" computerName="ROLFW" duration="00:00:00.0100000" startTime="2017-05-10T13:32:10.0000000+02:00" endTime="2017-05-10T13:32:10.0000000+02:00" testType="13cdc9d9-ddb5-4fa4-a97d-d965ccfc6d4b" outcome="Passed" testListId="8c84fa94-04c1-424b-9868-57a2d4851a1d" relativeResultsDirectory="06d64e57-31cf-4834-9ea5-f7f91d4b3c09">
      <Output>
      </Output>
    </UnitTestResult>
    <UnitTestResult executionId="1533ad07-7c0b-4e27-92ed-f7312209a782" testId="730a5b78-01da-4f39-8353-7968a3ef2d81" testName="ToFirstExceptionOfException_GivenMultipleException_ShouldDispayAsSingleString" computerName="ROLFW" duration="00:00:00.0020000" startTime="2017-05-10T13:32:10.0000000+02:00" endTime="2017-05-10T13:32:10.0000000+02:00" testType="13cdc9d9-ddb5-4fa4-a97d-d965ccfc6d4b" outcome="Passed" testListId="8c84fa94-04c1-424b-9868-57a2d4851a1d" relativeResultsDirectory="1533ad07-7c0b-4e27-92ed-f7312209a782">
      <Output>
      </Output>
    </UnitTestResult>
    <UnitTestResult executionId="7dfc435b-edb4-435b-b072-3d766f9caec0" testId="5ce6b16d-06af-46a1-b972-e6eaf400194a" testName="ToSimpleException_GivenAggregateExceptionWithOneException_ShouldReturnTheFirst" computerName="ROLFW" duration="00:00:00.0000001" startTime="2017-05-10T13:32:10.0000000+02:00" endTime="2017-05-10T13:32:10.0000000+02:00" testType="13cdc9d9-ddb5-4fa4-a97d-d965ccfc6d4b" outcome="Passed" testListId="8c84fa94-04c1-424b-9868-57a2d4851a1d" relativeResultsDirectory="7dfc435b-edb4-435b-b072-3d766f9caec0">
      <Output>
      </Output>
    </UnitTestResult>
    <UnitTestResult executionId="2b9d8c16-5f41-4e4c-b8c5-074406f52f58" testId="8daf914b-a353-4091-96e4-7dd0dc839e43" testName="ToSimpleException_GivenMultipleException_ShouldConcatTheMessages" computerName="ROLFW" duration="00:00:00.0010000" startTime="2017-05-10T13:32:10.0000000+02:00" endTime="2017-05-10T13:32:10.0000000+02:00" testType="13cdc9d9-ddb5-4fa4-a97d-d965ccfc6d4b" outcome="Passed" testListId="8c84fa94-04c1-424b-9868-57a2d4851a1d" relativeResultsDirectory="2b9d8c16-5f41-4e4c-b8c5-074406f52f58">
      <Output>
      </Output>
    </UnitTestResult>
    <UnitTestResult executionId="a1f7847f-0c8b-4260-ba55-3bc1a03c0511" testId="13378fac-65a9-466f-9e77-df0156b799b6" testName="ToSingleExceptionString_GivenMultipleException_ShouldDispayAsSingleString" computerName="ROLFW" duration="00:00:00.0000001" startTime="2017-05-10T13:32:10.0000000+02:00" endTime="2017-05-10T13:32:10.0000000+02:00" testType="13cdc9d9-ddb5-4fa4-a97d-d965ccfc6d4b" outcome="Passed" testListId="8c84fa94-04c1-424b-9868-57a2d4851a1d" relativeResultsDirectory="a1f7847f-0c8b-4260-ba55-3bc1a03c0511">
      <Output>
      </Output>
    </UnitTestResult>
    <UnitTestResult executionId="236dadb4-bfb2-4648-aa7d-8b5512770470" testId="9b46217b-a1f6-482b-b69b-3c41678402b2" testName="Dump_GivenString_ShouldReturnString" computerName="ROLFW" duration="00:00:00.0010000" startTime="2017-05-10T13:32:10.0000000+02:00" endTime="2017-05-10T13:32:10.0000000+02:00" testType="13cdc9d9-ddb5-4fa4-a97d-d965ccfc6d4b" outcome="Passed" testListId="8c84fa94-04c1-424b-9868-57a2d4851a1d" relativeResultsDirectory="236dadb4-bfb2-4648-aa7d-8b5512770470">
      <Output>
      </Output>
    </UnitTestResult>
    <UnitTestResult executionId="870894c2-16f4-4c36-a9b3-15329a7d3dac" testId="46af9a9d-c043-49f9-b571-49f2ff39ad3a" testName="Dump_GivenStringAndName_ShouldOutputTheValueAndReturnOriginal" computerName="ROLFW" duration="00:00:00.0010000" startTime="2017-05-10T13:32:10.0000000+02:00" endTime="2017-05-10T13:32:10.0000000+02:00" testType="13cdc9d9-ddb5-4fa4-a97d-d965ccfc6d4b" outcome="Passed" testListId="8c84fa94-04c1-424b-9868-57a2d4851a1d" relativeResultsDirectory="870894c2-16f4-4c36-a9b3-15329a7d3dac">
      <Output>
        <StdOut>Test:"value"</StdOut>
      </Output>
    </UnitTestResult>
    <UnitTestResult executionId="b1022b4a-032b-4d66-a131-cada4f7b1fb4" testId="538ab9a8-5f6e-4822-babe-00f18f3ff372" testName="Get_GivenRequestForSameObject_ShouldAlwaysOnlyContainXValues" computerName="ROLFW" duration="00:00:00.0090000" startTime="2017-05-10T13:32:10.0000000+02:00" endTime="2017-05-10T13:32:10.0000000+02:00" testType="13cdc9d9-ddb5-4fa4-a97d-d965ccfc6d4b" outcome="Passed" testListId="8c84fa94-04c1-424b-9868-57a2d4851a1d" relativeResultsDirectory="b1022b4a-032b-4d66-a131-cada4f7b1fb4">
      <Output>
      </Output>
    </UnitTestResult>
    <UnitTestResult executionId="4e879ec1-625b-4887-a062-287f247777eb" testId="b022cd07-3197-442d-8b3e-1dcd87b83c3c" testName="GetMember_GivenExpression_ShouldReturnValue" computerName="ROLFW" duration="00:00:00.0020000" startTime="2017-05-10T13:32:10.0000000+02:00" endTime="2017-05-10T13:32:10.0000000+02:00" testType="13cdc9d9-ddb5-4fa4-a97d-d965ccfc6d4b" outcome="Passed" testListId="8c84fa94-04c1-424b-9868-57a2d4851a1d" relativeResultsDirectory="4e879ec1-625b-4887-a062-287f247777eb">
      <Output>
      </Output>
    </UnitTestResult>
    <UnitTestResult executionId="f48833f1-b71b-46e5-9e3c-39125ca8a6f5" testId="4ecb5825-f8b7-4d71-ae25-0b9fe12a2701" testName="GetMemberString_GivenExpression_ShouldReturnValue" computerName="ROLFW" duration="00:00:00.0020000" startTime="2017-05-10T13:32:10.0000000+02:00" endTime="2017-05-10T13:32:10.0000000+02:00" testType="13cdc9d9-ddb5-4fa4-a97d-d965ccfc6d4b" outcome="Passed" testListId="8c84fa94-04c1-424b-9868-57a2d4851a1d" relativeResultsDirectory="f48833f1-b71b-46e5-9e3c-39125ca8a6f5">
      <Output>
      </Output>
    </UnitTestResult>
    <UnitTestResult executionId="b5f67f1a-4745-4138-8752-a372724e481d" testId="e4107d59-5c82-45b2-b819-ba9e5a184f2a" testName="ReadToString_GivenString_ShouldInStream" computerName="ROLFW" duration="00:00:00.0020000" startTime="2017-05-10T13:32:10.0000000+02:00" endTime="2017-05-10T13:32:10.0000000+02:00" testType="13cdc9d9-ddb5-4fa4-a97d-d965ccfc6d4b" outcome="Passed" testListId="8c84fa94-04c1-424b-9868-57a2d4851a1d" relativeResultsDirectory="b5f67f1a-4745-4138-8752-a372724e481d">
      <Output>
      </Output>
    </UnitTestResult>
    <UnitTestResult executionId="3112b985-236c-488a-a138-6cb2a09cd347" testId="515939b0-e656-452f-8bc5-4f5bd942502e" testName="SaveTo_GivenSteam_ShouldCreateFile" computerName="ROLFW" duration="00:00:00.0090000" startTime="2017-05-10T13:32:10.0000000+02:00" endTime="2017-05-10T13:32:10.0000000+02:00" testType="13cdc9d9-ddb5-4fa4-a97d-d965ccfc6d4b" outcome="Passed" testListId="8c84fa94-04c1-424b-9868-57a2d4851a1d" relativeResultsDirectory="3112b985-236c-488a-a138-6cb2a09cd347">
      <Output>
      </Output>
    </UnitTestResult>
    <UnitTestResult executionId="3cac835d-5e58-4a5e-8694-8abfc13d0ef1" testId="eedc8792-b351-4ff1-9fd6-34e20a9bcf66" testName="ToBytes_GivenFileStream_ShouldConvertToBytes" computerName="ROLFW" duration="00:00:00.0100000" startTime="2017-05-10T13:32:10.0000000+02:00" endTime="2017-05-10T13:32:10.0000000+02:00" testType="13cdc9d9-ddb5-4fa4-a97d-d965ccfc6d4b" outcome="Passed" testListId="8c84fa94-04c1-424b-9868-57a2d4851a1d" relativeResultsDirectory="3cac835d-5e58-4a5e-8694-8abfc13d0ef1">
      <Output>
      </Output>
    </UnitTestResult>
    <UnitTestResult executionId="1c1bd340-bf96-4907-ad18-b49b18b7356d" testId="ca05158c-8c3b-4f9e-86ca-633ab8037eb2" testName="ToBytes_GivenMemoryStream_ShouldConvertToBytes" computerName="ROLFW" duration="00:00:00.0010000" startTime="2017-05-10T13:32:10.0000000+02:00" endTime="2017-05-10T13:32:10.0000000+02:00" testType="13cdc9d9-ddb5-4fa4-a97d-d965ccfc6d4b" outcome="Passed" testListId="8c84fa94-04c1-424b-9868-57a2d4851a1d" relativeResultsDirectory="1c1bd340-bf96-4907-ad18-b49b18b7356d">
      <Output>
      </Output>
    </UnitTestResult>
    <UnitTestResult executionId="cec6417e-ddd0-415e-8038-52e90d0675f1" testId="d705f288-b3d7-458e-8570-4d5dbd61c672" testName="ToMemoryStream_GivenFileStream_ShouldConvertToBytes" computerName="ROLFW" duration="00:00:00.0090000" startTime="2017-05-10T13:32:10.0000000+02:00" endTime="2017-05-10T13:32:10.0000000+02:00" testType="13cdc9d9-ddb5-4fa4-a97d-d965ccfc6d4b" outcome="Passed" testListId="8c84fa94-04c1-424b-9868-57a2d4851a1d" relativeResultsDirectory="cec6417e-ddd0-415e-8038-52e90d0675f1">
      <Output>
      </Output>
    </UnitTestResult>
    <UnitTestResult executionId="c6b0b4d3-0b68-4994-9aa0-1c9a1fa5bd59" testId="255ffb17-ace9-4c66-bd3e-079da353da57" testName="ToMemoryStream_GivenMemoryStream_ShouldConvertToBytes" computerName="ROLFW" duration="00:00:00.0010000" startTime="2017-05-10T13:32:10.0000000+02:00" endTime="2017-05-10T13:32:10.0000000+02:00" testType="13cdc9d9-ddb5-4fa4-a97d-d965ccfc6d4b" outcome="Passed" testListId="8c84fa94-04c1-424b-9868-57a2d4851a1d" relativeResultsDirectory="c6b0b4d3-0b68-4994-9aa0-1c9a1fa5bd59">
      <Output>
      </Output>
    </UnitTestResult>
    <UnitTestResult executionId="627cdecf-5788-4b36-b99c-f98a2db046e8" testId="15b97409-6070-4df2-b82e-34b4631deb7f" testName="ToStream_GivenString_ShouldInStream" computerName="ROLFW" duration="00:00:00.0000001" startTime="2017-05-10T13:32:10.0000000+02:00" endTime="2017-05-10T13:32:10.0000000+02:00" testType="13cdc9d9-ddb5-4fa4-a97d-d965ccfc6d4b" outcome="Passed" testListId="8c84fa94-04c1-424b-9868-57a2d4851a1d" relativeResultsDirectory="627cdecf-5788-4b36-b99c-f98a2db046e8">
      <Output>
      </Output>
    </UnitTestResult>
    <UnitTestResult executionId="cd22e628-2965-4478-afa7-c9f769e6ebc9" testId="c91d3c76-e67f-49dd-8b5a-647a2e579170" testName="EnsureDoesNotStartWith_GivenStartingValue_ShouldRemoveValue" computerName="ROLFW" duration="00:00:00.0000001" startTime="2017-05-10T13:32:10.0000000+02:00" endTime="2017-05-10T13:32:10.0000000+02:00" testType="13cdc9d9-ddb5-4fa4-a97d-d965ccfc6d4b" outcome="Passed" testListId="8c84fa94-04c1-424b-9868-57a2d4851a1d" relativeResultsDirectory="cd22e628-2965-4478-afa7-c9f769e6ebc9">
      <Output>
      </Output>
    </UnitTestResult>
    <UnitTestResult executionId="cf0dd65e-1185-486a-84af-a61f818f122d" testId="bc71fcac-2b99-4fe6-9c8b-df90a97f23c0" testName="EnsureEndsWith_GivenStartingValue_ShouldRemoveValue" computerName="ROLFW" duration="00:00:00.0000001" startTime="2017-05-10T13:32:10.0000000+02:00" endTime="2017-05-10T13:32:10.0000000+02:00" testType="13cdc9d9-ddb5-4fa4-a97d-d965ccfc6d4b" outcome="Passed" testListId="8c84fa94-04c1-424b-9868-57a2d4851a1d" relativeResultsDirectory="cf0dd65e-1185-486a-84af-a61f818f122d">
      <Output>
      </Output>
    </UnitTestResult>
    <UnitTestResult executionId="e004f17c-3109-465c-b851-8185f1cd8011" testId="254c4f80-b83d-4bac-be9f-879cf738c0c1" testName="GetEmailAddresses_GivenValue_ShouldResultValidResult" computerName="ROLFW" duration="00:00:00.0040000" startTime="2017-05-10T13:32:10.0000000+02:00" endTime="2017-05-10T13:32:10.0000000+02:00" testType="13cdc9d9-ddb5-4fa4-a97d-d965ccfc6d4b" outcome="Passed" testListId="8c84fa94-04c1-424b-9868-57a2d4851a1d" relativeResultsDirectory="e004f17c-3109-465c-b851-8185f1cd8011">
      <Output>
      </Output>
    </UnitTestResult>
    <UnitTestResult executionId="772995ee-c7ab-4d21-955f-9978b6139ae0" testId="3c677df4-c5d3-4312-b69d-a9c1aa0daba2" testName="StripHtml_GivenHtml_ShouldRemoveTags" computerName="ROLFW" duration="00:00:00.0010000" startTime="2017-05-10T13:32:10.0000000+02:00" endTime="2017-05-10T13:32:10.0000000+02:00" testType="13cdc9d9-ddb5-4fa4-a97d-d965ccfc6d4b" outcome="Passed" testListId="8c84fa94-04c1-424b-9868-57a2d4851a1d" relativeResultsDirectory="772995ee-c7ab-4d21-955f-9978b6139ae0">
      <Output>
      </Output>
    </UnitTestResult>
    <UnitTestResult executionId="b87aca24-7784-42f7-810b-dfa4e8b733e8" testId="3b1c5c12-5f1b-4c59-b014-2db9f93d3d11" testName="ToInitialCase_GivenValue_ShouldResultValidResult" computerName="ROLFW" duration="00:00:00.0000001" startTime="2017-05-10T13:32:10.0000000+02:00" endTime="2017-05-10T13:32:10.0000000+02:00" testType="13cdc9d9-ddb5-4fa4-a97d-d965ccfc6d4b" outcome="Passed" testListId="8c84fa94-04c1-424b-9868-57a2d4851a1d" relativeResultsDirectory="b87aca24-7784-42f7-810b-dfa4e8b733e8">
      <Output>
      </Output>
    </UnitTestResult>
    <UnitTestResult executionId="73a20e09-9153-440f-adfa-73b88fa0d4e8" testId="52232b26-9717-4e56-adb7-42ab5f150244" testName="UnderScoreAndCamelCaseToHumanReadable_GivenValue_ShouldResultValidResult" computerName="ROLFW" duration="00:00:00.0000001" startTime="2017-05-10T13:32:10.0000000+02:00" endTime="2017-05-10T13:32:10.0000000+02:00" testType="13cdc9d9-ddb5-4fa4-a97d-d965ccfc6d4b" outcome="Passed" testListId="8c84fa94-04c1-424b-9868-57a2d4851a1d" relativeResultsDirectory="73a20e09-9153-440f-adfa-73b88fa0d4e8">
      <Output>
      </Output>
    </UnitTestResult>
    <UnitTestResult executionId="d7f2eb76-8178-4695-9cc9-de363284f9b2" testId="c654c20b-64bf-4f5d-913d-cfb3792b1e89" testName="UriCombine_GivenBaseUrlAndAdd_ShouldResultInValidUrl" computerName="ROLFW" duration="00:00:00.0000001" startTime="2017-05-10T13:32:10.0000000+02:00" endTime="2017-05-10T13:32:10.0000000+02:00" testType="13cdc9d9-ddb5-4fa4-a97d-d965ccfc6d4b" outcome="Passed" testListId="8c84fa94-04c1-424b-9868-57a2d4851a1d" relativeResultsDirectory="d7f2eb76-8178-4695-9cc9-de363284f9b2">
      <Output>
      </Output>
    </UnitTestResult>
  </Results>
  <TestDefinitions>
    <UnitTest name="Constructor_WhenCalled_ShouldNotBeNull" storage="d:\work\home\coredocker\test\coredocker.api.tests\bin\debug\netcoreapp1.1\coredocker.api.tests.dll" id="e799431c-843b-4c9d-8411-a89558913fb2">
      <Execution id="e244f41b-bc65-414c-bc07-f902e864a667" />
      <TestMethod codeBase="D:\Work\Home\CoreDocker\test\CoreDocker.Api.Tests\bin\Debug\netcoreapp1.1\CoreDocker.Api.Tests.dll" executorUriOfAdapter="executor://nunit3testexecutor/" className="CoreDocker.Api.Tests.Common.ProjectCommonControllerTests" name="Constructor_WhenCalled_ShouldNotBeNull" />
    </UnitTest>
    <UnitTest name="Delete_GivenProjectId_ShouldRemoveProject" storage="d:\work\home\coredocker\test\coredocker.api.tests\bin\debug\netcoreapp1.1\coredocker.api.tests.dll" id="8aa85b09-19b9-4470-9df6-69546a1e5c1c">
      <Execution id="cc6ca809-4a77-4874-bd98-4eadfdc48937" />
      <TestMethod codeBase="D:\Work\Home\CoreDocker\test\CoreDocker.Api.Tests\bin\Debug\netcoreapp1.1\CoreDocker.Api.Tests.dll" executorUriOfAdapter="executor://nunit3testexecutor/" className="CoreDocker.Api.Tests.Common.ProjectCommonControllerTests" name="Delete_GivenProjectId_ShouldRemoveProject" />
    </UnitTest>
    <UnitTest name="Get_GivenProjectId_ShouldCallGetProject" storage="d:\work\home\coredocker\test\coredocker.api.tests\bin\debug\netcoreapp1.1\coredocker.api.tests.dll" id="eeada217-b7f2-4752-972a-c412b47521f1">
      <Execution id="8c11921d-0d07-4296-9d93-01b4ab746a9b" />
      <TestMethod codeBase="D:\Work\Home\CoreDocker\test\CoreDocker.Api.Tests\bin\Debug\netcoreapp1.1\CoreDocker.Api.Tests.dll" executorUriOfAdapter="executor://nunit3testexecutor/" className="CoreDocker.Api.Tests.Common.ProjectCommonControllerTests" name="Get_GivenProjectId_ShouldCallGetProject" />
    </UnitTest>
    <UnitTest name="Get_GivenRequest_ShouldReturnProjectReferenceModels" storage="d:\work\home\coredocker\test\coredocker.api.tests\bin\debug\netcoreapp1.1\coredocker.api.tests.dll" id="975283a5-5ec2-4b44-a671-4650ce208f4c">
      <Execution id="70e4d35b-385b-46c1-96f3-4a2c22e19a30" />
      <TestMethod codeBase="D:\Work\Home\CoreDocker\test\CoreDocker.Api.Tests\bin\Debug\netcoreapp1.1\CoreDocker.Api.Tests.dll" executorUriOfAdapter="executor://nunit3testexecutor/" className="CoreDocker.Api.Tests.Common.ProjectCommonControllerTests" name="Get_GivenRequest_ShouldReturnProjectReferenceModels" />
    </UnitTest>
    <UnitTest name="GetDetail_GivenRequest_ShouldReturnProjectModel" storage="d:\work\home\coredocker\test\coredocker.api.tests\bin\debug\netcoreapp1.1\coredocker.api.tests.dll" id="d21018ff-e34d-4536-96d3-377e49f188f3">
      <Execution id="dae45b1a-259c-4109-bf50-53b264e8f77b" />
      <TestMethod codeBase="D:\Work\Home\CoreDocker\test\CoreDocker.Api.Tests\bin\Debug\netcoreapp1.1\CoreDocker.Api.Tests.dll" executorUriOfAdapter="executor://nunit3testexecutor/" className="CoreDocker.Api.Tests.Common.ProjectCommonControllerTests" name="GetDetail_GivenRequest_ShouldReturnProjectModel" />
    </UnitTest>
    <UnitTest name="Post_GivenProjectId_ShouldAddAProject" storage="d:\work\home\coredocker\test\coredocker.api.tests\bin\debug\netcoreapp1.1\coredocker.api.tests.dll" id="94e68d16-9fab-4700-a3ae-88c7e9bd8c7a">
      <Execution id="e02ff86f-8b6a-4f13-920a-0cca75e903c8" />
      <TestMethod codeBase="D:\Work\Home\CoreDocker\test\CoreDocker.Api.Tests\bin\Debug\netcoreapp1.1\CoreDocker.Api.Tests.dll" executorUriOfAdapter="executor://nunit3testexecutor/" className="CoreDocker.Api.Tests.Common.ProjectCommonControllerTests" name="Post_GivenProjectId_ShouldAddAProject" />
    </UnitTest>
    <UnitTest name="Put_GivenProjectId_ShouldUpdateAGivenProject" storage="d:\work\home\coredocker\test\coredocker.api.tests\bin\debug\netcoreapp1.1\coredocker.api.tests.dll" id="e9b76f7b-9eab-4bee-91ac-d1753a058fc4">
      <Execution id="6399adea-0b61-4872-af19-d4f8a4640e63" />
      <TestMethod codeBase="D:\Work\Home\CoreDocker\test\CoreDocker.Api.Tests\bin\Debug\netcoreapp1.1\CoreDocker.Api.Tests.dll" executorUriOfAdapter="executor://nunit3testexecutor/" className="CoreDocker.Api.Tests.Common.ProjectCommonControllerTests" name="Put_GivenProjectId_ShouldUpdateAGivenProject" />
    </UnitTest>
    <UnitTest name="Constructor_WhenCalled_ShouldNotBeNull" storage="d:\work\home\coredocker\test\coredocker.api.tests\bin\debug\netcoreapp1.1\coredocker.api.tests.dll" id="93f2fc69-cba1-4186-80ae-3e996dda4a2e">
      <Execution id="29b8ed98-06fe-427a-b3cc-d6596f90b900" />
      <TestMethod codeBase="D:\Work\Home\CoreDocker\test\CoreDocker.Api.Tests\bin\Debug\netcoreapp1.1\CoreDocker.Api.Tests.dll" executorUriOfAdapter="executor://nunit3testexecutor/" className="CoreDocker.Api.Tests.Common.UserCommonControllerTests" name="Constructor_WhenCalled_ShouldNotBeNull" />
    </UnitTest>
    <UnitTest name="Delete_GivenProjectId_ShouldRemoveProject" storage="d:\work\home\coredocker\test\coredocker.api.tests\bin\debug\netcoreapp1.1\coredocker.api.tests.dll" id="69081bed-b660-4763-8ae8-8397b438d6ee">
      <Execution id="48f4ca9c-bb90-4725-8256-1362cbe9492b" />
      <TestMethod codeBase="D:\Work\Home\CoreDocker\test\CoreDocker.Api.Tests\bin\Debug\netcoreapp1.1\CoreDocker.Api.Tests.dll" executorUriOfAdapter="executor://nunit3testexecutor/" className="CoreDocker.Api.Tests.Common.UserCommonControllerTests" name="Delete_GivenProjectId_ShouldRemoveProject" />
    </UnitTest>
    <UnitTest name="ForgotPassword_GivenEmail_ShouldSendAnEmail" storage="d:\work\home\coredocker\test\coredocker.api.tests\bin\debug\netcoreapp1.1\coredocker.api.tests.dll" id="af39d5d3-e1b5-477b-a1a0-5590ecfbf9d7">
      <Execution id="e1216dfc-f2e4-4ead-b39a-09c7004b20c6" />
      <TestMethod codeBase="D:\Work\Home\CoreDocker\test\CoreDocker.Api.Tests\bin\Debug\netcoreapp1.1\CoreDocker.Api.Tests.dll" executorUriOfAdapter="executor://nunit3testexecutor/" className="CoreDocker.Api.Tests.Common.UserCommonControllerTests" name="ForgotPassword_GivenEmail_ShouldSendAnEmail" />
    </UnitTest>
    <UnitTest name="Get_GivenProjectId_ShouldCallGetProject" storage="d:\work\home\coredocker\test\coredocker.api.tests\bin\debug\netcoreapp1.1\coredocker.api.tests.dll" id="33bbf4d0-9732-4b26-bd87-1cbd50d78856">
      <Execution id="e30acac0-c4a4-404b-8bad-0fbf6e71e495" />
      <TestMethod codeBase="D:\Work\Home\CoreDocker\test\CoreDocker.Api.Tests\bin\Debug\netcoreapp1.1\CoreDocker.Api.Tests.dll" executorUriOfAdapter="executor://nunit3testexecutor/" className="CoreDocker.Api.Tests.Common.UserCommonControllerTests" name="Get_GivenProjectId_ShouldCallGetProject" />
    </UnitTest>
    <UnitTest name="Get_GivenRequest_ShouldReturnProjectReferenceModels" storage="d:\work\home\coredocker\test\coredocker.api.tests\bin\debug\netcoreapp1.1\coredocker.api.tests.dll" id="8903d636-842d-4d38-b123-4be9236797bb">
      <Execution id="2c2c3419-b18f-4493-90fe-6b50004c956c" />
      <TestMethod codeBase="D:\Work\Home\CoreDocker\test\CoreDocker.Api.Tests\bin\Debug\netcoreapp1.1\CoreDocker.Api.Tests.dll" executorUriOfAdapter="executor://nunit3testexecutor/" className="CoreDocker.Api.Tests.Common.UserCommonControllerTests" name="Get_GivenRequest_ShouldReturnProjectReferenceModels" />
    </UnitTest>
    <UnitTest name="GetDetail_GivenRequest_ShouldReturnProjectModel" storage="d:\work\home\coredocker\test\coredocker.api.tests\bin\debug\netcoreapp1.1\coredocker.api.tests.dll" id="7d5cb189-0c04-4054-8ea0-cc4e5dcd897e">
      <Execution id="75c26566-adbe-4e72-ae46-1c7374c17501" />
      <TestMethod codeBase="D:\Work\Home\CoreDocker\test\CoreDocker.Api.Tests\bin\Debug\netcoreapp1.1\CoreDocker.Api.Tests.dll" executorUriOfAdapter="executor://nunit3testexecutor/" className="CoreDocker.Api.Tests.Common.UserCommonControllerTests" name="GetDetail_GivenRequest_ShouldReturnProjectModel" />
    </UnitTest>
    <UnitTest name="Post_GivenProjectId_ShouldAddAProject" storage="d:\work\home\coredocker\test\coredocker.api.tests\bin\debug\netcoreapp1.1\coredocker.api.tests.dll" id="51ec77f8-fc20-4a22-8765-e7f5ca773286">
      <Execution id="0bdbf795-dffb-4715-bed7-14966a48421e" />
      <TestMethod codeBase="D:\Work\Home\CoreDocker\test\CoreDocker.Api.Tests\bin\Debug\netcoreapp1.1\CoreDocker.Api.Tests.dll" executorUriOfAdapter="executor://nunit3testexecutor/" className="CoreDocker.Api.Tests.Common.UserCommonControllerTests" name="Post_GivenProjectId_ShouldAddAProject" />
    </UnitTest>
    <UnitTest name="Put_GivenProjectId_ShouldUpdateAGivenProject" storage="d:\work\home\coredocker\test\coredocker.api.tests\bin\debug\netcoreapp1.1\coredocker.api.tests.dll" id="9e5bfde1-1283-419f-8158-a9264f9de6f4">
      <Execution id="00c93e5e-070a-48d8-a034-2908bbdad91c" />
      <TestMethod codeBase="D:\Work\Home\CoreDocker\test\CoreDocker.Api.Tests\bin\Debug\netcoreapp1.1\CoreDocker.Api.Tests.dll" executorUriOfAdapter="executor://nunit3testexecutor/" className="CoreDocker.Api.Tests.Common.UserCommonControllerTests" name="Put_GivenProjectId_ShouldUpdateAGivenProject" />
    </UnitTest>
    <UnitTest name="Register_GivenRegisterModel_ShouldAddUser" storage="d:\work\home\coredocker\test\coredocker.api.tests\bin\debug\netcoreapp1.1\coredocker.api.tests.dll" id="d8137eb5-29d3-4f18-8264-c37f523086db">
      <Execution id="b70987b1-aa3a-4a5d-a561-c3abcc47b5c6" />
      <TestMethod codeBase="D:\Work\Home\CoreDocker\test\CoreDocker.Api.Tests\bin\Debug\netcoreapp1.1\CoreDocker.Api.Tests.dll" executorUriOfAdapter="executor://nunit3testexecutor/" className="CoreDocker.Api.Tests.Common.UserCommonControllerTests" name="Register_GivenRegisterModel_ShouldAddUser" />
    </UnitTest>
    <UnitTest name="AssertConfigurationIsValid_OnMapApi_ShouldNotFail" storage="d:\work\home\coredocker\test\coredocker.api.tests\bin\debug\netcoreapp1.1\coredocker.api.tests.dll" id="88f585b6-8597-4348-be91-48c4f6c6f2fd">
      <Execution id="ce4d3973-9225-4b41-8c16-f8b27cb70007" />
      <TestMethod codeBase="D:\Work\Home\CoreDocker\test\CoreDocker.Api.Tests\bin\Debug\netcoreapp1.1\CoreDocker.Api.Tests.dll" executorUriOfAdapter="executor://nunit3testexecutor/" className="CoreDocker.Api.Tests.Startup.AutoMapperSetupTests" name="AssertConfigurationIsValid_OnMapApi_ShouldNotFail" />
    </UnitTest>
    <UnitTest name="AssertConfigurationIsValid_OnMapCore_ShouldNotFail" storage="d:\work\home\coredocker\test\coredocker.api.tests\bin\debug\netcoreapp1.1\coredocker.api.tests.dll" id="f67af1c8-19ad-4e51-a9f4-8e5d5c82eaa7">
      <Execution id="cf8624b5-dddc-4a20-91fa-89235e1b3f69" />
      <TestMethod codeBase="D:\Work\Home\CoreDocker\test\CoreDocker.Api.Tests\bin\Debug\netcoreapp1.1\CoreDocker.Api.Tests.dll" executorUriOfAdapter="executor://nunit3testexecutor/" className="CoreDocker.Api.Tests.Startup.AutoMapperSetupTests" name="AssertConfigurationIsValid_OnMapCore_ShouldNotFail" />
    </UnitTest>
    <UnitTest name="AssertConfigurationIsValid_WhenCalled_ShouldBeValid" storage="d:\work\home\coredocker\test\coredocker.api.tests\bin\debug\netcoreapp1.1\coredocker.api.tests.dll" id="0af40d97-ebd7-4bdb-8bcf-44ff461543f8">
      <Execution id="c7dd4243-173e-48c4-bc36-b1464b3254da" />
      <TestMethod codeBase="D:\Work\Home\CoreDocker\test\CoreDocker.Api.Tests\bin\Debug\netcoreapp1.1\CoreDocker.Api.Tests.dll" executorUriOfAdapter="executor://nunit3testexecutor/" className="CoreDocker.Core.Tests.CoreTests" name="AssertConfigurationIsValid_WhenCalled_ShouldBeValid" />
    </UnitTest>
    <UnitTest name="FindAllIssues" storage="d:\work\home\coredocker\test\coredocker.core.tests\bin\debug\netcoreapp1.1\coredocker.core.tests.dll" id="622e5e2b-8712-450f-b037-26a13ca554ec">
      <Execution id="2489de31-a487-4334-9714-1baceb541015" />
      <TestMethod codeBase="D:\Work\Home\CoreDocker\test\CoreDocker.Core.Tests\bin\Debug\netcoreapp1.1\CoreDocker.Core.Tests.dll" executorUriOfAdapter="executor://nunit3testexecutor/" className="CoreDocker.Core.Tests.CodeScannerTests" name="FindAllIssues" />
    </UnitTest>
    <UnitTest name="GetSourcePath_ShouldReturnTheSourceFiles" storage="d:\work\home\coredocker\test\coredocker.core.tests\bin\debug\netcoreapp1.1\coredocker.core.tests.dll" id="e7eafb84-fc93-482e-8096-c2a1a1cc4061">
      <Execution id="11b0da0c-17d6-4101-84d9-a3469fbc006e" />
      <TestMethod codeBase="D:\Work\Home\CoreDocker\test\CoreDocker.Core.Tests\bin\Debug\netcoreapp1.1\CoreDocker.Core.Tests.dll" executorUriOfAdapter="executor://nunit3testexecutor/" className="CoreDocker.Core.Tests.CodeScannerTests" name="GetSourcePath_ShouldReturnTheSourceFiles" />
    </UnitTest>
    <UnitTest name="Constructor_WhenCalled_ShouldNotBeNull" storage="d:\work\home\coredocker\test\coredocker.core.tests\bin\debug\netcoreapp1.1\coredocker.core.tests.dll" id="aac7b406-b289-4ed4-ba65-42d369701df8">
      <Execution id="0ab252fb-aa75-407f-861c-2f697aca532f" />
      <TestMethod codeBase="D:\Work\Home\CoreDocker\test\CoreDocker.Core.Tests\bin\Debug\netcoreapp1.1\CoreDocker.Core.Tests.dll" executorUriOfAdapter="executor://nunit3testexecutor/" className="CoreDocker.Core.Tests.DataIntegrity.DataIntegrityManagerTests" name="Constructor_WhenCalled_ShouldNotBeNull" />
    </UnitTest>
    <UnitTest name="FindMissingIntegrityOperators" storage="d:\work\home\coredocker\test\coredocker.core.tests\bin\debug\netcoreapp1.1\coredocker.core.tests.dll" id="f3421e1f-df95-4fde-8094-4227b8fb018e">
      <Execution id="fb4cdeb2-0db7-485e-b073-8267ac4dfc70" />
      <TestMethod codeBase="D:\Work\Home\CoreDocker\test\CoreDocker.Core.Tests\bin\Debug\netcoreapp1.1\CoreDocker.Core.Tests.dll" executorUriOfAdapter="executor://nunit3testexecutor/" className="CoreDocker.Core.Tests.DataIntegrity.DataIntegrityManagerTests" name="FindMissingIntegrityOperators" />
    </UnitTest>
    <UnitTest name="GetReferenceCount_GivenObject_ShouldFindAllReferences" storage="d:\work\home\coredocker\test\coredocker.core.tests\bin\debug\netcoreapp1.1\coredocker.core.tests.dll" id="0cbd735f-ef4f-4267-a992-545f217b83b1">
      <Execution id="03e38371-bd36-4111-8e76-ef82bc72bf49" />
      <TestMethod codeBase="D:\Work\Home\CoreDocker\test\CoreDocker.Core.Tests\bin\Debug\netcoreapp1.1\CoreDocker.Core.Tests.dll" executorUriOfAdapter="executor://nunit3testexecutor/" className="CoreDocker.Core.Tests.DataIntegrity.DataIntegrityManagerTests" name="GetReferenceCount_GivenObject_ShouldFindAllReferences" />
    </UnitTest>
    <UnitTest name="GetReferenceCount_GivenObjectNotReferenced_ShouldFindNoLinks" storage="d:\work\home\coredocker\test\coredocker.core.tests\bin\debug\netcoreapp1.1\coredocker.core.tests.dll" id="68c8ca97-04c6-4500-81eb-912319f1fd2e">
      <Execution id="d8c37c90-0cfd-4a5c-a870-8659ca136f1f" />
      <TestMethod codeBase="D:\Work\Home\CoreDocker\test\CoreDocker.Core.Tests\bin\Debug\netcoreapp1.1\CoreDocker.Core.Tests.dll" executorUriOfAdapter="executor://nunit3testexecutor/" className="CoreDocker.Core.Tests.DataIntegrity.DataIntegrityManagerTests" name="GetReferenceCount_GivenObjectNotReferenced_ShouldFindNoLinks" />
    </UnitTest>
    <UnitTest name="UpdateAllReferences_GivenObject_ShouldUpdateTheReferences" storage="d:\work\home\coredocker\test\coredocker.core.tests\bin\debug\netcoreapp1.1\coredocker.core.tests.dll" id="d28918a4-f24a-4a51-afbb-f10356d6ce0b">
      <Execution id="788fcd21-4433-48f8-b70f-4147be4369ad" />
      <TestMethod codeBase="D:\Work\Home\CoreDocker\test\CoreDocker.Core.Tests\bin\Debug\netcoreapp1.1\CoreDocker.Core.Tests.dll" executorUriOfAdapter="executor://nunit3testexecutor/" className="CoreDocker.Core.Tests.DataIntegrity.DataIntegrityManagerTests" name="UpdateAllReferences_GivenObject_ShouldUpdateTheReferences" />
    </UnitTest>
    <UnitTest name="UpdateAllReferences_GivenObjectWhereReferenceHasNotChanged_ShouldNotUpdateAllReference" storage="d:\work\home\coredocker\test\coredocker.core.tests\bin\debug\netcoreapp1.1\coredocker.core.tests.dll" id="e52b8d24-218f-442c-a3f9-0abaa195c343">
      <Execution id="8fca9ab0-7d83-44e7-b91b-d92929e8d512" />
[...]
    <TestEntry testId="e9b76f7b-9eab-4bee-91ac-d1753a058fc4" executionId="6399adea-0b61-4872-af19-d4f8a4640e63" testListId="8c84fa94-04c1-424b-9868-57a2d4851a1d" />
    <TestEntry testId="93f2fc69-cba1-4186-80ae-3e996dda4a2e" executionId="29b8ed98-06fe-427a-b3cc-d6596f90b900" testListId="8c84fa94-04c1-424b-9868-57a2d4851a1d" />
    <TestEntry testId="69081bed-b660-4763-8ae8-8397b438d6ee" executionId="48f4ca9c-bb90-4725-8256-1362cbe9492b" testListId="8c84fa94-04c1-424b-9868-57a2d4851a1d" />
    <TestEntry testId="af39d5d3-e1b5-477b-a1a0-5590ecfbf9d7" executionId="e1216dfc-f2e4-4ead-b39a-09c7004b20c6" testListId="8c84fa94-04c1-424b-9868-57a2d4851a1d" />
    <TestEntry testId="33bbf4d0-9732-4b26-bd87-1cbd50d78856" executionId="e30acac0-c4a4-404b-8bad-0fbf6e71e495" testListId="8c84fa94-04c1-424b-9868-57a2d4851a1d" />
    <TestEntry testId="8903d636-842d-4d38-b123-4be9236797bb" executionId="2c2c3419-b18f-4493-90fe-6b50004c956c" testListId="8c84fa94-04c1-424b-9868-57a2d4851a1d" />
    <TestEntry testId="7d5cb189-0c04-4054-8ea0-cc4e5dcd897e" executionId="75c26566-adbe-4e72-ae46-1c7374c17501" testListId="8c84fa94-04c1-424b-9868-57a2d4851a1d" />
    <TestEntry testId="51ec77f8-fc20-4a22-8765-e7f5ca773286" executionId="0bdbf795-dffb-4715-bed7-14966a48421e" testListId="8c84fa94-04c1-424b-9868-57a2d4851a1d" />
    <TestEntry testId="9e5bfde1-1283-419f-8158-a9264f9de6f4" executionId="00c93e5e-070a-48d8-a034-2908bbdad91c" testListId="8c84fa94-04c1-424b-9868-57a2d4851a1d" />
    <TestEntry testId="d8137eb5-29d3-4f18-8264-c37f523086db" executionId="b70987b1-aa3a-4a5d-a561-c3abcc47b5c6" testListId="8c84fa94-04c1-424b-9868-57a2d4851a1d" />
    <TestEntry testId="88f585b6-8597-4348-be91-48c4f6c6f2fd" executionId="ce4d3973-9225-4b41-8c16-f8b27cb70007" testListId="8c84fa94-04c1-424b-9868-57a2d4851a1d" />
    <TestEntry testId="f67af1c8-19ad-4e51-a9f4-8e5d5c82eaa7" executionId="cf8624b5-dddc-4a20-91fa-89235e1b3f69" testListId="8c84fa94-04c1-424b-9868-57a2d4851a1d" />
    <TestEntry testId="0af40d97-ebd7-4bdb-8bcf-44ff461543f8" executionId="c7dd4243-173e-48c4-bc36-b1464b3254da" testListId="8c84fa94-04c1-424b-9868-57a2d4851a1d" />
    <TestEntry testId="622e5e2b-8712-450f-b037-26a13ca554ec" executionId="2489de31-a487-4334-9714-1baceb541015" testListId="8c84fa94-04c1-424b-9868-57a2d4851a1d" />
    <TestEntry testId="e7eafb84-fc93-482e-8096-c2a1a1cc4061" executionId="11b0da0c-17d6-4101-84d9-a3469fbc006e" testListId="8c84fa94-04c1-424b-9868-57a2d4851a1d" />
    <TestEntry testId="aac7b406-b289-4ed4-ba65-42d369701df8" executionId="0ab252fb-aa75-407f-861c-2f697aca532f" testListId="8c84fa94-04c1-424b-9868-57a2d4851a1d" />
    <TestEntry testId="f3421e1f-df95-4fde-8094-4227b8fb018e" executionId="fb4cdeb2-0db7-485e-b073-8267ac4dfc70" testListId="8c84fa94-04c1-424b-9868-57a2d4851a1d" />
    <TestEntry testId="0cbd735f-ef4f-4267-a992-545f217b83b1" executionId="03e38371-bd36-4111-8e76-ef82bc72bf49" testListId="8c84fa94-04c1-424b-9868-57a2d4851a1d" />
    <TestEntry testId="68c8ca97-04c6-4500-81eb-912319f1fd2e" executionId="d8c37c90-0cfd-4a5c-a870-8659ca136f1f" testListId="8c84fa94-04c1-424b-9868-57a2d4851a1d" />
    <TestEntry testId="d28918a4-f24a-4a51-afbb-f10356d6ce0b" executionId="788fcd21-4433-48f8-b70f-4147be4369ad" testListId="8c84fa94-04c1-424b-9868-57a2d4851a1d" />
    <TestEntry testId="e52b8d24-218f-442c-a3f9-0abaa195c343" executionId="8fca9ab0-7d83-44e7-b91b-d92929e8d512" testListId="8c84fa94-04c1-424b-9868-57a2d4851a1d" />
    <TestEntry testId="ff36561d-83ba-4e89-a382-88ac6d00930d" executionId="02740488-4ed6-4d3c-b74e-6d49874dfb69" testListId="8c84fa94-04c1-424b-9868-57a2d4851a1d" />
    <TestEntry testId="cd7fcff7-1cc4-40ff-9c94-423a5486a900" executionId="8cf53fd5-7772-467d-a285-2a1a44622fd5" testListId="8c84fa94-04c1-424b-9868-57a2d4851a1d" />
    <TestEntry testId="b15358f8-f475-4295-99e6-97b42cb56e9e" executionId="8fc2acae-6000-47f7-9dbf-379c311f6934" testListId="8c84fa94-04c1-424b-9868-57a2d4851a1d" />
    <TestEntry testId="d9e88d28-4d26-4c32-a5f1-91fac5367515" executionId="2a64476e-b93f-4c3c-b327-cd3de7f1f3a6" testListId="8c84fa94-04c1-424b-9868-57a2d4851a1d" />
    <TestEntry testId="569cf715-44e4-48b8-9922-714370a4a1ef" executionId="02409dcf-5b97-4271-b47c-f7b89247554c" testListId="8c84fa94-04c1-424b-9868-57a2d4851a1d" />
    <TestEntry testId="6367ff94-d10a-41a7-887e-38baef7ef57c" executionId="7214e003-7e30-4dab-99e4-cc711b77eb31" testListId="8c84fa94-04c1-424b-9868-57a2d4851a1d" />
    <TestEntry testId="c9c47b24-0a58-46b4-ab11-1f099680823d" executionId="a7bae623-5245-46ea-95a6-7ff95ce502f0" testListId="8c84fa94-04c1-424b-9868-57a2d4851a1d" />
    <TestEntry testId="98058b70-08b1-4dd3-b98a-5f7cea6894a9" executionId="4decf5e1-4927-4fe7-b9ec-561c102b7014" testListId="8c84fa94-04c1-424b-9868-57a2d4851a1d" />
    <TestEntry testId="1650919b-e057-457c-948d-ec40487c0ef9" executionId="e30bc646-906b-411f-b09d-68a32f2f7fa7" testListId="8c84fa94-04c1-424b-9868-57a2d4851a1d" />
    <TestEntry testId="f4424c71-367f-4afc-b859-b5d87bb9cfc4" executionId="0b8e3bef-025d-46a0-9247-021fc33322b3" testListId="8c84fa94-04c1-424b-9868-57a2d4851a1d" />
    <TestEntry testId="e4cbcc21-335e-4dd6-9e61-46b42660ad2a" executionId="fd8737ca-a535-4c6c-af13-e2fc0924319c" testListId="8c84fa94-04c1-424b-9868-57a2d4851a1d" />
    <TestEntry testId="769ea4b5-b33f-46fa-85c6-acff4c4f95e7" executionId="00034726-3b08-4a49-893f-001c5ff076ff" testListId="8c84fa94-04c1-424b-9868-57a2d4851a1d" />
    <TestEntry testId="722cb273-c951-446d-8af6-a502c7066f4e" executionId="7b23e59e-039c-49e8-94cb-f18e449f7355" testListId="8c84fa94-04c1-424b-9868-57a2d4851a1d" />
    <TestEntry testId="6f582fbf-0ff4-41bd-8fc7-0f5ccf23a923" executionId="7f19234c-f4f2-474e-9024-7c35c3566994" testListId="8c84fa94-04c1-424b-9868-57a2d4851a1d" />
    <TestEntry testId="16b6a5fe-f25f-4353-a547-e730d5744a5d" executionId="a70dacd7-466d-4792-8ffb-6761552b58c3" testListId="8c84fa94-04c1-424b-9868-57a2d4851a1d" />
    <TestEntry testId="887ba0f4-5fe1-475b-a754-2b5eb6ad151f" executionId="7043f3de-eb5a-45e6-8757-45e991380147" testListId="8c84fa94-04c1-424b-9868-57a2d4851a1d" />
    <TestEntry testId="7e7eb903-c426-4310-8af1-ef2a53e37546" executionId="c1595aab-40be-4328-994e-266f0f6327c9" testListId="8c84fa94-04c1-424b-9868-57a2d4851a1d" />
    <TestEntry testId="ee283849-efb8-47ae-8d71-dcb3701c4648" executionId="86ee68e8-59cb-484f-8d33-6f660cf895ef" testListId="8c84fa94-04c1-424b-9868-57a2d4851a1d" />
    <TestEntry testId="bd8df479-4d16-4df1-8ab0-91c3f027f072" executionId="5f452b0c-deaa-4b4e-8772-5118b45dfd2b" testListId="8c84fa94-04c1-424b-9868-57a2d4851a1d" />
    <TestEntry testId="875406ea-a892-4b32-9f1f-e8173f902f11" executionId="c8e74444-fa30-43ab-b496-cd81535a7868" testListId="8c84fa94-04c1-424b-9868-57a2d4851a1d" />
    <TestEntry testId="50794273-f8b1-4c55-93d9-75498c5e3c9c" executionId="365e2207-4e6e-4ca3-88e7-f27c1fa2697e" testListId="8c84fa94-04c1-424b-9868-57a2d4851a1d" />
    <TestEntry testId="69082685-73b4-43bc-a581-2b25942d44bc" executionId="2f67173c-40f7-467b-904c-390600d34085" testListId="8c84fa94-04c1-424b-9868-57a2d4851a1d" />
    <TestEntry testId="e82d00ce-7eb4-4bb5-bbb8-52293cd3e623" executionId="82d01d8c-b8b1-457c-b884-6cbcca8902d6" testListId="8c84fa94-04c1-424b-9868-57a2d4851a1d" />
    <TestEntry testId="77fdb641-cc0f-4433-875f-c930fdb68d73" executionId="643cacb9-0b1e-4490-8c0c-d51f84df78a4" testListId="8c84fa94-04c1-424b-9868-57a2d4851a1d" />
    <TestEntry testId="3e58f36f-6d42-4462-95a0-46aca0a14fbd" executionId="e84d6792-76e8-4120-ad09-2d5b42ff2c62" testListId="8c84fa94-04c1-424b-9868-57a2d4851a1d" />
    <TestEntry testId="82e6c2a8-6160-4237-8995-8cc99ee8f87b" executionId="5ac6ac10-48c9-474c-988c-2ba989556417" testListId="8c84fa94-04c1-424b-9868-57a2d4851a1d" />
    <TestEntry testId="8972fa07-c9c0-450a-bd3b-7e8055c079a0" executionId="210f7b38-2a7d-4bb4-8984-0255d08422a0" testListId="8c84fa94-04c1-424b-9868-57a2d4851a1d" />
    <TestEntry testId="5869b76e-2ccc-40ee-95bc-0a81560bcf34" executionId="bdd06fc0-edb7-411a-9803-197bd2d49682" testListId="8c84fa94-04c1-424b-9868-57a2d4851a1d" />
    <TestEntry testId="8a11e365-40c3-4381-826e-a317ebebb3ca" executionId="a44b33a6-1d99-42f1-9602-e5efd1846852" testListId="8c84fa94-04c1-424b-9868-57a2d4851a1d" />
    <TestEntry testId="b73d309e-6ef7-4b70-a15d-49e2d3d2feda" executionId="764ae04e-8f9d-480f-80f9-f0ee8980d3a2" testListId="8c84fa94-04c1-424b-9868-57a2d4851a1d" />
    <TestEntry testId="9dac9cf6-d9f6-4cae-941b-dfadfeaf22d0" executionId="decd920d-a0d7-4524-b198-a1db5a8cc366" testListId="8c84fa94-04c1-424b-9868-57a2d4851a1d" />
    <TestEntry testId="43b0d8c3-59c6-45ce-bf09-19607a28ba84" executionId="6d39318f-6b36-4686-ba14-6250561f1132" testListId="8c84fa94-04c1-424b-9868-57a2d4851a1d" />
    <TestEntry testId="1a3c045d-a0ad-489e-a7cf-50bab22513f6" executionId="a37bfa81-54b4-4508-a3e4-a8b1d3457ddc" testListId="8c84fa94-04c1-424b-9868-57a2d4851a1d" />
    <TestEntry testId="80ab7208-0264-45ac-b10a-4b88b931242c" executionId="7991cec3-a04f-4cb2-985c-bb475d58eaf7" testListId="8c84fa94-04c1-424b-9868-57a2d4851a1d" />
    <TestEntry testId="89fd3d8e-4229-4a0d-a8e8-e22b41a98486" executionId="3753e233-dbd3-49d3-bf5c-b95940b00a39" testListId="8c84fa94-04c1-424b-9868-57a2d4851a1d" />
    <TestEntry testId="d1644d3a-0afd-40bf-a58c-e0faeabed5c9" executionId="fda96aed-e6c8-4a01-9af0-edf6542a837f" testListId="8c84fa94-04c1-424b-9868-57a2d4851a1d" />
    <TestEntry testId="a2eecf26-9669-44de-afff-54af2c1d615e" executionId="04533500-1cb5-49f7-831f-5971fc81ab76" testListId="8c84fa94-04c1-424b-9868-57a2d4851a1d" />
    <TestEntry testId="7f0c1271-9e17-470c-8597-278a4737bcd8" executionId="cf505dde-c8fd-4c19-9337-eb652fa780ba" testListId="8c84fa94-04c1-424b-9868-57a2d4851a1d" />
    <TestEntry testId="f92e0f8f-2a7e-44c4-94e3-0fb17f5caa44" executionId="2828646d-1e65-4154-9a43-b8598864864b" testListId="8c84fa94-04c1-424b-9868-57a2d4851a1d" />
    <TestEntry testId="0c6814b0-a5b3-480d-9dfa-8a4c13839ff4" executionId="347c4328-7005-4fd5-8cd6-f80650f08949" testListId="8c84fa94-04c1-424b-9868-57a2d4851a1d" />
    <TestEntry testId="9ac04797-a4f7-47b5-b89c-0e8e0b590504" executionId="90e3a2ca-17a8-4cfe-93ae-9c3fad0cf944" testListId="8c84fa94-04c1-424b-9868-57a2d4851a1d" />
    <TestEntry testId="8f670dad-f30f-403c-a07f-cfc863a833fd" executionId="b9b72b4e-c95f-439e-b2de-4c9335fa3b2a" testListId="8c84fa94-04c1-424b-9868-57a2d4851a1d" />
    <TestEntry testId="92b07f89-9bbe-4fb8-8a12-3f19113732aa" executionId="baa3bd80-5848-4e1d-92b8-15a47ec39113" testListId="8c84fa94-04c1-424b-9868-57a2d4851a1d" />
    <TestEntry testId="71e67ec9-3df7-4c52-9a2c-621cc5ebbb34" executionId="5bf3d67e-aa72-4823-bf51-9e38be7dc182" testListId="8c84fa94-04c1-424b-9868-57a2d4851a1d" />
    <TestEntry testId="389a920a-81cb-4f5e-8b07-ebab607f1bc3" executionId="52aad715-bf62-440b-8d5c-aea56ba541af" testListId="8c84fa94-04c1-424b-9868-57a2d4851a1d" />
    <TestEntry testId="08bbe609-9a51-4324-ac5b-dbadeee0e379" executionId="4158a084-52de-4bfe-84ae-b8ae027618fd" testListId="8c84fa94-04c1-424b-9868-57a2d4851a1d" />
    <TestEntry testId="ad0e767f-3e57-4a1e-ab49-37d91112693c" executionId="fd765720-44a3-4f96-be62-51921f5209e9" testListId="8c84fa94-04c1-424b-9868-57a2d4851a1d" />
    <TestEntry testId="6703295f-d2fb-4e93-8db7-6be5d0175908" executionId="2ed76b9d-cc9f-4a8d-8715-e3c702fe87aa" testListId="8c84fa94-04c1-424b-9868-57a2d4851a1d" />
    <TestEntry testId="9633eba0-a8ba-42e1-97a8-b2d3f41419b4" executionId="38397faa-fa29-4542-a30f-b0bd3d93082c" testListId="8c84fa94-04c1-424b-9868-57a2d4851a1d" />
    <TestEntry testId="a4937653-2fe5-4202-bfc9-b14a543330eb" executionId="3ce666eb-a6e6-4ea3-b846-80980d169184" testListId="8c84fa94-04c1-424b-9868-57a2d4851a1d" />
    <TestEntry testId="5d2cc27b-d739-4b00-b604-9ec2b5c9fd0b" executionId="b6869361-3a99-4979-bd4a-00d769c94f1a" testListId="8c84fa94-04c1-424b-9868-57a2d4851a1d" />
    <TestEntry testId="4cb8ba99-6161-4236-8fab-916336020fcf" executionId="b6e1839b-77b8-4c60-b871-1126a3f31cd0" testListId="8c84fa94-04c1-424b-9868-57a2d4851a1d" />
    <TestEntry testId="ec464bba-694a-4edf-a8ce-fd034775afd7" executionId="60df0a40-ce0d-4e34-89b8-6af3e5936dcd" testListId="8c84fa94-04c1-424b-9868-57a2d4851a1d" />
    <TestEntry testId="619b20bb-6909-4762-9651-eec81f4a2d7b" executionId="c97f7287-00f1-4c22-96f1-eb4f5cca85a7" testListId="8c84fa94-04c1-424b-9868-57a2d4851a1d" />
    <TestEntry testId="a1df1493-458a-4644-813d-79e567c3ef5d" executionId="56467fa4-941f-4f42-a222-95b31e09bc12" testListId="8c84fa94-04c1-424b-9868-57a2d4851a1d" />
    <TestEntry testId="0b3f63a7-975b-4f7a-9c3f-cfc8aebb562c" executionId="facbb768-0e94-43d9-9365-81663527e1f7" testListId="8c84fa94-04c1-424b-9868-57a2d4851a1d" />
    <TestEntry testId="059fc4a2-8782-4101-bf80-87dc440d4bf2" executionId="84929684-b659-4ca5-9463-8bd24a84e4b5" testListId="8c84fa94-04c1-424b-9868-57a2d4851a1d" />
    <TestEntry testId="cd676ab5-4fb2-438e-9908-c2a97e078c3a" executionId="88807e38-d778-4cae-ae63-7b0d9b754ad5" testListId="8c84fa94-04c1-424b-9868-57a2d4851a1d" />
    <TestEntry testId="9c3bf893-3af7-4d14-82e9-2e584140c905" executionId="3067312f-2412-4c74-b199-bb1c368b544b" testListId="8c84fa94-04c1-424b-9868-57a2d4851a1d" />
    <TestEntry testId="3495a2b3-4a5c-4cf8-babc-f733838a3856" executionId="1860c86b-c6b9-418b-be26-fbbf644cc2eb" testListId="8c84fa94-04c1-424b-9868-57a2d4851a1d" />
    <TestEntry testId="60b72a4e-df9d-41b6-9e3a-010d3e6e7567" executionId="a85ae640-4a31-4f8e-8b6f-bd03d9e3a4a0" testListId="8c84fa94-04c1-424b-9868-57a2d4851a1d" />
    <TestEntry testId="87f2e7a6-5152-4949-a87c-64ff71b20f44" executionId="840303ab-d886-44cf-9ab1-63a63412ec92" testListId="8c84fa94-04c1-424b-9868-57a2d4851a1d" />
    <TestEntry testId="3fcabf60-9578-43b6-93ca-8508da4d9cc8" executionId="e9b05cd6-4a13-480c-9bb3-0104484de0cb" testListId="8c84fa94-04c1-424b-9868-57a2d4851a1d" />
    <TestEntry testId="c63d2a8b-2dcd-44a3-94f1-4a542f6db0d4" executionId="06d64e57-31cf-4834-9ea5-f7f91d4b3c09" testListId="8c84fa94-04c1-424b-9868-57a2d4851a1d" />
    <TestEntry testId="730a5b78-01da-4f39-8353-7968a3ef2d81" executionId="1533ad07-7c0b-4e27-92ed-f7312209a782" testListId="8c84fa94-04c1-424b-9868-57a2d4851a1d" />
    <TestEntry testId="5ce6b16d-06af-46a1-b972-e6eaf400194a" executionId="7dfc435b-edb4-435b-b072-3d766f9caec0" testListId="8c84fa94-04c1-424b-9868-57a2d4851a1d" />
    <TestEntry testId="8daf914b-a353-4091-96e4-7dd0dc839e43" executionId="2b9d8c16-5f41-4e4c-b8c5-074406f52f58" testListId="8c84fa94-04c1-424b-9868-57a2d4851a1d" />
    <TestEntry testId="13378fac-65a9-466f-9e77-df0156b799b6" executionId="a1f7847f-0c8b-4260-ba55-3bc1a03c0511" testListId="8c84fa94-04c1-424b-9868-57a2d4851a1d" />
    <TestEntry testId="9b46217b-a1f6-482b-b69b-3c41678402b2" executionId="236dadb4-bfb2-4648-aa7d-8b5512770470" testListId="8c84fa94-04c1-424b-9868-57a2d4851a1d" />
    <TestEntry testId="46af9a9d-c043-49f9-b571-49f2ff39ad3a" executionId="870894c2-16f4-4c36-a9b3-15329a7d3dac" testListId="8c84fa94-04c1-424b-9868-57a2d4851a1d" />
    <TestEntry testId="538ab9a8-5f6e-4822-babe-00f18f3ff372" executionId="b1022b4a-032b-4d66-a131-cada4f7b1fb4" testListId="8c84fa94-04c1-424b-9868-57a2d4851a1d" />
    <TestEntry testId="b022cd07-3197-442d-8b3e-1dcd87b83c3c" executionId="4e879ec1-625b-4887-a062-287f247777eb" testListId="8c84fa94-04c1-424b-9868-57a2d4851a1d" />
    <TestEntry testId="4ecb5825-f8b7-4d71-ae25-0b9fe12a2701" executionId="f48833f1-b71b-46e5-9e3c-39125ca8a6f5" testListId="8c84fa94-04c1-424b-9868-57a2d4851a1d" />
    <TestEntry testId="e4107d59-5c82-45b2-b819-ba9e5a184f2a" executionId="b5f67f1a-4745-4138-8752-a372724e481d" testListId="8c84fa94-04c1-424b-9868-57a2d4851a1d" />
    <TestEntry testId="515939b0-e656-452f-8bc5-4f5bd942502e" executionId="3112b985-236c-488a-a138-6cb2a09cd347" testListId="8c84fa94-04c1-424b-9868-57a2d4851a1d" />
    <TestEntry testId="eedc8792-b351-4ff1-9fd6-34e20a9bcf66" executionId="3cac835d-5e58-4a5e-8694-8abfc13d0ef1" testListId="8c84fa94-04c1-424b-9868-57a2d4851a1d" />
    <TestEntry testId="ca05158c-8c3b-4f9e-86ca-633ab8037eb2" executionId="1c1bd340-bf96-4907-ad18-b49b18b7356d" testListId="8c84fa94-04c1-424b-9868-57a2d4851a1d" />
    <TestEntry testId="d705f288-b3d7-458e-8570-4d5dbd61c672" executionId="cec6417e-ddd0-415e-8038-52e90d0675f1" testListId="8c84fa94-04c1-424b-9868-57a2d4851a1d" />
    <TestEntry testId="255ffb17-ace9-4c66-bd3e-079da353da57" executionId="c6b0b4d3-0b68-4994-9aa0-1c9a1fa5bd59" testListId="8c84fa94-04c1-424b-9868-57a2d4851a1d" />
    <TestEntry testId="15b97409-6070-4df2-b82e-34b4631deb7f" executionId="627cdecf-5788-4b36-b99c-f98a2db046e8" testListId="8c84fa94-04c1-424b-9868-57a2d4851a1d" />
    <TestEntry testId="c91d3c76-e67f-49dd-8b5a-647a2e579170" executionId="cd22e628-2965-4478-afa7-c9f769e6ebc9" testListId="8c84fa94-04c1-424b-9868-57a2d4851a1d" />
    <TestEntry testId="bc71fcac-2b99-4fe6-9c8b-df90a97f23c0" executionId="cf0dd65e-1185-486a-84af-a61f818f122d" testListId="8c84fa94-04c1-424b-9868-57a2d4851a1d" />
    <TestEntry testId="254c4f80-b83d-4bac-be9f-879cf738c0c1" executionId="e004f17c-3109-465c-b851-8185f1cd8011" testListId="8c84fa94-04c1-424b-9868-57a2d4851a1d" />
    <TestEntry testId="3c677df4-c5d3-4312-b69d-a9c1aa0daba2" executionId="772995ee-c7ab-4d21-955f-9978b6139ae0" testListId="8c84fa94-04c1-424b-9868-57a2d4851a1d" />
    <TestEntry testId="3b1c5c12-5f1b-4c59-b014-2db9f93d3d11" executionId="b87aca24-7784-42f7-810b-dfa4e8b733e8" testListId="8c84fa94-04c1-424b-9868-57a2d4851a1d" />
    <TestEntry testId="52232b26-9717-4e56-adb7-42ab5f150244" executionId="73a20e09-9153-440f-adfa-73b88fa0d4e8" testListId="8c84fa94-04c1-424b-9868-57a2d4851a1d" />
    <TestEntry testId="c654c20b-64bf-4f5d-913d-cfb3792b1e89" executionId="d7f2eb76-8178-4695-9cc9-de363284f9b2" testListId="8c84fa94-04c1-424b-9868-57a2d4851a1d" />
  </TestEntries>
  <TestLists>
    <TestList name="Results Not in a List" id="8c84fa94-04c1-424b-9868-57a2d4851a1d" />
    <TestList name="All Loaded Results" id="19431567-8539-422a-85d7-44ee4e166bda" />
  </TestLists>
  <ResultSummary outcome="Completed">
    <Counters total="114" executed="113" passed="113" failed="0" error="0" timeout="0" aborted="0" inconclusive="0" passedButRunAborted="0" notRunnable="0" notExecuted="0" disconnected="0" warning="0" completed="0" inProgress="0" pending="0" />
    <Output>
      <StdOut>NUnit Adapter 3.8.0.0: Test execution startedRunning all tests in D:\Work\Home\CoreDocker\test\CoreDocker.Api.Tests\bin\Debug\netcoreapp1.1\CoreDocker.Api.Tests.dllNUnit3TestExecutor converted 19 of 19 NUnit test casesNUnit Adapter 3.8.0.0: Test execution completeNUnit Adapter 3.8.0.0: Test execution startedRunning all tests in D:\Work\Home\CoreDocker\test\CoreDocker.Core.Tests\bin\Debug\netcoreapp1.1\CoreDocker.Core.Tests.dllNUnit3TestExecutor converted 43 of 43 NUnit test casesTest 'FindAllIssues' was skipped in the test run.NUnit Adapter 3.8.0.0: Test execution completeNUnit Adapter 3.8.0.0: Test execution startedRunning all tests in D:\Work\Home\CoreDocker\test\CoreDocker.Dal.Tests\bin\Debug\netcoreapp1.1\CoreDocker.Dal.Tests.dllNUnit3TestExecutor converted 10 of 10 NUnit test casesNUnit Adapter 3.8.0.0: Test execution completeNUnit Adapter 3.8.0.0: Test execution startedRunning all tests in D:\Work\Home\CoreDocker\test\CoreDocker.Sdk.Tests\bin\Debug\netcoreapp1.1\CoreDocker.Sdk.Tests.dllNUnit3TestExecutor converted 7 of 7 NUnit test casesNUnit Adapter 3.8.0.0: Test execution completeNUnit Adapter 3.8.0.0: Test execution startedRunning all tests in D:\Work\Home\CoreDocker\test\CoreDocker.Utilities.Tests\bin\Debug\netcoreapp1.1\CoreDocker.Utilities.Tests.dllNUnit3TestExecutor converted 35 of 35 NUnit test casesNUnit Adapter 3.8.0.0: Test execution complete</StdOut>
    </Output>
  </ResultSummary>
</TestRun>